<?xml version="1.0" encoding="UTF-8"?>
<coverage generated="1771570021230" clover="3.2.0">
  <project timestamp="1771570021230" name="All files">
    <metrics statements="435" coveredstatements="416" conditionals="373" coveredconditionals="301" methods="42" coveredmethods="41" elements="850" coveredelements="758" complexity="0" loc="435" ncloc="435" packages="1" files="2" classes="2"/>
    <file name="generateProject.ts" path="/home/hychou/project/autocrud/autocrud-lib/wizard/src/lib/generator/generateProject.ts">
      <metrics statements="435" coveredstatements="416" conditionals="373" coveredconditionals="301" methods="42" coveredmethods="41"/>
      <line num="30" count="2" type="stmt"/>
      <line num="57" count="5" type="stmt"/>
      <line num="58" count="10" type="stmt"/>
      <line num="60" count="5" type="stmt"/>
      <line num="76" count="14" type="stmt"/>
      <line num="78" count="14" type="cond" truecount="4" falsecount="0"/>
      <line num="80" count="1" type="stmt"/>
      <line num="81" count="1" type="stmt"/>
      <line num="83" count="1" type="stmt"/>
      <line num="84" count="1" type="stmt"/>
      <line num="85" count="1" type="stmt"/>
      <line num="87" count="5" type="stmt"/>
      <line num="88" count="5" type="cond" truecount="1" falsecount="1"/>
      <line num="89" count="5" type="cond" truecount="1" falsecount="1"/>
      <line num="91" count="5" type="cond" truecount="2" falsecount="0"/>
      <line num="93" count="5" type="stmt"/>
      <line num="94" count="5" type="stmt"/>
      <line num="95" count="5" type="stmt"/>
      <line num="97" count="5" type="cond" truecount="2" falsecount="0"/>
      <line num="98" count="2" type="stmt"/>
      <line num="100" count="3" type="stmt"/>
      <line num="102" count="5" type="cond" truecount="2" falsecount="0"/>
      <line num="103" count="5" type="cond" truecount="2" falsecount="0"/>
      <line num="104" count="5" type="cond" truecount="2" falsecount="0"/>
      <line num="105" count="5" type="stmt"/>
      <line num="108" count="7" type="stmt"/>
      <line num="111" count="14" type="stmt"/>
      <line num="113" count="14" type="stmt"/>
      <line num="119" count="18" type="stmt"/>
      <line num="122" count="18" type="stmt"/>
      <line num="125" count="18" type="stmt"/>
      <line num="126" count="18" type="cond" truecount="1" falsecount="1"/>
      <line num="129" count="18" type="stmt"/>
      <line num="130" count="18" type="cond" truecount="2" falsecount="0"/>
      <line num="133" count="18" type="stmt"/>
      <line num="136" count="18" type="stmt"/>
      <line num="137" count="18" type="cond" truecount="1" falsecount="1"/>
      <line num="140" count="18" type="stmt"/>
      <line num="142" count="18" type="stmt"/>
      <line num="148" count="42" type="stmt"/>
      <line num="149" count="42" type="stmt"/>
      <line num="150" count="42" type="stmt"/>
      <line num="151" count="42" type="stmt"/>
      <line num="152" count="42" type="stmt"/>
      <line num="153" count="42" type="stmt"/>
      <line num="156" count="42" type="stmt"/>
      <line num="157" count="43" type="cond" truecount="2" falsecount="0"/>
      <line num="158" count="40" type="stmt"/>
      <line num="160" count="92" type="cond" truecount="2" falsecount="0"/>
      <line num="165" count="32" type="stmt"/>
      <line num="167" count="92" type="cond" truecount="4" falsecount="0"/>
      <line num="168" count="1" type="stmt"/>
      <line num="170" count="92" type="cond" truecount="2" falsecount="0"/>
      <line num="171" count="1" type="stmt"/>
      <line num="173" count="92" type="cond" truecount="2" falsecount="0"/>
      <line num="174" count="1" type="stmt"/>
      <line num="176" count="92" type="cond" truecount="2" falsecount="0"/>
      <line num="177" count="29" type="stmt"/>
      <line num="179" count="92" type="cond" truecount="4" falsecount="0"/>
      <line num="180" count="2" type="stmt"/>
      <line num="181" count="2" type="stmt"/>
      <line num="183" count="92" type="cond" truecount="4" falsecount="0"/>
      <line num="184" count="1" type="stmt"/>
      <line num="186" count="92" type="cond" truecount="2" falsecount="0"/>
      <line num="187" count="1" type="stmt"/>
      <line num="189" count="92" type="cond" truecount="2" falsecount="0"/>
      <line num="195" count="1" type="stmt"/>
      <line num="198" count="40" type="cond" truecount="2" falsecount="0"/>
      <line num="199" count="1" type="stmt"/>
      <line num="203" count="3" type="stmt"/>
      <line num="204" count="3" type="cond" truecount="1" falsecount="1"/>
      <line num="205" count="3" type="cond" truecount="4" falsecount="0"/>
      <line num="206" count="1" type="stmt"/>
      <line num="207" count="1" type="stmt"/>
      <line num="209" count="3" type="cond" truecount="1" falsecount="1"/>
      <line num="210" count="0" type="stmt"/>
      <line num="211" count="3" type="cond" truecount="2" falsecount="0"/>
      <line num="212" count="3" type="cond" truecount="2" falsecount="0"/>
      <line num="213" count="3" type="cond" truecount="2" falsecount="0"/>
      <line num="214" count="3" type="cond" truecount="1" falsecount="1"/>
      <line num="215" count="3" type="cond" truecount="1" falsecount="1"/>
      <line num="216" count="3" type="cond" truecount="3" falsecount="1"/>
      <line num="221" count="42" type="cond" truecount="2" falsecount="0"/>
      <line num="222" count="42" type="cond" truecount="2" falsecount="0"/>
      <line num="223" count="42" type="cond" truecount="2" falsecount="0"/>
      <line num="224" count="34" type="stmt"/>
      <line num="225" count="34" type="stmt"/>
      <line num="227" count="42" type="cond" truecount="2" falsecount="0"/>
      <line num="230" count="42" type="stmt"/>
      <line num="231" count="42" type="stmt"/>
      <line num="232" count="42" type="cond" truecount="2" falsecount="0"/>
      <line num="233" count="40" type="stmt"/>
      <line num="237" count="42" type="cond" truecount="2" falsecount="0"/>
      <line num="239" count="1" type="cond" truecount="1" falsecount="1"/>
      <line num="241" count="41" type="stmt"/>
      <line num="243" count="42" type="cond" truecount="2" falsecount="0"/>
      <line num="245" count="42" type="cond" truecount="2" falsecount="0"/>
      <line num="247" count="1" type="stmt"/>
      <line num="249" count="42" type="stmt"/>
      <line num="252" count="42" type="stmt"/>
      <line num="253" count="42" type="stmt"/>
      <line num="256" count="42" type="stmt"/>
      <line num="257" count="42" type="cond" truecount="2" falsecount="0"/>
      <line num="260" count="42" type="cond" truecount="2" falsecount="0"/>
      <line num="261" count="4" type="stmt"/>
      <line num="262" count="12" type="stmt"/>
      <line num="268" count="43" type="cond" truecount="2" falsecount="0"/>
      <line num="269" count="1" type="stmt"/>
      <line num="271" count="42" type="cond" truecount="2" falsecount="0"/>
      <line num="272" count="4" type="stmt"/>
      <line num="273" count="4" type="stmt"/>
      <line num="276" count="42" type="stmt"/>
      <line num="280" count="42" type="cond" truecount="4" falsecount="0"/>
      <line num="282" count="2" type="stmt"/>
      <line num="284" count="1" type="stmt"/>
      <line num="286" count="2" type="stmt"/>
      <line num="288" count="37" type="stmt"/>
      <line num="293" count="4" type="stmt"/>
      <line num="294" count="4" type="stmt"/>
      <line num="295" count="4" type="cond" truecount="1" falsecount="1"/>
      <line num="296" count="4" type="cond" truecount="1" falsecount="1"/>
      <line num="298" count="4" type="stmt"/>
      <line num="303" count="4" type="stmt"/>
      <line num="304" count="4" type="cond" truecount="1" falsecount="1"/>
      <line num="307" count="4" type="stmt"/>
      <line num="308" count="4" type="cond" truecount="1" falsecount="1"/>
      <line num="310" count="4" type="stmt"/>
      <line num="313" count="1" type="stmt"/>
      <line num="325" count="1" type="stmt"/>
      <line num="345" count="1" type="stmt"/>
      <line num="354" count="1" type="stmt"/>
      <line num="370" count="11" type="stmt"/>
      <line num="371" count="11" type="cond" truecount="6" falsecount="0"/>
      <line num="373" count="1" type="cond" truecount="1" falsecount="1"/>
      <line num="374" count="1" type="stmt"/>
      <line num="376" count="1" type="cond" truecount="1" falsecount="1"/>
      <line num="377" count="1" type="cond" truecount="1" falsecount="1"/>
      <line num="378" count="1" type="stmt"/>
      <line num="380" count="1" type="cond" truecount="1" falsecount="1"/>
      <line num="381" count="1" type="cond" truecount="1" falsecount="1"/>
      <line num="382" count="1" type="stmt"/>
      <line num="384" count="1" type="cond" truecount="1" falsecount="1"/>
      <line num="385" count="1" type="cond" truecount="1" falsecount="1"/>
      <line num="386" count="1" type="stmt"/>
      <line num="388" count="1" type="cond" truecount="1" falsecount="1"/>
      <line num="389" count="1" type="stmt"/>
      <line num="391" count="1" type="cond" truecount="1" falsecount="1"/>
      <line num="392" count="1" type="cond" truecount="1" falsecount="1"/>
      <line num="393" count="1" type="cond" truecount="1" falsecount="1"/>
      <line num="394" count="1" type="cond" truecount="1" falsecount="1"/>
      <line num="395" count="1" type="cond" truecount="1" falsecount="1"/>
      <line num="396" count="1" type="cond" truecount="1" falsecount="1"/>
      <line num="397" count="1" type="stmt"/>
      <line num="400" count="11" type="stmt"/>
      <line num="404" count="11" type="stmt"/>
      <line num="405" count="11" type="cond" truecount="5" falsecount="0"/>
      <line num="407" count="2" type="cond" truecount="1" falsecount="1"/>
      <line num="408" count="2" type="stmt"/>
      <line num="413" count="3" type="cond" truecount="1" falsecount="1"/>
      <line num="414" count="3" type="cond" truecount="2" falsecount="0"/>
      <line num="415" count="3" type="cond" truecount="1" falsecount="1"/>
      <line num="416" count="3" type="cond" truecount="1" falsecount="1"/>
      <line num="417" count="3" type="cond" truecount="1" falsecount="1"/>
      <line num="418" count="3" type="cond" truecount="1" falsecount="1"/>
      <line num="419" count="3" type="cond" truecount="2" falsecount="0"/>
      <line num="420" count="1" type="cond" truecount="1" falsecount="1"/>
      <line num="421" count="1" type="cond" truecount="1" falsecount="1"/>
      <line num="423" count="3" type="stmt"/>
      <line num="426" count="11" type="stmt"/>
      <line num="432" count="21" type="stmt"/>
      <line num="434" count="21" type="stmt"/>
      <line num="435" count="22" type="cond" truecount="2" falsecount="0"/>
      <line num="436" count="20" type="stmt"/>
      <line num="440" count="21" type="cond" truecount="2" falsecount="0"/>
      <line num="442" count="1" type="stmt"/>
      <line num="446" count="1" type="stmt"/>
      <line num="447" count="1" type="cond" truecount="1" falsecount="1"/>
      <line num="448" count="0" type="stmt"/>
      <line num="450" count="1" type="stmt"/>
      <line num="451" count="2" type="stmt"/>
      <line num="454" count="1" type="stmt"/>
      <line num="460" count="24" type="stmt"/>
      <line num="462" count="24" type="stmt"/>
      <line num="463" count="26" type="cond" truecount="4" falsecount="0"/>
      <line num="464" count="24" type="stmt"/>
      <line num="468" count="24" type="cond" truecount="2" falsecount="0"/>
      <line num="470" count="7" type="stmt"/>
      <line num="474" count="10" type="stmt"/>
      <line num="475" count="10" type="cond" truecount="2" falsecount="0"/>
      <line num="476" count="3" type="stmt"/>
      <line num="477" count="7" type="cond" truecount="2" falsecount="0"/>
      <line num="478" count="4" type="stmt"/>
      <line num="480" count="10" type="stmt"/>
      <line num="482" count="10" type="cond" truecount="1" falsecount="1"/>
      <line num="483" count="0" type="stmt"/>
      <line num="486" count="10" type="stmt"/>
      <line num="487" count="11" type="cond" truecount="2" falsecount="0"/>
      <line num="489" count="10" type="stmt"/>
      <line num="490" count="11" type="cond" truecount="2" falsecount="0"/>
      <line num="492" count="10" type="stmt"/>
      <line num="494" count="10" type="stmt"/>
      <line num="495" count="11" type="stmt"/>
      <line num="499" count="10" type="stmt"/>
      <line num="505" count="18" type="stmt"/>
      <line num="507" count="18" type="stmt"/>
      <line num="508" count="19" type="cond" truecount="2" falsecount="0"/>
      <line num="509" count="1" type="stmt"/>
      <line num="511" count="18" type="stmt"/>
      <line num="515" count="18" type="stmt"/>
      <line num="522" count="23" type="cond" truecount="2" falsecount="0"/>
      <line num="523" count="23" type="stmt"/>
      <line num="525" count="23" type="cond" truecount="2" falsecount="0"/>
      <line num="526" count="1" type="stmt"/>
      <line num="527" count="1" type="stmt"/>
      <line num="532" count="22" type="stmt"/>
      <line num="533" count="47" type="cond" truecount="2" falsecount="0"/>
      <line num="535" count="22" type="stmt"/>
      <line num="536" count="47" type="cond" truecount="2" falsecount="0"/>
      <line num="538" count="22" type="stmt"/>
      <line num="540" count="22" type="stmt"/>
      <line num="541" count="47" type="stmt"/>
      <line num="544" count="22" type="stmt"/>
      <line num="548" count="62" type="stmt"/>
      <line num="549" count="62" type="stmt"/>
      <line num="552" count="62" type="cond" truecount="4" falsecount="0"/>
      <line num="553" count="1" type="stmt"/>
      <line num="554" count="61" type="cond" truecount="2" falsecount="0"/>
      <line num="555" count="29" type="stmt"/>
      <line num="558" count="62" type="stmt"/>
      <line num="564" count="89" type="cond" truecount="10" falsecount="3"/>
      <line num="566" count="39" type="stmt"/>
      <line num="567" count="39" type="stmt"/>
      <line num="569" count="11" type="stmt"/>
      <line num="570" count="11" type="stmt"/>
      <line num="572" count="0" type="stmt"/>
      <line num="573" count="0" type="stmt"/>
      <line num="575" count="12" type="stmt"/>
      <line num="576" count="12" type="stmt"/>
      <line num="578" count="1" type="stmt"/>
      <line num="579" count="1" type="stmt"/>
      <line num="582" count="1" type="stmt"/>
      <line num="584" count="4" type="stmt"/>
      <line num="585" count="4" type="cond" truecount="1" falsecount="1"/>
      <line num="587" count="4" type="cond" truecount="2" falsecount="0"/>
      <line num="590" count="4" type="cond" truecount="2" falsecount="0"/>
      <line num="591" count="4" type="stmt"/>
      <line num="592" count="4" type="cond" truecount="2" falsecount="0"/>
      <line num="593" count="3" type="stmt"/>
      <line num="596" count="1" type="stmt"/>
      <line num="597" count="1" type="cond" truecount="1" falsecount="1"/>
      <line num="598" count="1" type="cond" truecount="1" falsecount="1"/>
      <line num="599" count="1" type="stmt"/>
      <line num="602" count="7" type="cond" truecount="4" falsecount="0"/>
      <line num="603" count="2" type="stmt"/>
      <line num="605" count="5" type="stmt"/>
      <line num="607" count="7" type="stmt"/>
      <line num="610" count="5" type="cond" truecount="2" falsecount="0"/>
      <line num="611" count="4" type="stmt"/>
      <line num="612" count="4" type="stmt"/>
      <line num="615" count="8" type="cond" truecount="4" falsecount="0"/>
      <line num="616" count="6" type="stmt"/>
      <line num="617" count="6" type="stmt"/>
      <line num="622" count="0" type="stmt"/>
      <line num="624" count="0" type="stmt"/>
      <line num="628" count="80" type="cond" truecount="4" falsecount="0"/>
      <line num="629" count="17" type="stmt"/>
      <line num="633" count="63" type="cond" truecount="2" falsecount="0"/>
      <line num="634" count="6" type="stmt"/>
      <line num="638" count="57" type="cond" truecount="2" falsecount="0"/>
      <line num="639" count="5" type="stmt"/>
      <line num="642" count="52" type="stmt"/>
      <line num="646" count="0" type="stmt"/>
      <line num="652" count="26" type="stmt"/>
      <line num="654" count="26" type="stmt"/>
      <line num="655" count="27" type="cond" truecount="2" falsecount="0"/>
      <line num="656" count="7" type="cond" truecount="2" falsecount="0"/>
      <line num="658" count="2" type="stmt"/>
      <line num="659" count="5" type="cond" truecount="2" falsecount="0"/>
      <line num="661" count="3" type="stmt"/>
      <line num="664" count="2" type="stmt"/>
      <line num="669" count="26" type="cond" truecount="2" falsecount="0"/>
      <line num="671" count="7" type="stmt"/>
      <line num="675" count="2" type="stmt"/>
      <line num="676" count="2" type="stmt"/>
      <line num="684" count="3" type="stmt"/>
      <line num="685" count="3" type="stmt"/>
      <line num="692" count="3" type="stmt"/>
      <line num="693" count="4" type="cond" truecount="3" falsecount="0"/>
      <line num="695" count="3" type="stmt"/>
      <line num="696" count="4" type="stmt"/>
      <line num="702" count="3" type="stmt"/>
      <line num="707" count="3" type="stmt"/>
      <line num="713" count="20" type="stmt"/>
      <line num="716" count="20" type="stmt"/>
      <line num="717" count="20" type="stmt"/>
      <line num="718" count="20" type="stmt"/>
      <line num="719" count="20" type="stmt"/>
      <line num="722" count="20" type="stmt"/>
      <line num="723" count="20" type="stmt"/>
      <line num="724" count="20" type="stmt"/>
      <line num="725" count="21" type="stmt"/>
      <line num="726" count="21" type="stmt"/>
      <line num="730" count="20" type="stmt"/>
      <line num="731" count="20" type="stmt"/>
      <line num="732" count="20" type="stmt"/>
      <line num="733" count="20" type="stmt"/>
      <line num="735" count="20" type="cond" truecount="2" falsecount="0"/>
      <line num="736" count="19" type="stmt"/>
      <line num="737" count="19" type="stmt"/>
      <line num="738" count="19" type="stmt"/>
      <line num="739" count="19" type="stmt"/>
      <line num="740" count="19" type="stmt"/>
      <line num="741" count="19" type="stmt"/>
      <line num="742" count="19" type="stmt"/>
      <line num="743" count="19" type="stmt"/>
      <line num="746" count="20" type="stmt"/>
      <line num="747" count="20" type="stmt"/>
      <line num="748" count="20" type="stmt"/>
      <line num="751" count="20" type="stmt"/>
      <line num="752" count="20" type="stmt"/>
      <line num="753" count="20" type="stmt"/>
      <line num="754" count="20" type="stmt"/>
      <line num="755" count="20" type="stmt"/>
      <line num="756" count="20" type="stmt"/>
      <line num="757" count="20" type="stmt"/>
      <line num="758" count="20" type="stmt"/>
      <line num="759" count="20" type="stmt"/>
      <line num="760" count="20" type="stmt"/>
      <line num="761" count="20" type="stmt"/>
      <line num="762" count="20" type="stmt"/>
      <line num="764" count="20" type="stmt"/>
      <line num="765" count="20" type="stmt"/>
      <line num="766" count="20" type="stmt"/>
      <line num="770" count="20" type="stmt"/>
      <line num="774" count="45" type="stmt"/>
      <line num="777" count="45" type="cond" truecount="4" falsecount="0"/>
      <line num="779" count="2" type="cond" truecount="1" falsecount="1"/>
      <line num="780" count="2" type="stmt"/>
      <line num="781" count="2" type="stmt"/>
      <line num="784" count="1" type="stmt"/>
      <line num="785" count="1" type="stmt"/>
      <line num="786" count="1" type="cond" truecount="1" falsecount="1"/>
      <line num="787" count="1" type="cond" truecount="1" falsecount="1"/>
      <line num="788" count="1" type="stmt"/>
      <line num="789" count="1" type="cond" truecount="1" falsecount="1"/>
      <line num="790" count="0" type="stmt"/>
      <line num="791" count="1" type="cond" truecount="1" falsecount="1"/>
      <line num="792" count="0" type="stmt"/>
      <line num="793" count="1" type="cond" truecount="1" falsecount="1"/>
      <line num="794" count="0" type="stmt"/>
      <line num="795" count="1" type="stmt"/>
      <line num="798" count="1" type="stmt"/>
      <line num="801" count="4" type="stmt"/>
      <line num="802" count="4" type="stmt"/>
      <line num="803" count="4" type="cond" truecount="1" falsecount="1"/>
      <line num="804" count="4" type="stmt"/>
      <line num="805" count="4" type="cond" truecount="2" falsecount="0"/>
      <line num="806" count="4" type="cond" truecount="2" falsecount="0"/>
      <line num="807" count="1" type="stmt"/>
      <line num="808" count="4" type="cond" truecount="2" falsecount="0"/>
      <line num="809" count="4" type="cond" truecount="2" falsecount="0"/>
      <line num="810" count="1" type="stmt"/>
      <line num="811" count="4" type="cond" truecount="2" falsecount="0"/>
      <line num="812" count="1" type="stmt"/>
      <line num="813" count="4" type="cond" truecount="2" falsecount="0"/>
      <line num="814" count="1" type="stmt"/>
      <line num="815" count="4" type="cond" truecount="2" falsecount="0"/>
      <line num="816" count="1" type="stmt"/>
      <line num="817" count="4" type="cond" truecount="2" falsecount="0"/>
      <line num="818" count="1" type="stmt"/>
      <line num="819" count="4" type="stmt"/>
      <line num="822" count="4" type="stmt"/>
      <line num="825" count="11" type="stmt"/>
      <line num="826" count="11" type="cond" truecount="1" falsecount="1"/>
      <line num="827" count="11" type="cond" truecount="1" falsecount="1"/>
      <line num="828" count="11" type="stmt"/>
      <line num="829" count="11" type="stmt"/>
      <line num="831" count="11" type="stmt"/>
      <line num="832" count="11" type="stmt"/>
      <line num="834" count="11" type="cond" truecount="2" falsecount="0"/>
      <line num="837" count="11" type="cond" truecount="2" falsecount="0"/>
      <line num="841" count="11" type="stmt"/>
      <line num="844" count="11" type="stmt"/>
      <line num="850" count="45" type="cond" truecount="2" falsecount="0"/>
      <line num="851" count="1" type="stmt"/>
      <line num="855" count="45" type="cond" truecount="2" falsecount="0"/>
      <line num="856" count="1" type="stmt"/>
      <line num="860" count="45" type="cond" truecount="2" falsecount="0"/>
      <line num="861" count="1" type="stmt"/>
      <line num="865" count="45" type="cond" truecount="2" falsecount="0"/>
      <line num="866" count="1" type="stmt"/>
      <line num="867" count="44" type="cond" truecount="2" falsecount="0"/>
      <line num="868" count="1" type="stmt"/>
      <line num="871" count="45" type="cond" truecount="2" falsecount="0"/>
      <line num="872" count="22" type="stmt"/>
      <line num="875" count="23" type="cond" truecount="4" falsecount="0"/>
      <line num="876" count="7" type="stmt"/>
      <line num="879" count="16" type="stmt"/>
      <line num="886" count="27" type="stmt"/>
      <line num="890" count="27" type="cond" truecount="2" falsecount="0"/>
      <line num="893" count="27" type="stmt"/>
      <line num="898" count="27" type="stmt"/>
      <line num="899" count="27" type="cond" truecount="2" falsecount="0"/>
      <line num="900" count="14" type="stmt"/>
      <line num="901" count="15" type="stmt"/>
      <line num="903" count="14" type="stmt"/>
      <line num="906" count="27" type="cond" truecount="2" falsecount="0"/>
      <line num="907" count="13" type="stmt"/>
      <line num="910" count="14" type="stmt"/>
      <line num="922" count="27" type="cond" truecount="2" falsecount="0"/>
      <line num="924" count="24" type="stmt"/>
      <line num="925" count="52" type="stmt"/>
      <line num="926" count="15" type="stmt"/>
      <line num="933" count="15" type="cond" truecount="2" falsecount="8"/>
      <line num="935" count="14" type="cond" truecount="1" falsecount="1"/>
      <line num="937" count="1" type="cond" truecount="1" falsecount="1"/>
      <line num="939" count="0" type="cond" truecount="0" falsecount="2"/>
      <line num="941" count="0" type="stmt"/>
      <line num="943" count="0" type="stmt"/>
      <line num="945" count="0" type="stmt"/>
      <line num="947" count="0" type="cond" truecount="0" falsecount="2"/>
      <line num="949" count="0" type="cond" truecount="0" falsecount="2"/>
      <line num="951" count="0" type="stmt"/>
      <line num="953" count="0" type="stmt"/>
      <line num="960" count="10" type="stmt"/>
      <line num="980" count="11" type="stmt"/>
      <line num="994" count="10" type="cond" truecount="5" falsecount="0"/>
      <line num="996" count="6" type="stmt"/>
      <line num="998" count="1" type="cond" truecount="1" falsecount="1"/>
      <line num="1000" count="1" type="stmt"/>
      <line num="1002" count="1" type="stmt"/>
      <line num="1004" count="1" type="cond" truecount="1" falsecount="1"/>
      <line num="1005" count="1" type="cond" truecount="1" falsecount="1"/>
      <line num="1006" count="1" type="stmt"/>
      <line num="1014" count="10" type="stmt"/>
    </file>
    <file name="index.ts" path="/home/hychou/project/autocrud/autocrud-lib/wizard/src/lib/generator/index.ts">
      <metrics statements="0" coveredstatements="0" conditionals="0" coveredconditionals="0" methods="0" coveredmethods="0"/>
    </file>
  </project>
</coverage>
