<?xml version="1.0" encoding="UTF-8"?>
<coverage generated="1771591371187" clover="3.2.0">
  <project timestamp="1771591371187" name="All files">
    <metrics statements="452" coveredstatements="437" conditionals="415" coveredconditionals="354" methods="43" coveredmethods="42" elements="910" coveredelements="833" complexity="0" loc="452" ncloc="452" packages="1" files="2" classes="2"/>
    <file name="generateProject.ts" path="/home/hychou/project/autocrud/autocrud-lib/wizard/src/lib/generator/generateProject.ts">
      <metrics statements="452" coveredstatements="437" conditionals="415" coveredconditionals="354" methods="43" coveredmethods="42"/>
      <line num="30" count="2" type="stmt"/>
      <line num="57" count="5" type="stmt"/>
      <line num="58" count="10" type="stmt"/>
      <line num="60" count="5" type="stmt"/>
      <line num="76" count="21" type="stmt"/>
      <line num="79" count="21" type="cond" truecount="3" falsecount="0"/>
      <line num="81" count="2" type="stmt"/>
      <line num="82" count="2" type="stmt"/>
      <line num="84" count="2" type="stmt"/>
      <line num="85" count="2" type="stmt"/>
      <line num="86" count="2" type="stmt"/>
      <line num="88" count="9" type="stmt"/>
      <line num="89" count="9" type="cond" truecount="1" falsecount="1"/>
      <line num="90" count="9" type="cond" truecount="1" falsecount="1"/>
      <line num="93" count="9" type="stmt"/>
      <line num="94" count="9" type="cond" truecount="2" falsecount="0"/>
      <line num="95" count="2" type="cond" truecount="1" falsecount="1"/>
      <line num="96" count="2" type="cond" truecount="1" falsecount="1"/>
      <line num="100" count="9" type="cond" truecount="2" falsecount="0"/>
      <line num="101" count="1" type="stmt"/>
      <line num="103" count="9" type="cond" truecount="2" falsecount="0"/>
      <line num="104" count="1" type="stmt"/>
      <line num="105" count="1" type="stmt"/>
      <line num="109" count="9" type="cond" truecount="2" falsecount="0"/>
      <line num="110" count="9" type="cond" truecount="2" falsecount="0"/>
      <line num="111" count="9" type="cond" truecount="2" falsecount="0"/>
      <line num="112" count="9" type="cond" truecount="2" falsecount="0"/>
      <line num="113" count="9" type="stmt"/>
      <line num="118" count="21" type="cond" truecount="2" falsecount="0"/>
      <line num="121" count="21" type="cond" truecount="2" falsecount="0"/>
      <line num="124" count="21" type="stmt"/>
      <line num="125" count="21" type="cond" truecount="2" falsecount="0"/>
      <line num="126" count="19" type="stmt"/>
      <line num="127" count="19" type="stmt"/>
      <line num="129" count="2" type="stmt"/>
      <line num="131" count="21" type="stmt"/>
      <line num="133" count="21" type="stmt"/>
      <line num="139" count="18" type="stmt"/>
      <line num="142" count="18" type="stmt"/>
      <line num="145" count="18" type="stmt"/>
      <line num="146" count="18" type="cond" truecount="1" falsecount="1"/>
      <line num="149" count="18" type="stmt"/>
      <line num="150" count="18" type="cond" truecount="2" falsecount="0"/>
      <line num="153" count="18" type="stmt"/>
      <line num="156" count="18" type="stmt"/>
      <line num="157" count="18" type="cond" truecount="1" falsecount="1"/>
      <line num="160" count="18" type="stmt"/>
      <line num="162" count="18" type="stmt"/>
      <line num="168" count="44" type="stmt"/>
      <line num="169" count="44" type="stmt"/>
      <line num="170" count="44" type="stmt"/>
      <line num="171" count="44" type="stmt"/>
      <line num="172" count="44" type="stmt"/>
      <line num="173" count="44" type="cond" truecount="2" falsecount="0"/>
      <line num="174" count="44" type="stmt"/>
      <line num="177" count="44" type="stmt"/>
      <line num="178" count="45" type="cond" truecount="2" falsecount="0"/>
      <line num="179" count="42" type="stmt"/>
      <line num="181" count="98" type="cond" truecount="2" falsecount="0"/>
      <line num="186" count="34" type="stmt"/>
      <line num="188" count="98" type="cond" truecount="4" falsecount="0"/>
      <line num="189" count="1" type="stmt"/>
      <line num="191" count="98" type="cond" truecount="2" falsecount="0"/>
      <line num="192" count="1" type="stmt"/>
      <line num="194" count="98" type="cond" truecount="2" falsecount="0"/>
      <line num="195" count="1" type="stmt"/>
      <line num="197" count="98" type="cond" truecount="2" falsecount="0"/>
      <line num="198" count="31" type="stmt"/>
      <line num="200" count="98" type="cond" truecount="4" falsecount="0"/>
      <line num="201" count="2" type="stmt"/>
      <line num="202" count="2" type="stmt"/>
      <line num="204" count="98" type="cond" truecount="4" falsecount="0"/>
      <line num="205" count="1" type="stmt"/>
      <line num="207" count="98" type="cond" truecount="2" falsecount="0"/>
      <line num="208" count="1" type="stmt"/>
      <line num="210" count="98" type="cond" truecount="2" falsecount="0"/>
      <line num="216" count="1" type="stmt"/>
      <line num="219" count="42" type="cond" truecount="2" falsecount="0"/>
      <line num="220" count="1" type="stmt"/>
      <line num="224" count="3" type="stmt"/>
      <line num="225" count="3" type="cond" truecount="1" falsecount="1"/>
      <line num="226" count="3" type="cond" truecount="4" falsecount="0"/>
      <line num="227" count="1" type="stmt"/>
      <line num="228" count="1" type="stmt"/>
      <line num="230" count="3" type="cond" truecount="1" falsecount="1"/>
      <line num="231" count="3" type="cond" truecount="2" falsecount="0"/>
      <line num="232" count="3" type="cond" truecount="2" falsecount="0"/>
      <line num="233" count="3" type="cond" truecount="2" falsecount="0"/>
      <line num="234" count="3" type="cond" truecount="1" falsecount="1"/>
      <line num="235" count="3" type="cond" truecount="1" falsecount="1"/>
      <line num="236" count="3" type="cond" truecount="3" falsecount="1"/>
      <line num="241" count="44" type="cond" truecount="2" falsecount="0"/>
      <line num="242" count="44" type="cond" truecount="2" falsecount="0"/>
      <line num="243" count="44" type="cond" truecount="2" falsecount="0"/>
      <line num="244" count="44" type="cond" truecount="2" falsecount="0"/>
      <line num="245" count="36" type="stmt"/>
      <line num="246" count="36" type="stmt"/>
      <line num="248" count="44" type="cond" truecount="2" falsecount="0"/>
      <line num="251" count="44" type="stmt"/>
      <line num="252" count="44" type="stmt"/>
      <line num="253" count="44" type="cond" truecount="2" falsecount="0"/>
      <line num="254" count="42" type="stmt"/>
      <line num="256" count="44" type="cond" truecount="2" falsecount="0"/>
      <line num="259" count="1" type="cond" truecount="1" falsecount="1"/>
      <line num="262" count="43" type="stmt"/>
      <line num="264" count="44" type="cond" truecount="2" falsecount="0"/>
      <line num="267" count="44" type="cond" truecount="2" falsecount="0"/>
      <line num="270" count="1" type="stmt"/>
      <line num="272" count="44" type="stmt"/>
      <line num="275" count="44" type="stmt"/>
      <line num="276" count="44" type="stmt"/>
      <line num="279" count="44" type="stmt"/>
      <line num="280" count="44" type="cond" truecount="2" falsecount="0"/>
      <line num="283" count="44" type="cond" truecount="2" falsecount="0"/>
      <line num="284" count="5" type="stmt"/>
      <line num="285" count="17" type="stmt"/>
      <line num="291" count="45" type="cond" truecount="2" falsecount="0"/>
      <line num="292" count="1" type="stmt"/>
      <line num="294" count="44" type="cond" truecount="2" falsecount="0"/>
      <line num="295" count="4" type="stmt"/>
      <line num="296" count="4" type="stmt"/>
      <line num="299" count="44" type="stmt"/>
      <line num="303" count="44" type="cond" truecount="4" falsecount="0"/>
      <line num="305" count="2" type="stmt"/>
      <line num="307" count="1" type="stmt"/>
      <line num="309" count="2" type="stmt"/>
      <line num="311" count="39" type="stmt"/>
      <line num="316" count="5" type="stmt"/>
      <line num="317" count="5" type="stmt"/>
      <line num="318" count="5" type="cond" truecount="1" falsecount="1"/>
      <line num="319" count="5" type="cond" truecount="1" falsecount="1"/>
      <line num="321" count="5" type="stmt"/>
      <line num="326" count="5" type="cond" truecount="2" falsecount="0"/>
      <line num="327" count="1" type="stmt"/>
      <line num="328" count="1" type="cond" truecount="1" falsecount="1"/>
      <line num="329" count="1" type="cond" truecount="1" falsecount="1"/>
      <line num="330" count="1" type="stmt"/>
      <line num="331" count="1" type="cond" truecount="1" falsecount="1"/>
      <line num="332" count="1" type="stmt"/>
      <line num="333" count="1" type="cond" truecount="1" falsecount="1"/>
      <line num="335" count="4" type="stmt"/>
      <line num="336" count="4" type="cond" truecount="1" falsecount="1"/>
      <line num="340" count="5" type="stmt"/>
      <line num="341" count="5" type="cond" truecount="1" falsecount="1"/>
      <line num="343" count="5" type="stmt"/>
      <line num="346" count="1" type="stmt"/>
      <line num="358" count="1" type="stmt"/>
      <line num="376" count="1" type="stmt"/>
      <line num="385" count="1" type="stmt"/>
      <line num="401" count="21" type="stmt"/>
      <line num="402" count="21" type="cond" truecount="6" falsecount="0"/>
      <line num="404" count="2" type="cond" truecount="1" falsecount="1"/>
      <line num="405" count="2" type="stmt"/>
      <line num="407" count="3" type="cond" truecount="2" falsecount="0"/>
      <line num="408" count="3" type="cond" truecount="2" falsecount="0"/>
      <line num="409" count="3" type="stmt"/>
      <line num="411" count="2" type="stmt"/>
      <line num="414" count="2" type="cond" truecount="2" falsecount="0"/>
      <line num="415" count="2" type="stmt"/>
      <line num="417" count="1" type="cond" truecount="1" falsecount="1"/>
      <line num="418" count="1" type="cond" truecount="1" falsecount="1"/>
      <line num="419" count="1" type="stmt"/>
      <line num="421" count="3" type="cond" truecount="2" falsecount="0"/>
      <line num="422" count="3" type="stmt"/>
      <line num="424" count="2" type="cond" truecount="1" falsecount="1"/>
      <line num="425" count="2" type="cond" truecount="1" falsecount="1"/>
      <line num="426" count="2" type="stmt"/>
      <line num="429" count="2" type="cond" truecount="2" falsecount="0"/>
      <line num="430" count="2" type="stmt"/>
      <line num="433" count="2" type="cond" truecount="2" falsecount="0"/>
      <line num="434" count="2" type="stmt"/>
      <line num="437" count="21" type="stmt"/>
      <line num="441" count="4" type="cond" truecount="2" falsecount="0"/>
      <line num="442" count="4" type="cond" truecount="2" falsecount="0"/>
      <line num="443" count="4" type="cond" truecount="2" falsecount="0"/>
      <line num="445" count="4" type="stmt"/>
      <line num="446" count="4" type="stmt"/>
      <line num="448" count="4" type="cond" truecount="2" falsecount="0"/>
      <line num="452" count="4" type="stmt"/>
      <line num="453" count="4" type="stmt"/>
      <line num="455" count="4" type="cond" truecount="1" falsecount="1"/>
      <line num="459" count="4" type="stmt"/>
      <line num="466" count="17" type="stmt"/>
      <line num="467" count="17" type="cond" truecount="5" falsecount="0"/>
      <line num="469" count="2" type="cond" truecount="1" falsecount="1"/>
      <line num="470" count="2" type="stmt"/>
      <line num="475" count="4" type="cond" truecount="2" falsecount="0"/>
      <line num="476" count="4" type="cond" truecount="2" falsecount="0"/>
      <line num="477" count="4" type="stmt"/>
      <line num="480" count="4" type="cond" truecount="2" falsecount="0"/>
      <line num="481" count="4" type="cond" truecount="2" falsecount="0"/>
      <line num="482" count="4" type="cond" truecount="2" falsecount="0"/>
      <line num="483" count="4" type="cond" truecount="2" falsecount="0"/>
      <line num="484" count="1" type="stmt"/>
      <line num="487" count="1" type="cond" truecount="1" falsecount="1"/>
      <line num="489" count="4" type="stmt"/>
      <line num="492" count="17" type="stmt"/>
      <line num="498" count="21" type="stmt"/>
      <line num="500" count="21" type="stmt"/>
      <line num="501" count="22" type="cond" truecount="2" falsecount="0"/>
      <line num="502" count="20" type="stmt"/>
      <line num="506" count="21" type="cond" truecount="2" falsecount="0"/>
      <line num="508" count="1" type="stmt"/>
      <line num="512" count="1" type="stmt"/>
      <line num="513" count="1" type="cond" truecount="1" falsecount="1"/>
      <line num="514" count="0" type="stmt"/>
      <line num="516" count="1" type="stmt"/>
      <line num="517" count="2" type="stmt"/>
      <line num="520" count="1" type="stmt"/>
      <line num="526" count="24" type="stmt"/>
      <line num="528" count="24" type="stmt"/>
      <line num="529" count="26" type="cond" truecount="4" falsecount="0"/>
      <line num="530" count="24" type="stmt"/>
      <line num="534" count="24" type="cond" truecount="2" falsecount="0"/>
      <line num="536" count="7" type="stmt"/>
      <line num="540" count="10" type="stmt"/>
      <line num="541" count="10" type="cond" truecount="2" falsecount="0"/>
      <line num="542" count="3" type="stmt"/>
      <line num="543" count="7" type="cond" truecount="2" falsecount="0"/>
      <line num="544" count="4" type="stmt"/>
      <line num="546" count="10" type="stmt"/>
      <line num="548" count="10" type="cond" truecount="1" falsecount="1"/>
      <line num="549" count="0" type="stmt"/>
      <line num="552" count="11" type="cond" truecount="2" falsecount="0"/>
      <line num="553" count="11" type="cond" truecount="2" falsecount="0"/>
      <line num="554" count="10" type="stmt"/>
      <line num="556" count="10" type="stmt"/>
      <line num="557" count="11" type="stmt"/>
      <line num="561" count="10" type="stmt"/>
      <line num="567" count="18" type="stmt"/>
      <line num="569" count="18" type="stmt"/>
      <line num="570" count="19" type="cond" truecount="2" falsecount="0"/>
      <line num="571" count="1" type="stmt"/>
      <line num="573" count="18" type="stmt"/>
      <line num="577" count="18" type="stmt"/>
      <line num="584" count="23" type="cond" truecount="2" falsecount="0"/>
      <line num="585" count="23" type="stmt"/>
      <line num="587" count="23" type="cond" truecount="2" falsecount="0"/>
      <line num="588" count="1" type="stmt"/>
      <line num="589" count="1" type="stmt"/>
      <line num="594" count="47" type="cond" truecount="2" falsecount="0"/>
      <line num="595" count="47" type="cond" truecount="2" falsecount="0"/>
      <line num="596" count="22" type="stmt"/>
      <line num="598" count="22" type="stmt"/>
      <line num="599" count="47" type="stmt"/>
      <line num="602" count="22" type="stmt"/>
      <line num="606" count="62" type="stmt"/>
      <line num="607" count="62" type="stmt"/>
      <line num="610" count="62" type="cond" truecount="4" falsecount="0"/>
      <line num="611" count="1" type="stmt"/>
      <line num="612" count="61" type="cond" truecount="2" falsecount="0"/>
      <line num="613" count="29" type="stmt"/>
      <line num="616" count="62" type="stmt"/>
      <line num="622" count="89" type="cond" truecount="10" falsecount="3"/>
      <line num="624" count="39" type="stmt"/>
      <line num="625" count="39" type="stmt"/>
      <line num="627" count="11" type="stmt"/>
      <line num="628" count="11" type="stmt"/>
      <line num="630" count="0" type="stmt"/>
      <line num="631" count="0" type="stmt"/>
      <line num="633" count="12" type="stmt"/>
      <line num="634" count="12" type="stmt"/>
      <line num="636" count="1" type="stmt"/>
      <line num="637" count="1" type="stmt"/>
      <line num="640" count="1" type="stmt"/>
      <line num="642" count="4" type="stmt"/>
      <line num="643" count="4" type="cond" truecount="1" falsecount="1"/>
      <line num="645" count="4" type="cond" truecount="2" falsecount="0"/>
      <line num="648" count="4" type="cond" truecount="2" falsecount="0"/>
      <line num="649" count="4" type="stmt"/>
      <line num="650" count="4" type="cond" truecount="2" falsecount="0"/>
      <line num="651" count="3" type="stmt"/>
      <line num="654" count="1" type="stmt"/>
      <line num="655" count="1" type="cond" truecount="1" falsecount="1"/>
      <line num="656" count="1" type="cond" truecount="1" falsecount="1"/>
      <line num="657" count="1" type="stmt"/>
      <line num="660" count="7" type="cond" truecount="4" falsecount="0"/>
      <line num="661" count="2" type="stmt"/>
      <line num="663" count="5" type="stmt"/>
      <line num="665" count="7" type="stmt"/>
      <line num="668" count="5" type="cond" truecount="2" falsecount="0"/>
      <line num="669" count="4" type="stmt"/>
      <line num="670" count="4" type="stmt"/>
      <line num="673" count="8" type="cond" truecount="4" falsecount="0"/>
      <line num="674" count="6" type="stmt"/>
      <line num="675" count="6" type="stmt"/>
      <line num="680" count="0" type="stmt"/>
      <line num="682" count="0" type="stmt"/>
      <line num="686" count="80" type="cond" truecount="4" falsecount="0"/>
      <line num="687" count="17" type="stmt"/>
      <line num="691" count="63" type="cond" truecount="2" falsecount="0"/>
      <line num="692" count="6" type="stmt"/>
      <line num="696" count="57" type="cond" truecount="2" falsecount="0"/>
      <line num="697" count="5" type="stmt"/>
      <line num="700" count="52" type="stmt"/>
      <line num="704" count="0" type="stmt"/>
      <line num="710" count="26" type="stmt"/>
      <line num="712" count="26" type="stmt"/>
      <line num="713" count="27" type="cond" truecount="2" falsecount="0"/>
      <line num="714" count="7" type="cond" truecount="2" falsecount="0"/>
      <line num="716" count="2" type="stmt"/>
      <line num="717" count="5" type="cond" truecount="2" falsecount="0"/>
      <line num="719" count="3" type="stmt"/>
      <line num="722" count="2" type="stmt"/>
      <line num="727" count="26" type="cond" truecount="2" falsecount="0"/>
      <line num="729" count="7" type="stmt"/>
      <line num="735" count="2" type="stmt"/>
      <line num="736" count="2" type="stmt"/>
      <line num="744" count="3" type="stmt"/>
      <line num="745" count="3" type="stmt"/>
      <line num="752" count="3" type="stmt"/>
      <line num="753" count="4" type="cond" truecount="3" falsecount="0"/>
      <line num="755" count="3" type="stmt"/>
      <line num="756" count="4" type="stmt"/>
      <line num="762" count="3" type="stmt"/>
      <line num="764" count="3" type="stmt"/>
      <line num="770" count="22" type="stmt"/>
      <line num="773" count="22" type="stmt"/>
      <line num="774" count="22" type="stmt"/>
      <line num="775" count="22" type="stmt"/>
      <line num="776" count="22" type="stmt"/>
      <line num="779" count="22" type="stmt"/>
      <line num="780" count="22" type="stmt"/>
      <line num="781" count="22" type="cond" truecount="1" falsecount="1"/>
      <line num="782" count="22" type="stmt"/>
      <line num="783" count="22" type="stmt"/>
      <line num="784" count="24" type="stmt"/>
      <line num="785" count="24" type="stmt"/>
      <line num="787" count="24" type="cond" truecount="2" falsecount="0"/>
      <line num="788" count="22" type="stmt"/>
      <line num="789" count="22" type="stmt"/>
      <line num="790" count="22" type="stmt"/>
      <line num="791" count="22" type="stmt"/>
      <line num="792" count="22" type="stmt"/>
      <line num="793" count="22" type="stmt"/>
      <line num="796" count="22" type="stmt"/>
      <line num="797" count="22" type="stmt"/>
      <line num="798" count="22" type="stmt"/>
      <line num="799" count="22" type="stmt"/>
      <line num="800" count="22" type="stmt"/>
      <line num="801" count="22" type="stmt"/>
      <line num="802" count="22" type="stmt"/>
      <line num="807" count="22" type="stmt"/>
      <line num="808" count="22" type="stmt"/>
      <line num="809" count="22" type="stmt"/>
      <line num="810" count="22" type="stmt"/>
      <line num="812" count="22" type="cond" truecount="2" falsecount="0"/>
      <line num="813" count="21" type="stmt"/>
      <line num="814" count="21" type="stmt"/>
      <line num="815" count="21" type="stmt"/>
      <line num="816" count="21" type="stmt"/>
      <line num="817" count="21" type="stmt"/>
      <line num="818" count="21" type="stmt"/>
      <line num="819" count="21" type="stmt"/>
      <line num="820" count="21" type="stmt"/>
      <line num="823" count="22" type="stmt"/>
      <line num="824" count="22" type="stmt"/>
      <line num="825" count="22" type="stmt"/>
      <line num="827" count="22" type="stmt"/>
      <line num="828" count="22" type="stmt"/>
      <line num="829" count="22" type="stmt"/>
      <line num="831" count="22" type="stmt"/>
      <line num="835" count="53" type="stmt"/>
      <line num="838" count="53" type="cond" truecount="4" falsecount="0"/>
      <line num="840" count="2" type="cond" truecount="1" falsecount="1"/>
      <line num="841" count="2" type="stmt"/>
      <line num="842" count="2" type="stmt"/>
      <line num="845" count="2" type="stmt"/>
      <line num="846" count="2" type="stmt"/>
      <line num="847" count="2" type="cond" truecount="2" falsecount="0"/>
      <line num="848" count="2" type="stmt"/>
      <line num="851" count="2" type="cond" truecount="2" falsecount="0"/>
      <line num="852" count="2" type="cond" truecount="2" falsecount="0"/>
      <line num="853" count="2" type="cond" truecount="2" falsecount="0"/>
      <line num="854" count="2" type="stmt"/>
      <line num="857" count="2" type="stmt"/>
      <line num="860" count="5" type="stmt"/>
      <line num="861" count="5" type="stmt"/>
      <line num="862" count="5" type="stmt"/>
      <line num="865" count="5" type="cond" truecount="2" falsecount="0"/>
      <line num="866" count="5" type="stmt"/>
      <line num="869" count="5" type="cond" truecount="2" falsecount="0"/>
      <line num="870" count="5" type="cond" truecount="2" falsecount="0"/>
      <line num="871" count="5" type="stmt"/>
      <line num="874" count="5" type="cond" truecount="2" falsecount="0"/>
      <line num="875" count="5" type="cond" truecount="2" falsecount="0"/>
      <line num="876" count="5" type="stmt"/>
      <line num="879" count="5" type="stmt"/>
      <line num="882" count="5" type="stmt"/>
      <line num="885" count="17" type="stmt"/>
      <line num="886" count="17" type="cond" truecount="1" falsecount="1"/>
      <line num="887" count="17" type="cond" truecount="1" falsecount="1"/>
      <line num="890" count="17" type="cond" truecount="2" falsecount="0"/>
      <line num="891" count="4" type="stmt"/>
      <line num="893" count="13" type="stmt"/>
      <line num="894" count="13" type="stmt"/>
      <line num="895" count="13" type="stmt"/>
      <line num="901" count="17" type="stmt"/>
      <line num="902" count="17" type="stmt"/>
      <line num="904" count="17" type="cond" truecount="2" falsecount="0"/>
      <line num="908" count="17" type="stmt"/>
      <line num="911" count="17" type="stmt"/>
      <line num="917" count="53" type="cond" truecount="2" falsecount="0"/>
      <line num="918" count="1" type="stmt"/>
      <line num="922" count="53" type="cond" truecount="2" falsecount="0"/>
      <line num="923" count="1" type="stmt"/>
      <line num="927" count="53" type="cond" truecount="2" falsecount="0"/>
      <line num="928" count="1" type="stmt"/>
      <line num="929" count="52" type="cond" truecount="2" falsecount="0"/>
      <line num="930" count="1" type="stmt"/>
      <line num="935" count="53" type="cond" truecount="2" falsecount="0"/>
      <line num="936" count="23" type="stmt"/>
      <line num="939" count="30" type="cond" truecount="4" falsecount="0"/>
      <line num="940" count="6" type="stmt"/>
      <line num="943" count="24" type="stmt"/>
      <line num="947" count="30" type="stmt"/>
      <line num="950" count="30" type="cond" truecount="2" falsecount="0"/>
      <line num="953" count="30" type="stmt"/>
      <line num="958" count="30" type="stmt"/>
      <line num="959" count="30" type="cond" truecount="2" falsecount="0"/>
      <line num="960" count="14" type="stmt"/>
      <line num="961" count="15" type="stmt"/>
      <line num="963" count="14" type="stmt"/>
      <line num="966" count="30" type="cond" truecount="2" falsecount="0"/>
      <line num="967" count="16" type="stmt"/>
      <line num="970" count="14" type="stmt"/>
      <line num="979" count="30" type="cond" truecount="2" falsecount="0"/>
      <line num="981" count="27" type="stmt"/>
      <line num="982" count="55" type="stmt"/>
      <line num="983" count="15" type="stmt"/>
      <line num="990" count="15" type="cond" truecount="2" falsecount="8"/>
      <line num="992" count="14" type="cond" truecount="1" falsecount="1"/>
      <line num="994" count="1" type="cond" truecount="1" falsecount="1"/>
      <line num="996" count="0" type="cond" truecount="0" falsecount="2"/>
      <line num="998" count="0" type="stmt"/>
      <line num="1000" count="0" type="stmt"/>
      <line num="1002" count="0" type="stmt"/>
      <line num="1004" count="0" type="cond" truecount="0" falsecount="2"/>
      <line num="1006" count="0" type="cond" truecount="0" falsecount="2"/>
      <line num="1008" count="0" type="stmt"/>
      <line num="1010" count="0" type="stmt"/>
      <line num="1017" count="10" type="stmt"/>
      <line num="1037" count="11" type="stmt"/>
      <line num="1051" count="10" type="cond" truecount="5" falsecount="0"/>
      <line num="1053" count="6" type="stmt"/>
      <line num="1055" count="1" type="cond" truecount="1" falsecount="1"/>
      <line num="1057" count="1" type="stmt"/>
      <line num="1059" count="1" type="stmt"/>
      <line num="1061" count="1" type="cond" truecount="1" falsecount="1"/>
      <line num="1062" count="1" type="cond" truecount="1" falsecount="1"/>
      <line num="1063" count="1" type="stmt"/>
      <line num="1071" count="32" type="stmt"/>
    </file>
    <file name="index.ts" path="/home/hychou/project/autocrud/autocrud-lib/wizard/src/lib/generator/index.ts">
      <metrics statements="0" coveredstatements="0" conditionals="0" coveredconditionals="0" methods="0" coveredmethods="0"/>
    </file>
  </project>
</coverage>
