{"/home/hychou/project/autocrud/autocrud-lib/wizard/src/lib/generator/generateProject.ts": {"path":"/home/hychou/project/autocrud/autocrud-lib/wizard/src/lib/generator/generateProject.ts","statementMap":{"0":{"start":{"line":31,"column":2},"end":{"line":52,"column":null}},"1":{"start":{"line":58,"column":15},"end":{"line":58,"column":null}},"2":{"start":{"line":59,"column":18},"end":{"line":59,"column":null}},"3":{"start":{"line":59,"column":34},"end":{"line":59,"column":47}},"4":{"start":{"line":61,"column":2},"end":{"line":67,"column":null}},"5":{"start":{"line":77,"column":17},"end":{"line":77,"column":null}},"6":{"start":{"line":80,"column":2},"end":{"line":116,"column":null}},"7":{"start":{"line":82,"column":6},"end":{"line":82,"column":null}},"8":{"start":{"line":83,"column":6},"end":{"line":83,"column":null}},"9":{"start":{"line":85,"column":6},"end":{"line":85,"column":null}},"10":{"start":{"line":86,"column":6},"end":{"line":86,"column":null}},"11":{"start":{"line":87,"column":6},"end":{"line":87,"column":null}},"12":{"start":{"line":89,"column":17},"end":{"line":89,"column":null}},"13":{"start":{"line":90,"column":19},"end":{"line":90,"column":null}},"14":{"start":{"line":91,"column":18},"end":{"line":91,"column":null}},"15":{"start":{"line":94,"column":33},"end":{"line":94,"column":null}},"16":{"start":{"line":95,"column":6},"end":{"line":98,"column":null}},"17":{"start":{"line":96,"column":8},"end":{"line":96,"column":null}},"18":{"start":{"line":97,"column":8},"end":{"line":97,"column":null}},"19":{"start":{"line":101,"column":6},"end":{"line":103,"column":null}},"20":{"start":{"line":102,"column":8},"end":{"line":102,"column":null}},"21":{"start":{"line":104,"column":6},"end":{"line":107,"column":null}},"22":{"start":{"line":105,"column":8},"end":{"line":105,"column":null}},"23":{"start":{"line":106,"column":8},"end":{"line":106,"column":null}},"24":{"start":{"line":110,"column":6},"end":{"line":110,"column":null}},"25":{"start":{"line":110,"column":42},"end":{"line":110,"column":null}},"26":{"start":{"line":111,"column":6},"end":{"line":111,"column":null}},"27":{"start":{"line":111,"column":38},"end":{"line":111,"column":null}},"28":{"start":{"line":112,"column":6},"end":{"line":112,"column":null}},"29":{"start":{"line":112,"column":41},"end":{"line":112,"column":null}},"30":{"start":{"line":113,"column":6},"end":{"line":113,"column":null}},"31":{"start":{"line":113,"column":43},"end":{"line":113,"column":null}},"32":{"start":{"line":114,"column":6},"end":{"line":114,"column":null}},"33":{"start":{"line":119,"column":2},"end":{"line":119,"column":null}},"34":{"start":{"line":119,"column":27},"end":{"line":119,"column":null}},"35":{"start":{"line":122,"column":2},"end":{"line":122,"column":null}},"36":{"start":{"line":122,"column":24},"end":{"line":122,"column":null}},"37":{"start":{"line":125,"column":2},"end":{"line":125,"column":null}},"38":{"start":{"line":125,"column":41},"end":{"line":125,"column":null}},"39":{"start":{"line":126,"column":2},"end":{"line":126,"column":null}},"40":{"start":{"line":126,"column":39},"end":{"line":126,"column":null}},"41":{"start":{"line":129,"column":25},"end":{"line":129,"column":null}},"42":{"start":{"line":130,"column":2},"end":{"line":135,"column":null}},"43":{"start":{"line":131,"column":19},"end":{"line":131,"column":null}},"44":{"start":{"line":132,"column":4},"end":{"line":132,"column":null}},"45":{"start":{"line":134,"column":4},"end":{"line":134,"column":null}},"46":{"start":{"line":136,"column":2},"end":{"line":136,"column":null}},"47":{"start":{"line":138,"column":2},"end":{"line":138,"column":null}},"48":{"start":{"line":144,"column":29},"end":{"line":144,"column":null}},"49":{"start":{"line":147,"column":2},"end":{"line":147,"column":null}},"50":{"start":{"line":150,"column":19},"end":{"line":150,"column":null}},"51":{"start":{"line":151,"column":2},"end":{"line":151,"column":null}},"52":{"start":{"line":151,"column":16},"end":{"line":151,"column":null}},"53":{"start":{"line":154,"column":24},"end":{"line":154,"column":null}},"54":{"start":{"line":155,"column":2},"end":{"line":155,"column":null}},"55":{"start":{"line":155,"column":21},"end":{"line":155,"column":null}},"56":{"start":{"line":158,"column":2},"end":{"line":158,"column":null}},"57":{"start":{"line":161,"column":21},"end":{"line":161,"column":null}},"58":{"start":{"line":162,"column":2},"end":{"line":162,"column":null}},"59":{"start":{"line":162,"column":18},"end":{"line":162,"column":null}},"60":{"start":{"line":165,"column":22},"end":{"line":165,"column":null}},"61":{"start":{"line":166,"column":2},"end":{"line":166,"column":null}},"62":{"start":{"line":166,"column":19},"end":{"line":166,"column":null}},"63":{"start":{"line":169,"column":2},"end":{"line":169,"column":null}},"64":{"start":{"line":171,"column":2},"end":{"line":171,"column":null}},"65":{"start":{"line":177,"column":26},"end":{"line":177,"column":null}},"66":{"start":{"line":178,"column":26},"end":{"line":178,"column":null}},"67":{"start":{"line":179,"column":31},"end":{"line":179,"column":null}},"68":{"start":{"line":180,"column":24},"end":{"line":180,"column":null}},"69":{"start":{"line":181,"column":21},"end":{"line":181,"column":null}},"70":{"start":{"line":182,"column":23},"end":{"line":182,"column":null}},"71":{"start":{"line":183,"column":17},"end":{"line":183,"column":null}},"72":{"start":{"line":186,"column":2},"end":{"line":253,"column":null}},"73":{"start":{"line":187,"column":4},"end":{"line":252,"column":null}},"74":{"start":{"line":188,"column":6},"end":{"line":227,"column":null}},"75":{"start":{"line":190,"column":8},"end":{"line":196,"column":null}},"76":{"start":{"line":195,"column":10},"end":{"line":195,"column":null}},"77":{"start":{"line":197,"column":8},"end":{"line":199,"column":null}},"78":{"start":{"line":198,"column":10},"end":{"line":198,"column":null}},"79":{"start":{"line":200,"column":8},"end":{"line":202,"column":null}},"80":{"start":{"line":201,"column":10},"end":{"line":201,"column":null}},"81":{"start":{"line":203,"column":8},"end":{"line":205,"column":null}},"82":{"start":{"line":204,"column":10},"end":{"line":204,"column":null}},"83":{"start":{"line":206,"column":8},"end":{"line":208,"column":null}},"84":{"start":{"line":207,"column":10},"end":{"line":207,"column":null}},"85":{"start":{"line":209,"column":8},"end":{"line":212,"column":null}},"86":{"start":{"line":210,"column":10},"end":{"line":210,"column":null}},"87":{"start":{"line":211,"column":10},"end":{"line":211,"column":null}},"88":{"start":{"line":213,"column":8},"end":{"line":215,"column":null}},"89":{"start":{"line":214,"column":10},"end":{"line":214,"column":null}},"90":{"start":{"line":216,"column":8},"end":{"line":218,"column":null}},"91":{"start":{"line":217,"column":10},"end":{"line":217,"column":null}},"92":{"start":{"line":219,"column":8},"end":{"line":226,"column":null}},"93":{"start":{"line":225,"column":10},"end":{"line":225,"column":null}},"94":{"start":{"line":228,"column":6},"end":{"line":230,"column":null}},"95":{"start":{"line":229,"column":8},"end":{"line":229,"column":null}},"96":{"start":{"line":232,"column":6},"end":{"line":235,"column":null}},"97":{"start":{"line":233,"column":8},"end":{"line":233,"column":null}},"98":{"start":{"line":234,"column":8},"end":{"line":234,"column":null}},"99":{"start":{"line":238,"column":19},"end":{"line":238,"column":null}},"100":{"start":{"line":239,"column":6},"end":{"line":239,"column":null}},"101":{"start":{"line":239,"column":40},"end":{"line":239,"column":null}},"102":{"start":{"line":240,"column":6},"end":{"line":243,"column":null}},"103":{"start":{"line":241,"column":8},"end":{"line":241,"column":null}},"104":{"start":{"line":242,"column":8},"end":{"line":242,"column":null}},"105":{"start":{"line":244,"column":6},"end":{"line":244,"column":null}},"106":{"start":{"line":244,"column":40},"end":{"line":244,"column":null}},"107":{"start":{"line":245,"column":6},"end":{"line":245,"column":null}},"108":{"start":{"line":245,"column":35},"end":{"line":245,"column":null}},"109":{"start":{"line":246,"column":6},"end":{"line":246,"column":null}},"110":{"start":{"line":246,"column":33},"end":{"line":246,"column":null}},"111":{"start":{"line":247,"column":6},"end":{"line":247,"column":null}},"112":{"start":{"line":247,"column":68},"end":{"line":247,"column":null}},"113":{"start":{"line":248,"column":6},"end":{"line":248,"column":null}},"114":{"start":{"line":248,"column":38},"end":{"line":248,"column":null}},"115":{"start":{"line":249,"column":6},"end":{"line":249,"column":null}},"116":{"start":{"line":249,"column":37},"end":{"line":249,"column":null}},"117":{"start":{"line":250,"column":6},"end":{"line":250,"column":null}},"118":{"start":{"line":250,"column":37},"end":{"line":250,"column":null}},"119":{"start":{"line":251,"column":6},"end":{"line":251,"column":null}},"120":{"start":{"line":251,"column":60},"end":{"line":251,"column":null}},"121":{"start":{"line":256,"column":2},"end":{"line":256,"column":null}},"122":{"start":{"line":256,"column":20},"end":{"line":256,"column":null}},"123":{"start":{"line":257,"column":2},"end":{"line":257,"column":null}},"124":{"start":{"line":257,"column":20},"end":{"line":257,"column":null}},"125":{"start":{"line":258,"column":2},"end":{"line":258,"column":null}},"126":{"start":{"line":258,"column":16},"end":{"line":258,"column":null}},"127":{"start":{"line":259,"column":2},"end":{"line":262,"column":null}},"128":{"start":{"line":260,"column":19},"end":{"line":260,"column":null}},"129":{"start":{"line":261,"column":4},"end":{"line":261,"column":null}},"130":{"start":{"line":263,"column":2},"end":{"line":263,"column":null}},"131":{"start":{"line":263,"column":24},"end":{"line":263,"column":null}},"132":{"start":{"line":266,"column":2},"end":{"line":266,"column":null}},"133":{"start":{"line":267,"column":2},"end":{"line":267,"column":null}},"134":{"start":{"line":268,"column":2},"end":{"line":270,"column":null}},"135":{"start":{"line":269,"column":4},"end":{"line":269,"column":null}},"136":{"start":{"line":271,"column":2},"end":{"line":282,"column":null}},"137":{"start":{"line":278,"column":13},"end":{"line":278,"column":null}},"138":{"start":{"line":281,"column":4},"end":{"line":281,"column":null}},"139":{"start":{"line":283,"column":2},"end":{"line":305,"column":null}},"140":{"start":{"line":286,"column":13},"end":{"line":286,"column":null}},"141":{"start":{"line":291,"column":6},"end":{"line":299,"column":null}},"142":{"start":{"line":294,"column":10},"end":{"line":298,"column":null}},"143":{"start":{"line":297,"column":14},"end":{"line":297,"column":null}},"144":{"start":{"line":300,"column":4},"end":{"line":304,"column":null}},"145":{"start":{"line":301,"column":6},"end":{"line":301,"column":null}},"146":{"start":{"line":303,"column":6},"end":{"line":303,"column":null}},"147":{"start":{"line":306,"column":2},"end":{"line":306,"column":null}},"148":{"start":{"line":309,"column":25},"end":{"line":309,"column":null}},"149":{"start":{"line":310,"column":2},"end":{"line":310,"column":null}},"150":{"start":{"line":313,"column":2},"end":{"line":315,"column":null}},"151":{"start":{"line":314,"column":4},"end":{"line":314,"column":null}},"152":{"start":{"line":318,"column":24},"end":{"line":318,"column":null}},"153":{"start":{"line":319,"column":2},"end":{"line":319,"column":null}},"154":{"start":{"line":319,"column":21},"end":{"line":319,"column":null}},"155":{"start":{"line":322,"column":2},"end":{"line":326,"column":null}},"156":{"start":{"line":323,"column":4},"end":{"line":325,"column":null}},"157":{"start":{"line":324,"column":6},"end":{"line":324,"column":null}},"158":{"start":{"line":329,"column":2},"end":{"line":334,"column":null}},"159":{"start":{"line":330,"column":24},"end":{"line":330,"column":null}},"160":{"start":{"line":331,"column":4},"end":{"line":333,"column":null}},"161":{"start":{"line":332,"column":6},"end":{"line":332,"column":null}},"162":{"start":{"line":337,"column":19},"end":{"line":337,"column":null}},"163":{"start":{"line":338,"column":2},"end":{"line":338,"column":null}},"164":{"start":{"line":338,"column":16},"end":{"line":338,"column":null}},"165":{"start":{"line":342,"column":2},"end":{"line":344,"column":null}},"166":{"start":{"line":342,"column":31},"end":{"line":342,"column":48}},"167":{"start":{"line":343,"column":4},"end":{"line":343,"column":null}},"168":{"start":{"line":345,"column":2},"end":{"line":348,"column":null}},"169":{"start":{"line":346,"column":19},"end":{"line":346,"column":null}},"170":{"start":{"line":347,"column":4},"end":{"line":347,"column":null}},"171":{"start":{"line":350,"column":2},"end":{"line":350,"column":null}},"172":{"start":{"line":354,"column":2},"end":{"line":363,"column":null}},"173":{"start":{"line":356,"column":6},"end":{"line":356,"column":null}},"174":{"start":{"line":358,"column":6},"end":{"line":358,"column":null}},"175":{"start":{"line":360,"column":6},"end":{"line":360,"column":null}},"176":{"start":{"line":362,"column":6},"end":{"line":362,"column":null}},"177":{"start":{"line":369,"column":2},"end":{"line":378,"column":null}},"178":{"start":{"line":371,"column":6},"end":{"line":371,"column":null}},"179":{"start":{"line":373,"column":6},"end":{"line":373,"column":null}},"180":{"start":{"line":375,"column":6},"end":{"line":375,"column":null}},"181":{"start":{"line":377,"column":6},"end":{"line":377,"column":null}},"182":{"start":{"line":382,"column":14},"end":{"line":382,"column":null}},"183":{"start":{"line":383,"column":2},"end":{"line":429,"column":null}},"184":{"start":{"line":385,"column":29},"end":{"line":385,"column":null}},"185":{"start":{"line":386,"column":6},"end":{"line":388,"column":null}},"186":{"start":{"line":387,"column":8},"end":{"line":387,"column":null}},"187":{"start":{"line":389,"column":6},"end":{"line":391,"column":null}},"188":{"start":{"line":394,"column":29},"end":{"line":394,"column":null}},"189":{"start":{"line":395,"column":6},"end":{"line":397,"column":null}},"190":{"start":{"line":398,"column":6},"end":{"line":398,"column":null}},"191":{"start":{"line":398,"column":27},"end":{"line":398,"column":null}},"192":{"start":{"line":399,"column":6},"end":{"line":401,"column":null}},"193":{"start":{"line":400,"column":8},"end":{"line":400,"column":null}},"194":{"start":{"line":402,"column":6},"end":{"line":407,"column":null}},"195":{"start":{"line":406,"column":8},"end":{"line":406,"column":null}},"196":{"start":{"line":408,"column":6},"end":{"line":408,"column":null}},"197":{"start":{"line":411,"column":29},"end":{"line":411,"column":null}},"198":{"start":{"line":412,"column":6},"end":{"line":414,"column":null}},"199":{"start":{"line":415,"column":6},"end":{"line":415,"column":null}},"200":{"start":{"line":415,"column":27},"end":{"line":415,"column":null}},"201":{"start":{"line":416,"column":6},"end":{"line":418,"column":null}},"202":{"start":{"line":417,"column":8},"end":{"line":417,"column":null}},"203":{"start":{"line":419,"column":6},"end":{"line":424,"column":null}},"204":{"start":{"line":423,"column":8},"end":{"line":423,"column":null}},"205":{"start":{"line":425,"column":6},"end":{"line":425,"column":null}},"206":{"start":{"line":428,"column":6},"end":{"line":428,"column":null}},"207":{"start":{"line":433,"column":28},"end":{"line":433,"column":null}},"208":{"start":{"line":434,"column":13},"end":{"line":434,"column":null}},"209":{"start":{"line":435,"column":15},"end":{"line":435,"column":null}},"210":{"start":{"line":436,"column":14},"end":{"line":436,"column":null}},"211":{"start":{"line":438,"column":2},"end":{"line":438,"column":null}},"212":{"start":{"line":439,"column":2},"end":{"line":441,"column":null}},"213":{"start":{"line":442,"column":2},"end":{"line":442,"column":null}},"214":{"start":{"line":445,"column":2},"end":{"line":456,"column":null}},"215":{"start":{"line":446,"column":4},"end":{"line":446,"column":null}},"216":{"start":{"line":447,"column":17},"end":{"line":447,"column":null}},"217":{"start":{"line":448,"column":17},"end":{"line":448,"column":null}},"218":{"start":{"line":449,"column":23},"end":{"line":449,"column":null}},"219":{"start":{"line":450,"column":4},"end":{"line":450,"column":null}},"220":{"start":{"line":450,"column":20},"end":{"line":450,"column":null}},"221":{"start":{"line":451,"column":23},"end":{"line":451,"column":null}},"222":{"start":{"line":452,"column":4},"end":{"line":452,"column":null}},"223":{"start":{"line":452,"column":20},"end":{"line":452,"column":null}},"224":{"start":{"line":454,"column":23},"end":{"line":454,"column":null}},"225":{"start":{"line":455,"column":4},"end":{"line":455,"column":null}},"226":{"start":{"line":455,"column":20},"end":{"line":455,"column":null}},"227":{"start":{"line":459,"column":20},"end":{"line":459,"column":null}},"228":{"start":{"line":460,"column":2},"end":{"line":460,"column":null}},"229":{"start":{"line":460,"column":17},"end":{"line":460,"column":null}},"230":{"start":{"line":463,"column":2},"end":{"line":478,"column":null}},"231":{"start":{"line":464,"column":4},"end":{"line":466,"column":null}},"232":{"start":{"line":467,"column":4},"end":{"line":467,"column":null}},"233":{"start":{"line":468,"column":2},"end":{"line":478,"column":null}},"234":{"start":{"line":469,"column":4},"end":{"line":471,"column":null}},"235":{"start":{"line":472,"column":4},"end":{"line":472,"column":null}},"236":{"start":{"line":473,"column":2},"end":{"line":478,"column":null}},"237":{"start":{"line":474,"column":4},"end":{"line":476,"column":null}},"238":{"start":{"line":477,"column":4},"end":{"line":477,"column":null}},"239":{"start":{"line":480,"column":2},"end":{"line":480,"column":null}},"240":{"start":{"line":487,"column":2},"end":{"line":498,"column":null}},"241":{"start":{"line":489,"column":6},"end":{"line":489,"column":null}},"242":{"start":{"line":491,"column":6},"end":{"line":491,"column":null}},"243":{"start":{"line":493,"column":6},"end":{"line":493,"column":null}},"244":{"start":{"line":495,"column":6},"end":{"line":495,"column":null}},"245":{"start":{"line":497,"column":6},"end":{"line":497,"column":null}},"246":{"start":{"line":503,"column":22},"end":{"line":503,"column":null}},"247":{"start":{"line":504,"column":2},"end":{"line":504,"column":null}},"248":{"start":{"line":504,"column":39},"end":{"line":504,"column":null}},"249":{"start":{"line":505,"column":28},"end":{"line":505,"column":null}},"250":{"start":{"line":506,"column":2},"end":{"line":523,"column":null}},"251":{"start":{"line":508,"column":6},"end":{"line":510,"column":null}},"252":{"start":{"line":511,"column":6},"end":{"line":511,"column":null}},"253":{"start":{"line":513,"column":6},"end":{"line":515,"column":null}},"254":{"start":{"line":516,"column":6},"end":{"line":516,"column":null}},"255":{"start":{"line":518,"column":6},"end":{"line":520,"column":null}},"256":{"start":{"line":521,"column":6},"end":{"line":521,"column":null}},"257":{"start":{"line":524,"column":2},"end":{"line":524,"column":null}},"258":{"start":{"line":529,"column":2},"end":{"line":529,"column":null}},"259":{"start":{"line":529,"column":34},"end":{"line":529,"column":null}},"260":{"start":{"line":530,"column":22},"end":{"line":530,"column":null}},"261":{"start":{"line":531,"column":2},"end":{"line":531,"column":null}},"262":{"start":{"line":531,"column":39},"end":{"line":531,"column":null}},"263":{"start":{"line":532,"column":13},"end":{"line":532,"column":null}},"264":{"start":{"line":533,"column":2},"end":{"line":554,"column":null}},"265":{"start":{"line":535,"column":29},"end":{"line":535,"column":null}},"266":{"start":{"line":536,"column":6},"end":{"line":536,"column":null}},"267":{"start":{"line":537,"column":6},"end":{"line":539,"column":null}},"268":{"start":{"line":540,"column":6},"end":{"line":540,"column":null}},"269":{"start":{"line":541,"column":6},"end":{"line":543,"column":null}},"270":{"start":{"line":544,"column":6},"end":{"line":544,"column":null}},"271":{"start":{"line":545,"column":6},"end":{"line":545,"column":null}},"272":{"start":{"line":546,"column":6},"end":{"line":546,"column":null}},"273":{"start":{"line":549,"column":6},"end":{"line":549,"column":null}},"274":{"start":{"line":551,"column":6},"end":{"line":551,"column":null}},"275":{"start":{"line":553,"column":6},"end":{"line":553,"column":null}},"276":{"start":{"line":557,"column":60},"end":{"line":567,"column":null}},"277":{"start":{"line":569,"column":61},"end":{"line":587,"column":null}},"278":{"start":{"line":589,"column":68},"end":{"line":596,"column":null}},"279":{"start":{"line":598,"column":69},"end":{"line":609,"column":null}},"280":{"start":{"line":622,"column":25},"end":{"line":622,"column":null}},"281":{"start":{"line":623,"column":2},"end":{"line":671,"column":null}},"282":{"start":{"line":625,"column":22},"end":{"line":625,"column":null}},"283":{"start":{"line":626,"column":6},"end":{"line":626,"column":null}},"284":{"start":{"line":627,"column":6},"end":{"line":627,"column":null}},"285":{"start":{"line":630,"column":23},"end":{"line":630,"column":null}},"286":{"start":{"line":631,"column":21},"end":{"line":631,"column":null}},"287":{"start":{"line":632,"column":6},"end":{"line":632,"column":null}},"288":{"start":{"line":633,"column":6},"end":{"line":633,"column":null}},"289":{"start":{"line":634,"column":6},"end":{"line":634,"column":null}},"290":{"start":{"line":637,"column":18},"end":{"line":637,"column":null}},"291":{"start":{"line":638,"column":20},"end":{"line":638,"column":null}},"292":{"start":{"line":639,"column":6},"end":{"line":639,"column":null}},"293":{"start":{"line":640,"column":6},"end":{"line":640,"column":null}},"294":{"start":{"line":641,"column":6},"end":{"line":641,"column":null}},"295":{"start":{"line":644,"column":18},"end":{"line":644,"column":null}},"296":{"start":{"line":645,"column":20},"end":{"line":645,"column":null}},"297":{"start":{"line":646,"column":6},"end":{"line":646,"column":null}},"298":{"start":{"line":647,"column":6},"end":{"line":647,"column":null}},"299":{"start":{"line":648,"column":6},"end":{"line":648,"column":null}},"300":{"start":{"line":651,"column":23},"end":{"line":651,"column":null}},"301":{"start":{"line":652,"column":6},"end":{"line":652,"column":null}},"302":{"start":{"line":653,"column":6},"end":{"line":653,"column":null}},"303":{"start":{"line":656,"column":21},"end":{"line":656,"column":null}},"304":{"start":{"line":657,"column":18},"end":{"line":657,"column":null}},"305":{"start":{"line":658,"column":6},"end":{"line":658,"column":null}},"306":{"start":{"line":659,"column":6},"end":{"line":659,"column":null}},"307":{"start":{"line":660,"column":6},"end":{"line":662,"column":null}},"308":{"start":{"line":663,"column":6},"end":{"line":663,"column":null}},"309":{"start":{"line":664,"column":6},"end":{"line":666,"column":null}},"310":{"start":{"line":667,"column":6},"end":{"line":667,"column":null}},"311":{"start":{"line":668,"column":6},"end":{"line":668,"column":null}},"312":{"start":{"line":672,"column":2},"end":{"line":672,"column":null}},"313":{"start":{"line":683,"column":25},"end":{"line":683,"column":null}},"314":{"start":{"line":684,"column":2},"end":{"line":715,"column":null}},"315":{"start":{"line":686,"column":22},"end":{"line":686,"column":null}},"316":{"start":{"line":687,"column":6},"end":{"line":687,"column":null}},"317":{"start":{"line":688,"column":6},"end":{"line":688,"column":null}},"318":{"start":{"line":694,"column":21},"end":{"line":694,"column":null}},"319":{"start":{"line":695,"column":21},"end":{"line":695,"column":null}},"320":{"start":{"line":696,"column":6},"end":{"line":696,"column":null}},"321":{"start":{"line":697,"column":6},"end":{"line":697,"column":null}},"322":{"start":{"line":698,"column":6},"end":{"line":700,"column":null}},"323":{"start":{"line":701,"column":6},"end":{"line":701,"column":null}},"324":{"start":{"line":702,"column":6},"end":{"line":702,"column":null}},"325":{"start":{"line":703,"column":6},"end":{"line":703,"column":null}},"326":{"start":{"line":704,"column":6},"end":{"line":711,"column":null}},"327":{"start":{"line":705,"column":8},"end":{"line":707,"column":null}},"328":{"start":{"line":708,"column":8},"end":{"line":710,"column":null}},"329":{"start":{"line":712,"column":6},"end":{"line":712,"column":null}},"330":{"start":{"line":716,"column":2},"end":{"line":716,"column":null}},"331":{"start":{"line":726,"column":15},"end":{"line":726,"column":null}},"332":{"start":{"line":727,"column":15},"end":{"line":727,"column":null}},"333":{"start":{"line":728,"column":23},"end":{"line":728,"column":null}},"334":{"start":{"line":730,"column":20},"end":{"line":730,"column":null}},"335":{"start":{"line":731,"column":19},"end":{"line":731,"column":null}},"336":{"start":{"line":732,"column":2},"end":{"line":732,"column":null}},"337":{"start":{"line":732,"column":21},"end":{"line":732,"column":null}},"338":{"start":{"line":734,"column":4},"end":{"line":736,"column":null}},"339":{"start":{"line":738,"column":20},"end":{"line":738,"column":null}},"340":{"start":{"line":739,"column":19},"end":{"line":739,"column":null}},"341":{"start":{"line":740,"column":2},"end":{"line":740,"column":null}},"342":{"start":{"line":740,"column":21},"end":{"line":740,"column":null}},"343":{"start":{"line":742,"column":4},"end":{"line":744,"column":null}},"344":{"start":{"line":746,"column":2},"end":{"line":746,"column":null}},"345":{"start":{"line":752,"column":34},"end":{"line":752,"column":null}},"346":{"start":{"line":754,"column":2},"end":{"line":758,"column":null}},"347":{"start":{"line":755,"column":4},"end":{"line":757,"column":null}},"348":{"start":{"line":756,"column":6},"end":{"line":756,"column":null}},"349":{"start":{"line":760,"column":2},"end":{"line":760,"column":null}},"350":{"start":{"line":760,"column":26},"end":{"line":760,"column":null}},"351":{"start":{"line":762,"column":2},"end":{"line":762,"column":null}},"352":{"start":{"line":766,"column":16},"end":{"line":766,"column":null}},"353":{"start":{"line":767,"column":2},"end":{"line":773,"column":null}},"354":{"start":{"line":768,"column":4},"end":{"line":768,"column":null}},"355":{"start":{"line":770,"column":4},"end":{"line":772,"column":null}},"356":{"start":{"line":771,"column":6},"end":{"line":771,"column":null}},"357":{"start":{"line":774,"column":2},"end":{"line":774,"column":null}},"358":{"start":{"line":780,"column":44},"end":{"line":780,"column":null}},"359":{"start":{"line":782,"column":2},"end":{"line":786,"column":null}},"360":{"start":{"line":783,"column":4},"end":{"line":785,"column":null}},"361":{"start":{"line":784,"column":6},"end":{"line":784,"column":null}},"362":{"start":{"line":788,"column":2},"end":{"line":788,"column":null}},"363":{"start":{"line":788,"column":31},"end":{"line":788,"column":null}},"364":{"start":{"line":790,"column":2},"end":{"line":790,"column":null}},"365":{"start":{"line":794,"column":18},"end":{"line":794,"column":null}},"366":{"start":{"line":795,"column":2},"end":{"line":799,"column":null}},"367":{"start":{"line":796,"column":4},"end":{"line":796,"column":null}},"368":{"start":{"line":797,"column":2},"end":{"line":799,"column":null}},"369":{"start":{"line":798,"column":4},"end":{"line":798,"column":null}},"370":{"start":{"line":800,"column":26},"end":{"line":800,"column":null}},"371":{"start":{"line":802,"column":2},"end":{"line":813,"column":null}},"372":{"start":{"line":803,"column":4},"end":{"line":803,"column":null}},"373":{"start":{"line":806,"column":27},"end":{"line":806,"column":null}},"374":{"start":{"line":806,"column":51},"end":{"line":806,"column":76}},"375":{"start":{"line":807,"column":28},"end":{"line":807,"column":null}},"376":{"start":{"line":807,"column":52},"end":{"line":807,"column":77}},"377":{"start":{"line":808,"column":26},"end":{"line":808,"column":null}},"378":{"start":{"line":810,"column":4},"end":{"line":812,"column":null}},"379":{"start":{"line":811,"column":6},"end":{"line":811,"column":null}},"380":{"start":{"line":815,"column":2},"end":{"line":815,"column":null}},"381":{"start":{"line":821,"column":26},"end":{"line":821,"column":null}},"382":{"start":{"line":823,"column":2},"end":{"line":832,"column":null}},"383":{"start":{"line":824,"column":4},"end":{"line":831,"column":null}},"384":{"start":{"line":825,"column":6},"end":{"line":825,"column":null}},"385":{"start":{"line":826,"column":4},"end":{"line":831,"column":null}},"386":{"start":{"line":828,"column":6},"end":{"line":828,"column":null}},"387":{"start":{"line":830,"column":6},"end":{"line":830,"column":null}},"388":{"start":{"line":834,"column":2},"end":{"line":834,"column":null}},"389":{"start":{"line":845,"column":22},"end":{"line":845,"column":null}},"390":{"start":{"line":846,"column":40},"end":{"line":846,"column":null}},"391":{"start":{"line":848,"column":22},"end":{"line":848,"column":null}},"392":{"start":{"line":851,"column":18},"end":{"line":851,"column":null}},"393":{"start":{"line":853,"column":2},"end":{"line":853,"column":null}},"394":{"start":{"line":860,"column":20},"end":{"line":860,"column":null}},"395":{"start":{"line":861,"column":26},"end":{"line":861,"column":null}},"396":{"start":{"line":863,"column":2},"end":{"line":866,"column":null}},"397":{"start":{"line":864,"column":4},"end":{"line":864,"column":null}},"398":{"start":{"line":865,"column":4},"end":{"line":865,"column":null}},"399":{"start":{"line":869,"column":2},"end":{"line":879,"column":null}},"400":{"start":{"line":870,"column":32},"end":{"line":872,"column":null}},"401":{"start":{"line":871,"column":13},"end":{"line":871,"column":null}},"402":{"start":{"line":873,"column":4},"end":{"line":878,"column":null}},"403":{"start":{"line":874,"column":6},"end":{"line":877,"column":null}},"404":{"start":{"line":883,"column":25},"end":{"line":883,"column":null}},"405":{"start":{"line":883,"column":52},"end":{"line":883,"column":77}},"406":{"start":{"line":884,"column":26},"end":{"line":884,"column":null}},"407":{"start":{"line":884,"column":53},"end":{"line":884,"column":78}},"408":{"start":{"line":885,"column":24},"end":{"line":885,"column":null}},"409":{"start":{"line":887,"column":2},"end":{"line":889,"column":null}},"410":{"start":{"line":888,"column":4},"end":{"line":888,"column":null}},"411":{"start":{"line":891,"column":2},"end":{"line":891,"column":null}},"412":{"start":{"line":895,"column":18},"end":{"line":895,"column":null}},"413":{"start":{"line":896,"column":13},"end":{"line":896,"column":null}},"414":{"start":{"line":899,"column":2},"end":{"line":903,"column":null}},"415":{"start":{"line":900,"column":4},"end":{"line":900,"column":null}},"416":{"start":{"line":901,"column":2},"end":{"line":903,"column":null}},"417":{"start":{"line":902,"column":4},"end":{"line":902,"column":null}},"418":{"start":{"line":905,"column":2},"end":{"line":905,"column":null}},"419":{"start":{"line":911,"column":2},"end":{"line":972,"column":null}},"420":{"start":{"line":913,"column":6},"end":{"line":913,"column":null}},"421":{"start":{"line":914,"column":6},"end":{"line":914,"column":null}},"422":{"start":{"line":916,"column":6},"end":{"line":916,"column":null}},"423":{"start":{"line":917,"column":6},"end":{"line":917,"column":null}},"424":{"start":{"line":919,"column":6},"end":{"line":919,"column":null}},"425":{"start":{"line":920,"column":6},"end":{"line":920,"column":null}},"426":{"start":{"line":922,"column":6},"end":{"line":922,"column":null}},"427":{"start":{"line":923,"column":6},"end":{"line":923,"column":null}},"428":{"start":{"line":925,"column":6},"end":{"line":925,"column":null}},"429":{"start":{"line":926,"column":6},"end":{"line":926,"column":null}},"430":{"start":{"line":929,"column":6},"end":{"line":929,"column":null}},"431":{"start":{"line":931,"column":18},"end":{"line":931,"column":null}},"432":{"start":{"line":932,"column":6},"end":{"line":932,"column":null}},"433":{"start":{"line":932,"column":16},"end":{"line":932,"column":null}},"434":{"start":{"line":934,"column":8},"end":{"line":936,"column":null}},"435":{"start":{"line":937,"column":24},"end":{"line":937,"column":null}},"436":{"start":{"line":938,"column":24},"end":{"line":938,"column":null}},"437":{"start":{"line":939,"column":6},"end":{"line":939,"column":null}},"438":{"start":{"line":939,"column":24},"end":{"line":939,"column":null}},"439":{"start":{"line":940,"column":6},"end":{"line":940,"column":null}},"440":{"start":{"line":943,"column":21},"end":{"line":943,"column":null}},"441":{"start":{"line":944,"column":6},"end":{"line":944,"column":null}},"442":{"start":{"line":944,"column":19},"end":{"line":944,"column":null}},"443":{"start":{"line":945,"column":24},"end":{"line":945,"column":null}},"444":{"start":{"line":946,"column":6},"end":{"line":946,"column":null}},"445":{"start":{"line":949,"column":6},"end":{"line":953,"column":null}},"446":{"start":{"line":950,"column":8},"end":{"line":950,"column":null}},"447":{"start":{"line":952,"column":8},"end":{"line":952,"column":null}},"448":{"start":{"line":954,"column":6},"end":{"line":954,"column":null}},"449":{"start":{"line":957,"column":6},"end":{"line":957,"column":null}},"450":{"start":{"line":957,"column":29},"end":{"line":957,"column":null}},"451":{"start":{"line":958,"column":6},"end":{"line":958,"column":null}},"452":{"start":{"line":959,"column":6},"end":{"line":959,"column":null}},"453":{"start":{"line":962,"column":6},"end":{"line":962,"column":null}},"454":{"start":{"line":962,"column":66},"end":{"line":962,"column":null}},"455":{"start":{"line":963,"column":6},"end":{"line":963,"column":null}},"456":{"start":{"line":964,"column":6},"end":{"line":964,"column":null}},"457":{"start":{"line":969,"column":6},"end":{"line":969,"column":null}},"458":{"start":{"line":971,"column":6},"end":{"line":971,"column":null}},"459":{"start":{"line":975,"column":2},"end":{"line":977,"column":null}},"460":{"start":{"line":976,"column":4},"end":{"line":976,"column":null}},"461":{"start":{"line":980,"column":2},"end":{"line":982,"column":null}},"462":{"start":{"line":981,"column":4},"end":{"line":981,"column":null}},"463":{"start":{"line":985,"column":2},"end":{"line":987,"column":null}},"464":{"start":{"line":986,"column":4},"end":{"line":986,"column":null}},"465":{"start":{"line":989,"column":2},"end":{"line":989,"column":null}},"466":{"start":{"line":993,"column":2},"end":{"line":993,"column":null}},"467":{"start":{"line":999,"column":26},"end":{"line":999,"column":null}},"468":{"start":{"line":1001,"column":2},"end":{"line":1014,"column":null}},"469":{"start":{"line":1002,"column":4},"end":{"line":1013,"column":null}},"470":{"start":{"line":1003,"column":6},"end":{"line":1012,"column":null}},"471":{"start":{"line":1005,"column":8},"end":{"line":1005,"column":null}},"472":{"start":{"line":1006,"column":6},"end":{"line":1012,"column":null}},"473":{"start":{"line":1008,"column":8},"end":{"line":1008,"column":null}},"474":{"start":{"line":1011,"column":8},"end":{"line":1011,"column":null}},"475":{"start":{"line":1016,"column":2},"end":{"line":1016,"column":null}},"476":{"start":{"line":1016,"column":26},"end":{"line":1016,"column":null}},"477":{"start":{"line":1018,"column":2},"end":{"line":1018,"column":null}},"478":{"start":{"line":1024,"column":17},"end":{"line":1024,"column":null}},"479":{"start":{"line":1025,"column":2},"end":{"line":1029,"column":null}},"480":{"start":{"line":1033,"column":17},"end":{"line":1033,"column":null}},"481":{"start":{"line":1034,"column":16},"end":{"line":1038,"column":null}},"482":{"start":{"line":1041,"column":20},"end":{"line":1043,"column":null}},"483":{"start":{"line":1042,"column":11},"end":{"line":1042,"column":null}},"484":{"start":{"line":1044,"column":2},"end":{"line":1049,"column":null}},"485":{"start":{"line":1045,"column":4},"end":{"line":1048,"column":null}},"486":{"start":{"line":1051,"column":2},"end":{"line":1051,"column":null}},"487":{"start":{"line":1053,"column":2},"end":{"line":1053,"column":null}},"488":{"start":{"line":1059,"column":26},"end":{"line":1059,"column":null}},"489":{"start":{"line":1061,"column":2},"end":{"line":1071,"column":null}},"490":{"start":{"line":1062,"column":4},"end":{"line":1070,"column":null}},"491":{"start":{"line":1063,"column":6},"end":{"line":1069,"column":null}},"492":{"start":{"line":1065,"column":8},"end":{"line":1065,"column":null}},"493":{"start":{"line":1068,"column":8},"end":{"line":1068,"column":null}},"494":{"start":{"line":1073,"column":2},"end":{"line":1073,"column":null}},"495":{"start":{"line":1073,"column":26},"end":{"line":1073,"column":null}},"496":{"start":{"line":1075,"column":2},"end":{"line":1075,"column":null}},"497":{"start":{"line":1079,"column":17},"end":{"line":1079,"column":null}},"498":{"start":{"line":1080,"column":2},"end":{"line":1086,"column":null}},"499":{"start":{"line":1092,"column":26},"end":{"line":1092,"column":null}},"500":{"start":{"line":1095,"column":2},"end":{"line":1095,"column":null}},"501":{"start":{"line":1096,"column":2},"end":{"line":1096,"column":null}},"502":{"start":{"line":1097,"column":2},"end":{"line":1097,"column":null}},"503":{"start":{"line":1098,"column":2},"end":{"line":1098,"column":null}},"504":{"start":{"line":1101,"column":23},"end":{"line":1101,"column":null}},"505":{"start":{"line":1102,"column":2},"end":{"line":1105,"column":null}},"506":{"start":{"line":1103,"column":4},"end":{"line":1103,"column":null}},"507":{"start":{"line":1104,"column":4},"end":{"line":1104,"column":null}},"508":{"start":{"line":1108,"column":2},"end":{"line":1108,"column":null}},"509":{"start":{"line":1109,"column":2},"end":{"line":1109,"column":null}},"510":{"start":{"line":1110,"column":20},"end":{"line":1110,"column":null}},"511":{"start":{"line":1111,"column":17},"end":{"line":1111,"column":null}},"512":{"start":{"line":1112,"column":2},"end":{"line":1133,"column":null}},"513":{"start":{"line":1112,"column":15},"end":{"line":1112,"column":18}},"514":{"start":{"line":1113,"column":4},"end":{"line":1113,"column":null}},"515":{"start":{"line":1114,"column":4},"end":{"line":1114,"column":null}},"516":{"start":{"line":1116,"column":4},"end":{"line":1132,"column":null}},"517":{"start":{"line":1117,"column":6},"end":{"line":1117,"column":null}},"518":{"start":{"line":1118,"column":6},"end":{"line":1118,"column":null}},"519":{"start":{"line":1119,"column":6},"end":{"line":1119,"column":null}},"520":{"start":{"line":1120,"column":6},"end":{"line":1120,"column":null}},"521":{"start":{"line":1121,"column":6},"end":{"line":1121,"column":null}},"522":{"start":{"line":1122,"column":6},"end":{"line":1124,"column":null}},"523":{"start":{"line":1125,"column":6},"end":{"line":1125,"column":null}},"524":{"start":{"line":1126,"column":6},"end":{"line":1126,"column":null}},"525":{"start":{"line":1127,"column":6},"end":{"line":1127,"column":null}},"526":{"start":{"line":1128,"column":6},"end":{"line":1128,"column":null}},"527":{"start":{"line":1129,"column":6},"end":{"line":1129,"column":null}},"528":{"start":{"line":1130,"column":6},"end":{"line":1130,"column":null}},"529":{"start":{"line":1131,"column":6},"end":{"line":1131,"column":null}},"530":{"start":{"line":1136,"column":2},"end":{"line":1136,"column":null}},"531":{"start":{"line":1137,"column":2},"end":{"line":1137,"column":null}},"532":{"start":{"line":1138,"column":2},"end":{"line":1138,"column":null}},"533":{"start":{"line":1139,"column":2},"end":{"line":1139,"column":null}},"534":{"start":{"line":1141,"column":2},"end":{"line":1150,"column":null}},"535":{"start":{"line":1142,"column":4},"end":{"line":1142,"column":null}},"536":{"start":{"line":1143,"column":4},"end":{"line":1143,"column":null}},"537":{"start":{"line":1144,"column":4},"end":{"line":1144,"column":null}},"538":{"start":{"line":1145,"column":4},"end":{"line":1145,"column":null}},"539":{"start":{"line":1146,"column":4},"end":{"line":1146,"column":null}},"540":{"start":{"line":1147,"column":4},"end":{"line":1147,"column":null}},"541":{"start":{"line":1148,"column":4},"end":{"line":1148,"column":null}},"542":{"start":{"line":1149,"column":4},"end":{"line":1149,"column":null}},"543":{"start":{"line":1152,"column":2},"end":{"line":1152,"column":null}},"544":{"start":{"line":1153,"column":2},"end":{"line":1153,"column":null}},"545":{"start":{"line":1154,"column":2},"end":{"line":1154,"column":null}},"546":{"start":{"line":1157,"column":20},"end":{"line":1159,"column":null}},"547":{"start":{"line":1158,"column":11},"end":{"line":1158,"column":null}},"548":{"start":{"line":1160,"column":2},"end":{"line":1168,"column":null}},"549":{"start":{"line":1161,"column":4},"end":{"line":1161,"column":null}},"550":{"start":{"line":1162,"column":4},"end":{"line":1166,"column":null}},"551":{"start":{"line":1163,"column":6},"end":{"line":1165,"column":null}},"552":{"start":{"line":1167,"column":4},"end":{"line":1167,"column":null}},"553":{"start":{"line":1170,"column":2},"end":{"line":1170,"column":null}},"554":{"start":{"line":1171,"column":2},"end":{"line":1171,"column":null}},"555":{"start":{"line":1172,"column":2},"end":{"line":1172,"column":null}},"556":{"start":{"line":1174,"column":2},"end":{"line":1174,"column":null}},"557":{"start":{"line":1178,"column":25},"end":{"line":1178,"column":null}},"558":{"start":{"line":1179,"column":27},"end":{"line":1179,"column":null}},"559":{"start":{"line":1182,"column":2},"end":{"line":1326,"column":null}},"560":{"start":{"line":1184,"column":22},"end":{"line":1184,"column":null}},"561":{"start":{"line":1185,"column":6},"end":{"line":1185,"column":null}},"562":{"start":{"line":1186,"column":6},"end":{"line":1186,"column":null}},"563":{"start":{"line":1189,"column":17},"end":{"line":1189,"column":null}},"564":{"start":{"line":1190,"column":31},"end":{"line":1190,"column":null}},"565":{"start":{"line":1191,"column":6},"end":{"line":1191,"column":null}},"566":{"start":{"line":1192,"column":6},"end":{"line":1194,"column":null}},"567":{"start":{"line":1195,"column":6},"end":{"line":1195,"column":null}},"568":{"start":{"line":1196,"column":6},"end":{"line":1196,"column":null}},"569":{"start":{"line":1197,"column":6},"end":{"line":1197,"column":null}},"570":{"start":{"line":1198,"column":6},"end":{"line":1200,"column":null}},"571":{"start":{"line":1201,"column":6},"end":{"line":1201,"column":null}},"572":{"start":{"line":1204,"column":17},"end":{"line":1204,"column":null}},"573":{"start":{"line":1205,"column":31},"end":{"line":1205,"column":null}},"574":{"start":{"line":1206,"column":6},"end":{"line":1208,"column":null}},"575":{"start":{"line":1209,"column":6},"end":{"line":1209,"column":null}},"576":{"start":{"line":1210,"column":6},"end":{"line":1212,"column":null}},"577":{"start":{"line":1213,"column":6},"end":{"line":1213,"column":null}},"578":{"start":{"line":1214,"column":6},"end":{"line":1214,"column":null}},"579":{"start":{"line":1215,"column":6},"end":{"line":1217,"column":null}},"580":{"start":{"line":1218,"column":6},"end":{"line":1218,"column":null}},"581":{"start":{"line":1219,"column":6},"end":{"line":1219,"column":null}},"582":{"start":{"line":1220,"column":6},"end":{"line":1222,"column":null}},"583":{"start":{"line":1223,"column":6},"end":{"line":1225,"column":null}},"584":{"start":{"line":1226,"column":6},"end":{"line":1226,"column":null}},"585":{"start":{"line":1229,"column":17},"end":{"line":1229,"column":null}},"586":{"start":{"line":1230,"column":19},"end":{"line":1230,"column":null}},"587":{"start":{"line":1231,"column":18},"end":{"line":1231,"column":null}},"588":{"start":{"line":1232,"column":28},"end":{"line":1232,"column":null}},"589":{"start":{"line":1235,"column":6},"end":{"line":1245,"column":null}},"590":{"start":{"line":1236,"column":8},"end":{"line":1236,"column":null}},"591":{"start":{"line":1238,"column":26},"end":{"line":1238,"column":null}},"592":{"start":{"line":1239,"column":25},"end":{"line":1239,"column":null}},"593":{"start":{"line":1240,"column":8},"end":{"line":1240,"column":null}},"594":{"start":{"line":1240,"column":27},"end":{"line":1240,"column":null}},"595":{"start":{"line":1241,"column":8},"end":{"line":1244,"column":null}},"596":{"start":{"line":1247,"column":23},"end":{"line":1247,"column":null}},"597":{"start":{"line":1248,"column":22},"end":{"line":1248,"column":null}},"598":{"start":{"line":1250,"column":6},"end":{"line":1255,"column":null}},"599":{"start":{"line":1254,"column":8},"end":{"line":1254,"column":null}},"600":{"start":{"line":1257,"column":8},"end":{"line":1259,"column":null}},"601":{"start":{"line":1262,"column":37},"end":{"line":1262,"column":null}},"602":{"start":{"line":1263,"column":6},"end":{"line":1263,"column":null}},"603":{"start":{"line":1266,"column":6},"end":{"line":1270,"column":null}},"604":{"start":{"line":1267,"column":8},"end":{"line":1267,"column":null}},"605":{"start":{"line":1268,"column":8},"end":{"line":1268,"column":null}},"606":{"start":{"line":1269,"column":8},"end":{"line":1269,"column":null}},"607":{"start":{"line":1272,"column":6},"end":{"line":1272,"column":null}},"608":{"start":{"line":1273,"column":6},"end":{"line":1273,"column":null}},"609":{"start":{"line":1274,"column":6},"end":{"line":1274,"column":null}},"610":{"start":{"line":1275,"column":6},"end":{"line":1275,"column":null}},"611":{"start":{"line":1276,"column":6},"end":{"line":1276,"column":null}},"612":{"start":{"line":1279,"column":6},"end":{"line":1309,"column":null}},"613":{"start":{"line":1280,"column":8},"end":{"line":1280,"column":null}},"614":{"start":{"line":1281,"column":8},"end":{"line":1281,"column":null}},"615":{"start":{"line":1282,"column":35},"end":{"line":1282,"column":null}},"616":{"start":{"line":1283,"column":8},"end":{"line":1285,"column":null}},"617":{"start":{"line":1286,"column":8},"end":{"line":1288,"column":null}},"618":{"start":{"line":1289,"column":8},"end":{"line":1291,"column":null}},"619":{"start":{"line":1292,"column":8},"end":{"line":1294,"column":null}},"620":{"start":{"line":1295,"column":8},"end":{"line":1297,"column":null}},"621":{"start":{"line":1298,"column":8},"end":{"line":1298,"column":null}},"622":{"start":{"line":1299,"column":8},"end":{"line":1299,"column":null}},"623":{"start":{"line":1300,"column":6},"end":{"line":1309,"column":null}},"624":{"start":{"line":1301,"column":8},"end":{"line":1301,"column":null}},"625":{"start":{"line":1302,"column":8},"end":{"line":1302,"column":null}},"626":{"start":{"line":1303,"column":24},"end":{"line":1303,"column":null}},"627":{"start":{"line":1304,"column":8},"end":{"line":1304,"column":null}},"628":{"start":{"line":1305,"column":6},"end":{"line":1309,"column":null}},"629":{"start":{"line":1306,"column":8},"end":{"line":1306,"column":null}},"630":{"start":{"line":1307,"column":8},"end":{"line":1307,"column":null}},"631":{"start":{"line":1308,"column":8},"end":{"line":1308,"column":null}},"632":{"start":{"line":1312,"column":6},"end":{"line":1312,"column":null}},"633":{"start":{"line":1313,"column":6},"end":{"line":1313,"column":null}},"634":{"start":{"line":1316,"column":6},"end":{"line":1322,"column":null}},"635":{"start":{"line":1317,"column":8},"end":{"line":1319,"column":null}},"636":{"start":{"line":1321,"column":8},"end":{"line":1321,"column":null}},"637":{"start":{"line":1323,"column":6},"end":{"line":1323,"column":null}},"638":{"start":{"line":1329,"column":2},"end":{"line":1331,"column":null}},"639":{"start":{"line":1330,"column":4},"end":{"line":1330,"column":null}},"640":{"start":{"line":1334,"column":2},"end":{"line":1336,"column":null}},"641":{"start":{"line":1335,"column":4},"end":{"line":1335,"column":null}},"642":{"start":{"line":1339,"column":2},"end":{"line":1345,"column":null}},"643":{"start":{"line":1340,"column":4},"end":{"line":1340,"column":null}},"644":{"start":{"line":1341,"column":2},"end":{"line":1345,"column":null}},"645":{"start":{"line":1342,"column":4},"end":{"line":1344,"column":null}},"646":{"start":{"line":1348,"column":2},"end":{"line":1353,"column":null}},"647":{"start":{"line":1349,"column":19},"end":{"line":1349,"column":null}},"648":{"start":{"line":1350,"column":4},"end":{"line":1352,"column":null}},"649":{"start":{"line":1351,"column":6},"end":{"line":1351,"column":null}},"650":{"start":{"line":1355,"column":2},"end":{"line":1357,"column":null}},"651":{"start":{"line":1356,"column":4},"end":{"line":1356,"column":null}},"652":{"start":{"line":1359,"column":2},"end":{"line":1361,"column":null}},"653":{"start":{"line":1360,"column":4},"end":{"line":1360,"column":null}},"654":{"start":{"line":1363,"column":2},"end":{"line":1364,"column":null}},"655":{"start":{"line":1369,"column":25},"end":{"line":1369,"column":null}},"656":{"start":{"line":1372,"column":26},"end":{"line":1374,"column":null}},"657":{"start":{"line":1375,"column":2},"end":{"line":1377,"column":null}},"658":{"start":{"line":1380,"column":24},"end":{"line":1380,"column":null}},"659":{"start":{"line":1381,"column":2},"end":{"line":1386,"column":null}},"660":{"start":{"line":1382,"column":22},"end":{"line":1384,"column":null}},"661":{"start":{"line":1383,"column":18},"end":{"line":1383,"column":46}},"662":{"start":{"line":1385,"column":4},"end":{"line":1385,"column":null}},"663":{"start":{"line":1389,"column":2},"end":{"line":1391,"column":null}},"664":{"start":{"line":1390,"column":4},"end":{"line":1390,"column":null}},"665":{"start":{"line":1393,"column":2},"end":{"line":1395,"column":null}},"666":{"start":{"line":1394,"column":4},"end":{"line":1394,"column":null}},"667":{"start":{"line":1397,"column":2},"end":{"line":1397,"column":null}},"668":{"start":{"line":1406,"column":2},"end":{"line":1406,"column":null}},"669":{"start":{"line":1406,"column":34},"end":{"line":1406,"column":null}},"670":{"start":{"line":1408,"column":2},"end":{"line":1413,"column":null}},"671":{"start":{"line":1409,"column":19},"end":{"line":1409,"column":30}},"672":{"start":{"line":1410,"column":17},"end":{"line":1413,"column":6}},"673":{"start":{"line":1417,"column":2},"end":{"line":1438,"column":null}},"674":{"start":{"line":1419,"column":6},"end":{"line":1419,"column":null}},"675":{"start":{"line":1421,"column":6},"end":{"line":1421,"column":null}},"676":{"start":{"line":1423,"column":6},"end":{"line":1423,"column":null}},"677":{"start":{"line":1425,"column":6},"end":{"line":1425,"column":null}},"678":{"start":{"line":1427,"column":6},"end":{"line":1427,"column":null}},"679":{"start":{"line":1429,"column":6},"end":{"line":1429,"column":null}},"680":{"start":{"line":1431,"column":6},"end":{"line":1431,"column":null}},"681":{"start":{"line":1433,"column":6},"end":{"line":1433,"column":null}},"682":{"start":{"line":1435,"column":6},"end":{"line":1435,"column":null}},"683":{"start":{"line":1437,"column":6},"end":{"line":1437,"column":null}},"684":{"start":{"line":1444,"column":2},"end":{"line":1468,"column":null}},"685":{"start":{"line":1464,"column":26},"end":{"line":1464,"column":80}},"686":{"start":{"line":1478,"column":2},"end":{"line":1492,"column":null}},"687":{"start":{"line":1480,"column":6},"end":{"line":1480,"column":null}},"688":{"start":{"line":1482,"column":6},"end":{"line":1482,"column":null}},"689":{"start":{"line":1484,"column":6},"end":{"line":1484,"column":null}},"690":{"start":{"line":1486,"column":6},"end":{"line":1486,"column":null}},"691":{"start":{"line":1488,"column":19},"end":{"line":1488,"column":null}},"692":{"start":{"line":1489,"column":18},"end":{"line":1489,"column":null}},"693":{"start":{"line":1490,"column":6},"end":{"line":1490,"column":null}},"694":{"start":{"line":1498,"column":2},"end":{"line":1501,"column":null}}},"fnMap":{"0":{"name":"generateProject","decl":{"start":{"line":30,"column":16},"end":{"line":30,"column":32}},"loc":{"start":{"line":30,"column":69},"end":{"line":53,"column":null}},"line":30},"1":{"name":"generatePyprojectToml","decl":{"start":{"line":57,"column":16},"end":{"line":57,"column":38}},"loc":{"start":{"line":57,"column":66},"end":{"line":74,"column":null}},"line":57},"2":{"name":"(anonymous_2)","decl":{"start":{"line":59,"column":27},"end":{"line":59,"column":28}},"loc":{"start":{"line":59,"column":34},"end":{"line":59,"column":47}},"line":59},"3":{"name":"computeDependencies","decl":{"start":{"line":76,"column":16},"end":{"line":76,"column":36}},"loc":{"start":{"line":76,"column":66},"end":{"line":139,"column":null}},"line":76},"4":{"name":"generateMainPy","decl":{"start":{"line":143,"column":16},"end":{"line":143,"column":31}},"loc":{"start":{"line":143,"column":59},"end":{"line":172,"column":null}},"line":143},"5":{"name":"generateImports","decl":{"start":{"line":176,"column":16},"end":{"line":176,"column":32}},"loc":{"start":{"line":176,"column":60},"end":{"line":351,"column":null}},"line":176},"6":{"name":"(anonymous_6)","decl":{"start":{"line":278,"column":6},"end":{"line":278,"column":7}},"loc":{"start":{"line":278,"column":13},"end":{"line":278,"column":null}},"line":278},"7":{"name":"(anonymous_7)","decl":{"start":{"line":286,"column":6},"end":{"line":286,"column":7}},"loc":{"start":{"line":286,"column":13},"end":{"line":286,"column":null}},"line":286},"8":{"name":"(anonymous_8)","decl":{"start":{"line":293,"column":8},"end":{"line":293,"column":9}},"loc":{"start":{"line":294,"column":10},"end":{"line":298,"column":null}},"line":294},"9":{"name":"(anonymous_9)","decl":{"start":{"line":296,"column":12},"end":{"line":296,"column":13}},"loc":{"start":{"line":297,"column":14},"end":{"line":297,"column":null}},"line":297},"10":{"name":"(anonymous_10)","decl":{"start":{"line":342,"column":24},"end":{"line":342,"column":25}},"loc":{"start":{"line":342,"column":31},"end":{"line":342,"column":48}},"line":342},"11":{"name":"getStorageImport","decl":{"start":{"line":353,"column":9},"end":{"line":353,"column":26}},"loc":{"start":{"line":353,"column":74},"end":{"line":364,"column":null}},"line":353},"12":{"name":"getMQFactoryImport","decl":{"start":{"line":366,"column":9},"end":{"line":366,"column":null}},"loc":{"start":{"line":368,"column":17},"end":{"line":379,"column":null}},"line":368},"13":{"name":"generateMQFactoryExpr","decl":{"start":{"line":381,"column":9},"end":{"line":381,"column":31}},"loc":{"start":{"line":381,"column":66},"end":{"line":430,"column":null}},"line":381},"14":{"name":"getCustomStorageImports","decl":{"start":{"line":432,"column":9},"end":{"line":432,"column":33}},"loc":{"start":{"line":432,"column":63},"end":{"line":481,"column":null}},"line":432},"15":{"name":"defaultBlobStoreForStorage","decl":{"start":{"line":484,"column":9},"end":{"line":484,"column":null}},"loc":{"start":{"line":486,"column":17},"end":{"line":499,"column":null}},"line":486},"16":{"name":"getBlobStoreOverrideImports","decl":{"start":{"line":502,"column":9},"end":{"line":502,"column":37}},"loc":{"start":{"line":502,"column":67},"end":{"line":525,"column":null}},"line":502},"17":{"name":"generateBlobStoreOverride","decl":{"start":{"line":528,"column":9},"end":{"line":528,"column":35}},"loc":{"start":{"line":528,"column":70},"end":{"line":555,"column":null}},"line":528},"18":{"name":"buildMetaStoreArgsForFactory","decl":{"start":{"line":618,"column":9},"end":{"line":618,"column":null}},"loc":{"start":{"line":621,"column":12},"end":{"line":673,"column":null}},"line":621},"19":{"name":"buildResourceStoreArgsForFactory","decl":{"start":{"line":679,"column":9},"end":{"line":679,"column":null}},"loc":{"start":{"line":682,"column":12},"end":{"line":717,"column":null}},"line":682},"20":{"name":"buildFastSlowMetaStoreExprForFactory","decl":{"start":{"line":722,"column":9},"end":{"line":722,"column":null}},"loc":{"start":{"line":725,"column":10},"end":{"line":747,"column":null}},"line":725},"21":{"name":"generateEnumDefinitions","decl":{"start":{"line":751,"column":16},"end":{"line":751,"column":40}},"loc":{"start":{"line":751,"column":68},"end":{"line":763,"column":null}},"line":751},"22":{"name":"generateSingleEnum","decl":{"start":{"line":765,"column":9},"end":{"line":765,"column":28}},"loc":{"start":{"line":765,"column":56},"end":{"line":775,"column":null}},"line":765},"23":{"name":"generateSubStructDefinitions","decl":{"start":{"line":779,"column":16},"end":{"line":779,"column":45}},"loc":{"start":{"line":779,"column":73},"end":{"line":791,"column":null}},"line":779},"24":{"name":"generateSingleSubStruct","decl":{"start":{"line":793,"column":9},"end":{"line":793,"column":33}},"loc":{"start":{"line":793,"column":66},"end":{"line":816,"column":null}},"line":793},"25":{"name":"(anonymous_25)","decl":{"start":{"line":806,"column":44},"end":{"line":806,"column":45}},"loc":{"start":{"line":806,"column":51},"end":{"line":806,"column":76}},"line":806},"26":{"name":"(anonymous_26)","decl":{"start":{"line":807,"column":45},"end":{"line":807,"column":46}},"loc":{"start":{"line":807,"column":52},"end":{"line":807,"column":77}},"line":807},"27":{"name":"generateModelDefinitions","decl":{"start":{"line":820,"column":16},"end":{"line":820,"column":41}},"loc":{"start":{"line":820,"column":69},"end":{"line":835,"column":null}},"line":820},"28":{"name":"generateFormModelAsJob","decl":{"start":{"line":840,"column":16},"end":{"line":840,"column":null}},"loc":{"start":{"line":843,"column":10},"end":{"line":854,"column":null}},"line":843},"29":{"name":"generateFormModel","decl":{"start":{"line":856,"column":16},"end":{"line":856,"column":null}},"loc":{"start":{"line":859,"column":10},"end":{"line":892,"column":null}},"line":859},"30":{"name":"(anonymous_30)","decl":{"start":{"line":871,"column":6},"end":{"line":871,"column":7}},"loc":{"start":{"line":871,"column":13},"end":{"line":871,"column":null}},"line":871},"31":{"name":"(anonymous_31)","decl":{"start":{"line":883,"column":45},"end":{"line":883,"column":46}},"loc":{"start":{"line":883,"column":52},"end":{"line":883,"column":77}},"line":883},"32":{"name":"(anonymous_32)","decl":{"start":{"line":884,"column":46},"end":{"line":884,"column":47}},"loc":{"start":{"line":884,"column":53},"end":{"line":884,"column":78}},"line":884},"33":{"name":"generateFieldLine","decl":{"start":{"line":894,"column":16},"end":{"line":894,"column":34}},"loc":{"start":{"line":894,"column":66},"end":{"line":906,"column":null}},"line":894},"34":{"name":"resolveFieldType","decl":{"start":{"line":908,"column":16},"end":{"line":908,"column":33}},"loc":{"start":{"line":908,"column":65},"end":{"line":990,"column":null}},"line":908},"35":{"name":"capitalizeFirst","decl":{"start":{"line":992,"column":9},"end":{"line":992,"column":25}},"loc":{"start":{"line":992,"column":44},"end":{"line":994,"column":null}},"line":992},"36":{"name":"generateValidators","decl":{"start":{"line":998,"column":16},"end":{"line":998,"column":35}},"loc":{"start":{"line":998,"column":63},"end":{"line":1019,"column":null}},"line":998},"37":{"name":"generateCodeModeValidatorScaffold","decl":{"start":{"line":1021,"column":16},"end":{"line":1021,"column":null}},"loc":{"start":{"line":1023,"column":10},"end":{"line":1030,"column":null}},"line":1023},"38":{"name":"generateValidatorFunction","decl":{"start":{"line":1032,"column":16},"end":{"line":1032,"column":42}},"loc":{"start":{"line":1032,"column":74},"end":{"line":1054,"column":null}},"line":1032},"39":{"name":"(anonymous_39)","decl":{"start":{"line":1042,"column":4},"end":{"line":1042,"column":5}},"loc":{"start":{"line":1042,"column":11},"end":{"line":1042,"column":null}},"line":1042},"40":{"name":"generateJobHandlers","decl":{"start":{"line":1058,"column":16},"end":{"line":1058,"column":36}},"loc":{"start":{"line":1058,"column":64},"end":{"line":1076,"column":null}},"line":1058},"41":{"name":"generateJobHandlerFunction","decl":{"start":{"line":1078,"column":16},"end":{"line":1078,"column":43}},"loc":{"start":{"line":1078,"column":75},"end":{"line":1087,"column":null}},"line":1078},"42":{"name":"generateAppSetup","decl":{"start":{"line":1091,"column":16},"end":{"line":1091,"column":33}},"loc":{"start":{"line":1091,"column":61},"end":{"line":1175,"column":null}},"line":1091},"43":{"name":"(anonymous_43)","decl":{"start":{"line":1158,"column":4},"end":{"line":1158,"column":5}},"loc":{"start":{"line":1158,"column":11},"end":{"line":1158,"column":null}},"line":1158},"44":{"name":"generateConfigureCall","decl":{"start":{"line":1177,"column":16},"end":{"line":1177,"column":38}},"loc":{"start":{"line":1177,"column":66},"end":{"line":1366,"column":null}},"line":1177},"45":{"name":"generateAddModelCall","decl":{"start":{"line":1368,"column":16},"end":{"line":1368,"column":37}},"loc":{"start":{"line":1368,"column":69},"end":{"line":1398,"column":null}},"line":1368},"46":{"name":"(anonymous_46)","decl":{"start":{"line":1383,"column":11},"end":{"line":1383,"column":12}},"loc":{"start":{"line":1383,"column":18},"end":{"line":1383,"column":46}},"line":1383},"47":{"name":"getIndexedFields","decl":{"start":{"line":1405,"column":9},"end":{"line":1405,"column":26}},"loc":{"start":{"line":1405,"column":70},"end":{"line":1414,"column":null}},"line":1405},"48":{"name":"(anonymous_48)","decl":{"start":{"line":1409,"column":12},"end":{"line":1409,"column":13}},"loc":{"start":{"line":1409,"column":19},"end":{"line":1409,"column":30}},"line":1409},"49":{"name":"(anonymous_49)","decl":{"start":{"line":1410,"column":9},"end":{"line":1410,"column":10}},"loc":{"start":{"line":1410,"column":17},"end":{"line":1413,"column":6}},"line":1410},"50":{"name":"fieldTypeToPythonType","decl":{"start":{"line":1416,"column":9},"end":{"line":1416,"column":31}},"loc":{"start":{"line":1416,"column":63},"end":{"line":1439,"column":null}},"line":1416},"51":{"name":"generateReadme","decl":{"start":{"line":1443,"column":16},"end":{"line":1443,"column":31}},"loc":{"start":{"line":1443,"column":59},"end":{"line":1475,"column":null}},"line":1443},"52":{"name":"(anonymous_52)","decl":{"start":{"line":1464,"column":19},"end":{"line":1464,"column":20}},"loc":{"start":{"line":1464,"column":26},"end":{"line":1464,"column":80}},"line":1464},"53":{"name":"getStorageDescription","decl":{"start":{"line":1477,"column":9},"end":{"line":1477,"column":31}},"loc":{"start":{"line":1477,"column":59},"end":{"line":1493,"column":null}},"line":1477},"54":{"name":"toSnakeCase","decl":{"start":{"line":1497,"column":16},"end":{"line":1497,"column":28}},"loc":{"start":{"line":1497,"column":49},"end":{"line":1502,"column":null}},"line":1497}},"branchMap":{"0":{"loc":{"start":{"line":80,"column":2},"end":{"line":116,"column":null}},"type":"switch","locations":[{"start":{"line":81,"column":4},"end":{"line":83,"column":null}},{"start":{"line":84,"column":4},"end":{"line":87,"column":null}},{"start":{"line":88,"column":4},"end":{"line":115,"column":null}}],"line":80},"1":{"loc":{"start":{"line":90,"column":19},"end":{"line":90,"column":null}},"type":"binary-expr","locations":[{"start":{"line":90,"column":19},"end":{"line":90,"column":41}},{"start":{"line":90,"column":41},"end":{"line":90,"column":null}}],"line":90},"2":{"loc":{"start":{"line":91,"column":18},"end":{"line":91,"column":null}},"type":"binary-expr","locations":[{"start":{"line":91,"column":18},"end":{"line":91,"column":44}},{"start":{"line":91,"column":44},"end":{"line":91,"column":null}}],"line":91},"3":{"loc":{"start":{"line":95,"column":6},"end":{"line":98,"column":null}},"type":"if","locations":[{"start":{"line":95,"column":6},"end":{"line":98,"column":null}},{"start":{},"end":{}}],"line":95},"4":{"loc":{"start":{"line":96,"column":22},"end":{"line":96,"column":50}},"type":"binary-expr","locations":[{"start":{"line":96,"column":22},"end":{"line":96,"column":42}},{"start":{"line":96,"column":42},"end":{"line":96,"column":50}}],"line":96},"5":{"loc":{"start":{"line":97,"column":22},"end":{"line":97,"column":55}},"type":"binary-expr","locations":[{"start":{"line":97,"column":22},"end":{"line":97,"column":42}},{"start":{"line":97,"column":42},"end":{"line":97,"column":55}}],"line":97},"6":{"loc":{"start":{"line":101,"column":6},"end":{"line":103,"column":null}},"type":"if","locations":[{"start":{"line":101,"column":6},"end":{"line":103,"column":null}},{"start":{},"end":{}}],"line":101},"7":{"loc":{"start":{"line":104,"column":6},"end":{"line":107,"column":null}},"type":"if","locations":[{"start":{"line":104,"column":6},"end":{"line":107,"column":null}},{"start":{},"end":{}}],"line":104},"8":{"loc":{"start":{"line":110,"column":6},"end":{"line":110,"column":null}},"type":"if","locations":[{"start":{"line":110,"column":6},"end":{"line":110,"column":null}},{"start":{},"end":{}}],"line":110},"9":{"loc":{"start":{"line":111,"column":6},"end":{"line":111,"column":null}},"type":"if","locations":[{"start":{"line":111,"column":6},"end":{"line":111,"column":null}},{"start":{},"end":{}}],"line":111},"10":{"loc":{"start":{"line":112,"column":6},"end":{"line":112,"column":null}},"type":"if","locations":[{"start":{"line":112,"column":6},"end":{"line":112,"column":null}},{"start":{},"end":{}}],"line":112},"11":{"loc":{"start":{"line":113,"column":6},"end":{"line":113,"column":null}},"type":"if","locations":[{"start":{"line":113,"column":6},"end":{"line":113,"column":null}},{"start":{},"end":{}}],"line":113},"12":{"loc":{"start":{"line":119,"column":2},"end":{"line":119,"column":null}},"type":"if","locations":[{"start":{"line":119,"column":2},"end":{"line":119,"column":null}},{"start":{},"end":{}}],"line":119},"13":{"loc":{"start":{"line":122,"column":2},"end":{"line":122,"column":null}},"type":"if","locations":[{"start":{"line":122,"column":2},"end":{"line":122,"column":null}},{"start":{},"end":{}}],"line":122},"14":{"loc":{"start":{"line":125,"column":2},"end":{"line":125,"column":null}},"type":"if","locations":[{"start":{"line":125,"column":2},"end":{"line":125,"column":null}},{"start":{},"end":{}}],"line":125},"15":{"loc":{"start":{"line":126,"column":2},"end":{"line":126,"column":null}},"type":"if","locations":[{"start":{"line":126,"column":2},"end":{"line":126,"column":null}},{"start":{},"end":{}}],"line":126},"16":{"loc":{"start":{"line":130,"column":2},"end":{"line":135,"column":null}},"type":"if","locations":[{"start":{"line":130,"column":2},"end":{"line":135,"column":null}},{"start":{"line":133,"column":9},"end":{"line":135,"column":null}}],"line":130},"17":{"loc":{"start":{"line":151,"column":2},"end":{"line":151,"column":null}},"type":"if","locations":[{"start":{"line":151,"column":2},"end":{"line":151,"column":null}},{"start":{},"end":{}}],"line":151},"18":{"loc":{"start":{"line":155,"column":2},"end":{"line":155,"column":null}},"type":"if","locations":[{"start":{"line":155,"column":2},"end":{"line":155,"column":null}},{"start":{},"end":{}}],"line":155},"19":{"loc":{"start":{"line":162,"column":2},"end":{"line":162,"column":null}},"type":"if","locations":[{"start":{"line":162,"column":2},"end":{"line":162,"column":null}},{"start":{},"end":{}}],"line":162},"20":{"loc":{"start":{"line":166,"column":2},"end":{"line":166,"column":null}},"type":"if","locations":[{"start":{"line":166,"column":2},"end":{"line":166,"column":null}},{"start":{},"end":{}}],"line":166},"21":{"loc":{"start":{"line":182,"column":23},"end":{"line":182,"column":null}},"type":"binary-expr","locations":[{"start":{"line":182,"column":23},"end":{"line":182,"column":50}},{"start":{"line":182,"column":50},"end":{"line":182,"column":null}}],"line":182},"22":{"loc":{"start":{"line":187,"column":4},"end":{"line":252,"column":null}},"type":"if","locations":[{"start":{"line":187,"column":4},"end":{"line":252,"column":null}},{"start":{"line":236,"column":11},"end":{"line":252,"column":null}}],"line":187},"23":{"loc":{"start":{"line":190,"column":8},"end":{"line":196,"column":null}},"type":"if","locations":[{"start":{"line":190,"column":8},"end":{"line":196,"column":null}},{"start":{},"end":{}}],"line":190},"24":{"loc":{"start":{"line":191,"column":10},"end":{"line":193,"column":null}},"type":"binary-expr","locations":[{"start":{"line":191,"column":10},"end":{"line":191,"column":null}},{"start":{"line":192,"column":10},"end":{"line":192,"column":null}},{"start":{"line":193,"column":10},"end":{"line":193,"column":null}}],"line":191},"25":{"loc":{"start":{"line":197,"column":8},"end":{"line":199,"column":null}},"type":"if","locations":[{"start":{"line":197,"column":8},"end":{"line":199,"column":null}},{"start":{},"end":{}}],"line":197},"26":{"loc":{"start":{"line":197,"column":12},"end":{"line":197,"column":55}},"type":"binary-expr","locations":[{"start":{"line":197,"column":12},"end":{"line":197,"column":30}},{"start":{"line":197,"column":30},"end":{"line":197,"column":55}}],"line":197},"27":{"loc":{"start":{"line":200,"column":8},"end":{"line":202,"column":null}},"type":"if","locations":[{"start":{"line":200,"column":8},"end":{"line":202,"column":null}},{"start":{},"end":{}}],"line":200},"28":{"loc":{"start":{"line":203,"column":8},"end":{"line":205,"column":null}},"type":"if","locations":[{"start":{"line":203,"column":8},"end":{"line":205,"column":null}},{"start":{},"end":{}}],"line":203},"29":{"loc":{"start":{"line":206,"column":8},"end":{"line":208,"column":null}},"type":"if","locations":[{"start":{"line":206,"column":8},"end":{"line":208,"column":null}},{"start":{},"end":{}}],"line":206},"30":{"loc":{"start":{"line":209,"column":8},"end":{"line":212,"column":null}},"type":"if","locations":[{"start":{"line":209,"column":8},"end":{"line":212,"column":null}},{"start":{},"end":{}}],"line":209},"31":{"loc":{"start":{"line":209,"column":12},"end":{"line":209,"column":47}},"type":"binary-expr","locations":[{"start":{"line":209,"column":12},"end":{"line":209,"column":36}},{"start":{"line":209,"column":36},"end":{"line":209,"column":47}}],"line":209},"32":{"loc":{"start":{"line":213,"column":8},"end":{"line":215,"column":null}},"type":"if","locations":[{"start":{"line":213,"column":8},"end":{"line":215,"column":null}},{"start":{},"end":{}}],"line":213},"33":{"loc":{"start":{"line":213,"column":12},"end":{"line":213,"column":63}},"type":"binary-expr","locations":[{"start":{"line":213,"column":12},"end":{"line":213,"column":44}},{"start":{"line":213,"column":44},"end":{"line":213,"column":63}}],"line":213},"34":{"loc":{"start":{"line":216,"column":8},"end":{"line":218,"column":null}},"type":"if","locations":[{"start":{"line":216,"column":8},"end":{"line":218,"column":null}},{"start":{},"end":{}}],"line":216},"35":{"loc":{"start":{"line":219,"column":8},"end":{"line":226,"column":null}},"type":"if","locations":[{"start":{"line":219,"column":8},"end":{"line":226,"column":null}},{"start":{},"end":{}}],"line":219},"36":{"loc":{"start":{"line":220,"column":10},"end":{"line":223,"column":null}},"type":"binary-expr","locations":[{"start":{"line":220,"column":10},"end":{"line":220,"column":null}},{"start":{"line":221,"column":10},"end":{"line":221,"column":null}},{"start":{"line":222,"column":10},"end":{"line":222,"column":null}},{"start":{"line":223,"column":10},"end":{"line":223,"column":null}}],"line":220},"37":{"loc":{"start":{"line":228,"column":6},"end":{"line":230,"column":null}},"type":"if","locations":[{"start":{"line":228,"column":6},"end":{"line":230,"column":null}},{"start":{},"end":{}}],"line":228},"38":{"loc":{"start":{"line":232,"column":6},"end":{"line":235,"column":null}},"type":"if","locations":[{"start":{"line":232,"column":6},"end":{"line":235,"column":null}},{"start":{},"end":{}}],"line":232},"39":{"loc":{"start":{"line":239,"column":6},"end":{"line":239,"column":null}},"type":"if","locations":[{"start":{"line":239,"column":6},"end":{"line":239,"column":null}},{"start":{},"end":{}}],"line":239},"40":{"loc":{"start":{"line":240,"column":6},"end":{"line":243,"column":null}},"type":"if","locations":[{"start":{"line":240,"column":6},"end":{"line":243,"column":null}},{"start":{},"end":{}}],"line":240},"41":{"loc":{"start":{"line":240,"column":10},"end":{"line":240,"column":59}},"type":"binary-expr","locations":[{"start":{"line":240,"column":10},"end":{"line":240,"column":35}},{"start":{"line":240,"column":35},"end":{"line":240,"column":59}}],"line":240},"42":{"loc":{"start":{"line":244,"column":6},"end":{"line":244,"column":null}},"type":"if","locations":[{"start":{"line":244,"column":6},"end":{"line":244,"column":null}},{"start":{},"end":{}}],"line":244},"43":{"loc":{"start":{"line":245,"column":6},"end":{"line":245,"column":null}},"type":"if","locations":[{"start":{"line":245,"column":6},"end":{"line":245,"column":null}},{"start":{},"end":{}}],"line":245},"44":{"loc":{"start":{"line":246,"column":6},"end":{"line":246,"column":null}},"type":"if","locations":[{"start":{"line":246,"column":6},"end":{"line":246,"column":null}},{"start":{},"end":{}}],"line":246},"45":{"loc":{"start":{"line":247,"column":6},"end":{"line":247,"column":null}},"type":"if","locations":[{"start":{"line":247,"column":6},"end":{"line":247,"column":null}},{"start":{},"end":{}}],"line":247},"46":{"loc":{"start":{"line":247,"column":10},"end":{"line":247,"column":68}},"type":"binary-expr","locations":[{"start":{"line":247,"column":10},"end":{"line":247,"column":40}},{"start":{"line":247,"column":40},"end":{"line":247,"column":68}}],"line":247},"47":{"loc":{"start":{"line":248,"column":6},"end":{"line":248,"column":null}},"type":"if","locations":[{"start":{"line":248,"column":6},"end":{"line":248,"column":null}},{"start":{},"end":{}}],"line":248},"48":{"loc":{"start":{"line":249,"column":6},"end":{"line":249,"column":null}},"type":"if","locations":[{"start":{"line":249,"column":6},"end":{"line":249,"column":null}},{"start":{},"end":{}}],"line":249},"49":{"loc":{"start":{"line":250,"column":6},"end":{"line":250,"column":null}},"type":"if","locations":[{"start":{"line":250,"column":6},"end":{"line":250,"column":null}},{"start":{},"end":{}}],"line":250},"50":{"loc":{"start":{"line":251,"column":6},"end":{"line":251,"column":null}},"type":"if","locations":[{"start":{"line":251,"column":6},"end":{"line":251,"column":null}},{"start":{},"end":{}}],"line":251},"51":{"loc":{"start":{"line":251,"column":10},"end":{"line":251,"column":60}},"type":"binary-expr","locations":[{"start":{"line":251,"column":10},"end":{"line":251,"column":36}},{"start":{"line":251,"column":36},"end":{"line":251,"column":60}}],"line":251},"52":{"loc":{"start":{"line":256,"column":2},"end":{"line":256,"column":null}},"type":"if","locations":[{"start":{"line":256,"column":2},"end":{"line":256,"column":null}},{"start":{},"end":{}}],"line":256},"53":{"loc":{"start":{"line":257,"column":2},"end":{"line":257,"column":null}},"type":"if","locations":[{"start":{"line":257,"column":2},"end":{"line":257,"column":null}},{"start":{},"end":{}}],"line":257},"54":{"loc":{"start":{"line":258,"column":2},"end":{"line":258,"column":null}},"type":"if","locations":[{"start":{"line":258,"column":2},"end":{"line":258,"column":null}},{"start":{},"end":{}}],"line":258},"55":{"loc":{"start":{"line":259,"column":2},"end":{"line":262,"column":null}},"type":"if","locations":[{"start":{"line":259,"column":2},"end":{"line":262,"column":null}},{"start":{},"end":{}}],"line":259},"56":{"loc":{"start":{"line":263,"column":2},"end":{"line":263,"column":null}},"type":"if","locations":[{"start":{"line":263,"column":2},"end":{"line":263,"column":null}},{"start":{},"end":{}}],"line":263},"57":{"loc":{"start":{"line":268,"column":2},"end":{"line":270,"column":null}},"type":"if","locations":[{"start":{"line":268,"column":2},"end":{"line":270,"column":null}},{"start":{},"end":{}}],"line":268},"58":{"loc":{"start":{"line":271,"column":2},"end":{"line":282,"column":null}},"type":"if","locations":[{"start":{"line":271,"column":2},"end":{"line":282,"column":null}},{"start":{},"end":{}}],"line":271},"59":{"loc":{"start":{"line":272,"column":4},"end":{"line":279,"column":null}},"type":"binary-expr","locations":[{"start":{"line":272,"column":4},"end":{"line":272,"column":null}},{"start":{"line":273,"column":4},"end":{"line":275,"column":null}},{"start":{"line":277,"column":4},"end":{"line":279,"column":null}}],"line":272},"60":{"loc":{"start":{"line":278,"column":13},"end":{"line":278,"column":null}},"type":"binary-expr","locations":[{"start":{"line":278,"column":13},"end":{"line":278,"column":39}},{"start":{"line":278,"column":39},"end":{"line":278,"column":55}},{"start":{"line":278,"column":55},"end":{"line":278,"column":null}}],"line":278},"61":{"loc":{"start":{"line":283,"column":2},"end":{"line":305,"column":null}},"type":"if","locations":[{"start":{"line":283,"column":2},"end":{"line":305,"column":null}},{"start":{},"end":{}}],"line":283},"62":{"loc":{"start":{"line":284,"column":4},"end":{"line":287,"column":null}},"type":"binary-expr","locations":[{"start":{"line":284,"column":4},"end":{"line":284,"column":null}},{"start":{"line":285,"column":4},"end":{"line":287,"column":null}}],"line":284},"63":{"loc":{"start":{"line":286,"column":13},"end":{"line":286,"column":null}},"type":"binary-expr","locations":[{"start":{"line":286,"column":13},"end":{"line":286,"column":39}},{"start":{"line":286,"column":39},"end":{"line":286,"column":null}}],"line":286},"64":{"loc":{"start":{"line":291,"column":6},"end":{"line":299,"column":null}},"type":"binary-expr","locations":[{"start":{"line":291,"column":6},"end":{"line":291,"column":null}},{"start":{"line":292,"column":6},"end":{"line":299,"column":null}}],"line":291},"65":{"loc":{"start":{"line":294,"column":10},"end":{"line":298,"column":null}},"type":"binary-expr","locations":[{"start":{"line":294,"column":10},"end":{"line":294,"column":null}},{"start":{"line":295,"column":10},"end":{"line":298,"column":null}}],"line":294},"66":{"loc":{"start":{"line":297,"column":14},"end":{"line":297,"column":null}},"type":"binary-expr","locations":[{"start":{"line":297,"column":14},"end":{"line":297,"column":37}},{"start":{"line":297,"column":37},"end":{"line":297,"column":59}},{"start":{"line":297,"column":59},"end":{"line":297,"column":null}}],"line":297},"67":{"loc":{"start":{"line":300,"column":4},"end":{"line":304,"column":null}},"type":"if","locations":[{"start":{"line":300,"column":4},"end":{"line":304,"column":null}},{"start":{"line":302,"column":11},"end":{"line":304,"column":null}}],"line":300},"68":{"loc":{"start":{"line":313,"column":2},"end":{"line":315,"column":null}},"type":"if","locations":[{"start":{"line":313,"column":2},"end":{"line":315,"column":null}},{"start":{},"end":{}}],"line":313},"69":{"loc":{"start":{"line":319,"column":2},"end":{"line":319,"column":null}},"type":"if","locations":[{"start":{"line":319,"column":2},"end":{"line":319,"column":null}},{"start":{},"end":{}}],"line":319},"70":{"loc":{"start":{"line":322,"column":2},"end":{"line":326,"column":null}},"type":"if","locations":[{"start":{"line":322,"column":2},"end":{"line":326,"column":null}},{"start":{},"end":{}}],"line":322},"71":{"loc":{"start":{"line":329,"column":2},"end":{"line":334,"column":null}},"type":"if","locations":[{"start":{"line":329,"column":2},"end":{"line":334,"column":null}},{"start":{},"end":{}}],"line":329},"72":{"loc":{"start":{"line":338,"column":2},"end":{"line":338,"column":null}},"type":"if","locations":[{"start":{"line":338,"column":2},"end":{"line":338,"column":null}},{"start":{},"end":{}}],"line":338},"73":{"loc":{"start":{"line":342,"column":2},"end":{"line":344,"column":null}},"type":"if","locations":[{"start":{"line":342,"column":2},"end":{"line":344,"column":null}},{"start":{},"end":{}}],"line":342},"74":{"loc":{"start":{"line":345,"column":2},"end":{"line":348,"column":null}},"type":"if","locations":[{"start":{"line":345,"column":2},"end":{"line":348,"column":null}},{"start":{},"end":{}}],"line":345},"75":{"loc":{"start":{"line":354,"column":2},"end":{"line":363,"column":null}},"type":"switch","locations":[{"start":{"line":355,"column":4},"end":{"line":356,"column":null}},{"start":{"line":357,"column":4},"end":{"line":358,"column":null}},{"start":{"line":359,"column":4},"end":{"line":360,"column":null}},{"start":{"line":361,"column":4},"end":{"line":362,"column":null}}],"line":354},"76":{"loc":{"start":{"line":369,"column":2},"end":{"line":378,"column":null}},"type":"switch","locations":[{"start":{"line":370,"column":4},"end":{"line":371,"column":null}},{"start":{"line":372,"column":4},"end":{"line":373,"column":null}},{"start":{"line":374,"column":4},"end":{"line":375,"column":null}},{"start":{"line":376,"column"
[...]
":301,"s:653:6:653:Infinity":302,"s:656:21:656:Infinity":303,"b:656:21:656:40:656:40:656:Infinity":127,"s:657:18:657:Infinity":304,"b:657:18:657:34:657:34:657:Infinity":128,"s:658:6:658:Infinity":305,"s:659:6:659:Infinity":306,"s:660:6:662:Infinity":307,"b:661:25:661:49:661:49:661:72":129,"s:663:6:663:Infinity":308,"b:663:34:663:58:663:58:663:70":130,"s:664:6:666:Infinity":309,"b:665:30:665:58:665:58:665:70":131,"s:667:6:667:Infinity":310,"b:667:32:667:55:667:55:667:66":132,"s:668:6:668:Infinity":311,"s:672:2:672:Infinity":312,"f:679:9:679:Infinity":19,"s:683:25:683:Infinity":313,"b:685:4:689:Infinity:690:4:690:Infinity:691:4:691:Infinity:692:4:692:Infinity:693:4:713:Infinity":133,"s:684:2:715:Infinity":314,"s:686:22:686:Infinity":315,"b:686:22:686:39:686:39:686:Infinity":134,"s:687:6:687:Infinity":316,"s:688:6:688:Infinity":317,"s:694:21:694:Infinity":318,"b:694:21:694:37:694:37:694:Infinity":135,"s:695:21:695:Infinity":319,"b:695:21:695:37:695:37:695:Infinity":136,"s:696:6:696:Infinity":320,"s:697:6:697:Infinity":321,"s:698:6:700:Infinity":322,"b:699:25:699:46:699:46:699:69":137,"s:701:6:701:Infinity":323,"b:701:34:701:55:701:55:701:67":138,"s:702:6:702:Infinity":324,"b:702:38:702:63:702:63:702:75":139,"s:703:6:703:Infinity":325,"b:703:32:703:52:703:52:703:63":140,"b:704:6:711:Infinity:undefined:undefined:undefined:undefined":141,"s:704:6:711:Infinity":326,"s:705:8:707:Infinity":327,"b:706:23:706:40:706:40:706:76":142,"s:708:8:710:Infinity":328,"b:709:28:709:49:709:49:709:60":143,"s:712:6:712:Infinity":329,"s:716:2:716:Infinity":330,"f:722:9:722:Infinity":20,"b:724:27:724:Infinity":144,"s:726:15:726:Infinity":331,"b:726:15:726:35:726:35:726:Infinity":145,"s:727:15:727:Infinity":332,"b:727:15:727:35:727:35:727:Infinity":146,"s:728:23:728:Infinity":333,"b:728:23:728:46:728:46:728:Infinity":147,"s:730:20:730:Infinity":334,"s:731:19:731:Infinity":335,"b:732:2:732:Infinity:undefined:undefined:undefined:undefined":148,"s:732:2:732:Infinity":336,"s:732:21:732:Infinity":337,"s:734:4:736:Infinity":338,"b:735:8:735:Infinity:736:8:736:Infinity":149,"s:738:20:738:Infinity":339,"s:739:19:739:Infinity":340,"b:740:2:740:Infinity:undefined:undefined:undefined:undefined":150,"s:740:2:740:Infinity":341,"s:740:21:740:Infinity":342,"s:742:4:744:Infinity":343,"b:743:8:743:Infinity:744:8:744:Infinity":151,"s:746:2:746:Infinity":344,"f:751:16:751:40":21,"s:752:34:752:Infinity":345,"s:754:2:758:Infinity":346,"b:755:4:757:Infinity:undefined:undefined:undefined:undefined":152,"s:755:4:757:Infinity":347,"s:756:6:756:Infinity":348,"b:760:2:760:Infinity:undefined:undefined:undefined:undefined":153,"s:760:2:760:Infinity":349,"s:760:26:760:Infinity":350,"s:762:2:762:Infinity":351,"f:765:9:765:28":22,"s:766:16:766:Infinity":352,"b:767:2:773:Infinity:769:9:773:Infinity":154,"s:767:2:773:Infinity":353,"s:768:4:768:Infinity":354,"s:770:4:772:Infinity":355,"s:771:6:771:Infinity":356,"s:774:2:774:Infinity":357,"f:779:16:779:45":23,"s:780:44:780:Infinity":358,"s:782:2:786:Infinity":359,"b:783:4:785:Infinity:undefined:undefined:undefined:undefined":155,"s:783:4:785:Infinity":360,"b:783:8:783:38:783:38:783:56":156,"s:784:6:784:Infinity":361,"b:788:2:788:Infinity:undefined:undefined:undefined:undefined":157,"s:788:2:788:Infinity":362,"s:788:31:788:Infinity":363,"s:790:2:790:Infinity":364,"f:793:9:793:33":24,"s:794:18:794:Infinity":365,"b:795:2:799:Infinity:797:2:799:Infinity":158,"s:795:2:799:Infinity":366,"s:796:4:796:Infinity":367,"b:797:2:799:Infinity:undefined:undefined:undefined:undefined":159,"s:797:2:799:Infinity":368,"s:798:4:798:Infinity":369,"s:800:26:800:Infinity":370,"b:802:2:813:Infinity:804:9:813:Infinity":160,"s:802:2:813:Infinity":371,"s:803:4:803:Infinity":372,"s:806:27:806:Infinity":373,"f:806:44:806:45":25,"s:806:51:806:76":374,"b:806:51:806:66:806:66:806:76":161,"s:807:28:807:Infinity":375,"f:807:45:807:46":26,"s:807:52:807:77":376,"b:807:52:807:66:807:66:807:77":162,"s:808:26:808:Infinity":377,"s:810:4:812:Infinity":378,"s:811:6:811:Infinity":379,"s:815:2:815:Infinity":380,"f:820:16:820:41":27,"s:821:26:821:Infinity":381,"s:823:2:832:Infinity":382,"b:824:4:831:Infinity:826:4:831:Infinity":163,"s:824:4:831:Infinity":383,"s:825:6:825:Infinity":384,"b:826:4:831:Infinity:829:11:831:Infinity":164,"s:826:4:831:Infinity":385,"s:828:6:828:Infinity":386,"s:830:6:830:Infinity":387,"s:834:2:834:Infinity":388,"f:840:16:840:Infinity":28,"s:845:22:845:Infinity":389,"s:846:40:846:Infinity":390,"s:848:22:848:Infinity":391,"s:851:18:851:Infinity":392,"s:853:2:853:Infinity":393,"f:856:16:856:Infinity":29,"s:860:20:860:Infinity":394,"b:860:43:860:57:860:57:860:Infinity":165,"s:861:26:861:Infinity":395,"b:863:2:866:Infinity:undefined:undefined:undefined:undefined":166,"s:863:2:866:Infinity":396,"s:864:4:864:Infinity":397,"s:865:4:865:Infinity":398,"b:869:2:879:Infinity:undefined:undefined:undefined:undefined":167,"s:869:2:879:Infinity":399,"s:870:32:872:Infinity":400,"f:871:6:871:7":30,"s:871:13:871:Infinity":401,"b:871:13:871:36:871:36:871:58:871:58:871:Infinity":168,"b:873:4:878:Infinity:undefined:undefined:undefined:undefined":169,"s:873:4:878:Infinity":402,"s:874:6:877:Infinity":403,"s:883:25:883:Infinity":404,"f:883:45:883:46":31,"s:883:52:883:77":405,"b:883:52:883:67:883:67:883:77":170,"s:884:26:884:Infinity":406,"f:884:46:884:47":32,"s:884:53:884:78":407,"b:884:53:884:67:884:67:884:78":171,"s:885:24:885:Infinity":408,"s:887:2:889:Infinity":409,"s:888:4:888:Infinity":410,"s:891:2:891:Infinity":411,"f:894:16:894:34":33,"s:895:18:895:Infinity":412,"s:896:13:896:Infinity":413,"b:899:2:903:Infinity:901:2:903:Infinity":172,"s:899:2:903:Infinity":414,"b:899:6:899:24:899:24:899:40":173,"s:900:4:900:Infinity":415,"b:901:2:903:Infinity:undefined:undefined:undefined:undefined":174,"s:901:2:903:Infinity":416,"s:902:4:902:Infinity":417,"s:905:2:905:Infinity":418,"f:908:16:908:33":34,"b:912:4:914:Infinity:915:4:917:Infinity:918:4:920:Infinity:921:4:923:Infinity:924:4:926:Infinity:927:4:929:Infinity:930:4:941:Infinity:942:4:947:Infinity:948:4:955:Infinity:956:4:960:Infinity:961:4:965:Infinity:966:4:969:Infinity:970:4:971:Infinity":175,"s:911:2:972:Infinity":419,"s:913:6:913:Infinity":420,"s:914:6:914:Infinity":421,"s:916:6:916:Infinity":422,"s:917:6:917:Infinity":423,"s:919:6:919:Infinity":424,"s:920:6:920:Infinity":425,"s:922:6:922:Infinity":426,"s:923:6:923:Infinity":427,"s:925:6:925:Infinity":428,"s:926:6:926:Infinity":429,"s:929:6:929:Infinity":430,"s:931:18:931:Infinity":431,"b:932:6:932:Infinity:undefined:undefined:undefined:undefined":176,"s:932:6:932:Infinity":432,"s:932:16:932:Infinity":433,"s:934:8:936:Infinity":434,"b:935:12:935:Infinity:936:12:936:Infinity":177,"s:937:24:937:Infinity":435,"b:937:41:937:56:937:56:937:Infinity":178,"s:938:24:938:Infinity":436,"b:939:6:939:Infinity:undefined:undefined:undefined:undefined":179,"s:939:6:939:Infinity":437,"s:939:24:939:Infinity":438,"s:940:6:940:Infinity":439,"s:943:21:943:Infinity":440,"b:944:6:944:Infinity:undefined:undefined:undefined:undefined":180,"s:944:6:944:Infinity":441,"s:944:19:944:Infinity":442,"s:945:24:945:Infinity":443,"b:945:41:945:59:945:59:945:Infinity":181,"s:946:6:946:Infinity":444,"b:949:6:953:Infinity:951:13:953:Infinity":182,"s:949:6:953:Infinity":445,"b:949:10:949:31:949:31:949:52":183,"s:950:8:950:Infinity":446,"s:952:8:952:Infinity":447,"s:954:6:954:Infinity":448,"b:957:6:957:Infinity:undefined:undefined:undefined:undefined":184,"s:957:6:957:Infinity":449,"s:957:29:957:Infinity":450,"s:958:6:958:Infinity":451,"s:959:6:959:Infinity":452,"b:962:6:962:Infinity:undefined:undefined:undefined:undefined":185,"s:962:6:962:Infinity":453,"b:962:10:962:33:962:33:962:66":186,"s:962:66:962:Infinity":454,"s:963:6:963:Infinity":455,"s:964:6:964:Infinity":456,"s:969:6:969:Infinity":457,"s:971:6:971:Infinity":458,"b:975:2:977:Infinity:undefined:undefined:undefined:undefined":187,"s:975:2:977:Infinity":459,"b:975:6:975:29:975:29:975:49":188,"s:976:4:976:Infinity":460,"b:980:2:982:Infinity:undefined:undefined:undefined:undefined":189,"s:980:2:982:Infinity":461,"s:981:4:981:Infinity":462,"b:985:2:987:Infinity:undefined:undefined:undefined:undefined":190,"s:985:2:987:Infinity":463,"s:986:4:986:Infinity":464,"s:989:2:989:Infinity":465,"f:992:9:992:25":35,"s:993:2:993:Infinity":466,"f:998:16:998:35":36,"s:999:26:999:Infinity":467,"s:1001:2:1014:Infinity":468,"b:1002:4:1013:Infinity:undefined:undefined:undefined:undefined":191,"s:1002:4:1013:Infinity":469,"b:1003:6:1012:Infinity:1006:6:1012:Infinity":192,"s:1003:6:1012:Infinity":470,"s:1005:8:1005:Infinity":471,"b:1006:6:1012:Infinity:1009:13:1012:Infinity":193,"s:1006:6:1012:Infinity":472,"s:1008:8:1008:Infinity":473,"s:1011:8:1011:Infinity":474,"b:1016:2:1016:Infinity:undefined:undefined:undefined:undefined":194,"s:1016:2:1016:Infinity":475,"s:1016:26:1016:Infinity":476,"s:1018:2:1018:Infinity":477,"f:1021:16:1021:Infinity":37,"s:1024:17:1024:Infinity":478,"s:1025:2:1029:Infinity":479,"f:1032:16:1032:42":38,"s:1033:17:1033:Infinity":480,"s:1034:16:1038:Infinity":481,"s:1041:20:1043:Infinity":482,"f:1042:4:1042:5":39,"s:1042:11:1042:Infinity":483,"b:1042:11:1042:31:1042:31:1042:46:1042:46:1042:Infinity":195,"s:1044:2:1049:Infinity":484,"s:1045:4:1048:Infinity":485,"s:1051:2:1051:Infinity":486,"s:1053:2:1053:Infinity":487,"f:1058:16:1058:36":40,"s:1059:26:1059:Infinity":488,"s:1061:2:1071:Infinity":489,"b:1062:4:1070:Infinity:undefined:undefined:undefined:undefined":196,"s:1062:4:1070:Infinity":490,"b:1062:8:1062:24:1062:24:1062:54:1062:54:1062:87":197,"b:1063:6:1069:Infinity:1066:13:1069:Infinity":198,"s:1063:6:1069:Infinity":491,"s:1065:8:1065:Infinity":492,"s:1068:8:1068:Infinity":493,"b:1073:2:1073:Infinity:undefined:undefined:undefined:undefined":199,"s:1073:2:1073:Infinity":494,"s:1073:26:1073:Infinity":495,"s:1075:2:1075:Infinity":496,"f:1078:16:1078:43":41,"s:1079:17:1079:Infinity":497,"s:1080:2:1086:Infinity":498,"f:1091:16:1091:33":42,"s:1092:26:1092:Infinity":499,"s:1095:2:1095:Infinity":500,"s:1096:2:1096:Infinity":501,"s:1097:2:1097:Infinity":502,"s:1098:2:1098:Infinity":503,"s:1101:23:1101:Infinity":504,"b:1102:2:1105:Infinity:undefined:undefined:undefined:undefined":200,"s:1102:2:1105:Infinity":505,"s:1103:4:1103:Infinity":506,"s:1104:4:1104:Infinity":507,"s:1108:2:1108:Infinity":508,"s:1109:2:1109:Infinity":509,"s:1110:20:1110:Infinity":510,"b:1110:20:1110:45:1110:45:1110:Infinity":201,"s:1111:17:1111:Infinity":511,"s:1112:2:1133:Infinity":512,"s:1112:15:1112:18":513,"s:1113:4:1113:Infinity":514,"s:1114:4:1114:Infinity":515,"b:1116:4:1132:Infinity:undefined:undefined:undefined:undefined":202,"s:1116:4:1132:Infinity":516,"s:1117:6:1117:Infinity":517,"s:1118:6:1118:Infinity":518,"s:1119:6:1119:Infinity":519,"s:1120:6:1120:Infinity":520,"s:1121:6:1121:Infinity":521,"s:1122:6:1124:Infinity":522,"s:1125:6:1125:Infinity":523,"s:1126:6:1126:Infinity":524,"s:1127:6:1127:Infinity":525,"s:1128:6:1128:Infinity":526,"s:1129:6:1129:Infinity":527,"s:1130:6:1130:Infinity":528,"s:1131:6:1131:Infinity":529,"s:1136:2:1136:Infinity":530,"s:1137:2:1137:Infinity":531,"s:1138:2:1138:Infinity":532,"s:1139:2:1139:Infinity":533,"b:1141:2:1150:Infinity:undefined:undefined:undefined:undefined":203,"s:1141:2:1150:Infinity":534,"s:1142:4:1142:Infinity":535,"s:1143:4:1143:Infinity":536,"s:1144:4:1144:Infinity":537,"s:1145:4:1145:Infinity":538,"s:1146:4:1146:Infinity":539,"s:1147:4:1147:Infinity":540,"s:1148:4:1148:Infinity":541,"s:1149:4:1149:Infinity":542,"s:1152:2:1152:Infinity":543,"s:1153:2:1153:Infinity":544,"s:1154:2:1154:Infinity":545,"s:1157:20:1159:Infinity":546,"f:1158:4:1158:5":43,"s:1158:11:1158:Infinity":547,"b:1158:11:1158:23:1158:23:1158:49:1158:49:1158:Infinity":204,"b:1160:2:1168:Infinity:undefined:undefined:undefined:undefined":205,"s:1160:2:1168:Infinity":548,"s:1161:4:1161:Infinity":549,"s:1162:4:1166:Infinity":550,"s:1163:6:1165:Infinity":551,"s:1167:4:1167:Infinity":552,"s:1170:2:1170:Infinity":553,"s:1171:2:1171:Infinity":554,"s:1172:2:1172:Infinity":555,"s:1174:2:1174:Infinity":556,"f:1177:16:1177:38":44,"s:1178:25:1178:Infinity":557,"s:1179:27:1179:Infinity":558,"b:1183:4:1187:Infinity:1188:4:1202:Infinity:1203:4:1227:Infinity:1228:4:1324:Infinity":206,"s:1182:2:1326:Infinity":559,"s:1184:22:1184:Infinity":560,"b:1184:22:1184:53:1184:53:1184:Infinity":207,"s:1185:6:1185:Infinity":561,"s:1186:6:1186:Infinity":562,"s:1189:17:1189:Infinity":563,"s:1190:31:1190:Infinity":564,"s:1191:6:1191:Infinity":565,"b:1191:29:1191:42:1191:42:1191:52":208,"s:1192:6:1194:Infinity":566,"b:1193:25:1193:43:1193:43:1193:66":209,"s:1195:6:1195:Infinity":567,"b:1195:36:1195:54:1195:54:1195:66":210,"s:1196:6:1196:Infinity":568,"b:1196:40:1196:62:1196:62:1196:74":211,"s:1197:6:1197:Infinity":569,"b:1197:34:1197:51:1197:51:1197:62":212,"s:1198:6:1200:Infinity":570,"s:1201:6:1201:Infinity":571,"s:1204:17:1204:Infinity":572,"s:1205:31:1205:Infinity":573,"s:1206:6:1208:Infinity":574,"b:1207:30:1207:53:1207:53:1207:97":213,"s:1209:6:1209:Infinity":575,"b:1209:32:1209:47:1209:47:1209:57":214,"s:1210:6:1212:Infinity":576,"b:1211:28:1211:48:1211:48:1211:71":215,"s:1213:6:1213:Infinity":577,"b:1213:32:1213:47:1213:47:1213:58":216,"s:1214:6:1214:Infinity":578,"b:1214:39:1214:59:1214:59:1214:71":217,"s:1215:6:1217:Infinity":579,"b:1216:33:1216:57:1216:57:1216:69":218,"s:1218:6:1218:Infinity":580,"b:1218:35:1218:53:1218:53:1218:55":219,"s:1219:6:1219:Infinity":581,"b:1219:34:1219:51:1219:51:1219:59":220,"s:1220:6:1222:Infinity":582,"b:1221:24:1221:41:1221:41:1221:56:1221:56:1221:66":221,"s:1223:6:1225:Infinity":583,"s:1226:6:1226:Infinity":584,"s:1229:17:1229:Infinity":585,"s:1230:19:1230:Infinity":586,"b:1230:19:1230:41:1230:41:1230:Infinity":222,"s:1231:18:1231:Infinity":587,"b:1231:18:1231:44:1231:44:1231:Infinity":223,"s:1232:28:1232:Infinity":588,"b:1235:6:1245:Infinity:1237:13:1245:Infinity":224,"s:1235:6:1245:Infinity":589,"s:1236:8:1236:Infinity":590,"s:1238:26:1238:Infinity":591,"s:1239:25:1239:Infinity":592,"b:1240:8:1240:Infinity:undefined:undefined:undefined:undefined":225,"s:1240:8:1240:Infinity":593,"s:1240:27:1240:Infinity":594,"s:1241:8:1244:Infinity":595,"b:1243:14:1243:Infinity:1244:14:1244:Infinity":226,"s:1247:23:1247:Infinity":596,"s:1248:22:1248:Infinity":597,"b:1250:6:1255:Infinity:undefined:undefined:undefined:undefined":227,"s:1250:6:1255:Infinity":598,"b:1251:8:1251:Infinity:1252:8:1252:Infinity":228,"s:1254:8:1254:Infinity":599,"s:1257:8:1259:Infinity":600,"b:1258:12:1258:Infinity:1259:12:1259:Infinity":229,"s:1262:37:1262:Infinity":601,"s:1263:6:1263:Infinity":602,"b:1266:6:1270:Infinity:undefined:undefined:undefined:undefined":230,"s:1266:6:1270:Infinity":603,"s:1267:8:1267:Infinity":604,"s:1268:8:1268:Infinity":605,"s:1269:8:1269:Infinity":606,"s:1272:6:1272:Infinity":607,"s:1273:6:1273:Infinity":608,"s:1274:6:1274:Infinity":609,"s:1275:6:1275:Infinity":610,"s:1276:6:1276:Infinity":611,"b:1279:6:1309:Infinity:1300:6:1309:Infinity":231,"s:1279:6:1309:Infinity":612,"s:1280:8:1280:Infinity":613,"s:1281:8:1281:Infinity":614,"s:1282:35:1282:Infinity":615,"s:1283:8:1285:Infinity":616,"b:1284:21:1284:40:1284:40:1284:56:1284:56:1284:66":232,"s:1286:8:1288:Infinity":617,"b:1287:27:1287:51:1287:51:1287:72:1287:72:1287:95":233,"s:1289:8:1291:Infinity":618,"b:1290:28:1290:52:1290:52:1290:73:1290:73:1290:85":234,"s:1292:8:1294:Infinity":619,"b:1293:32:1293:60:1293:60:1293:85:1293:85:1293:97":235,"s:1295:8:1297:Infinity":620,"b:1296:26:1296:49:1296:49:1296:69:1296:69:1296:80":236,"s:1298:8:1298:Infinity":621,"b:1298:33:1298:52:1298:52:1298:60":237,"s:1299:8:1299:Infinity":622,"b:1300:6:1309:Infinity:1305:6:1309:Infinity":238,"s:1300:6:1309:Infinity":623,"s:1301:8:1301:Infinity":624,"s:1302:8:1302:Infinity":625,"s:1303:24:1303:Infinity":626,"b:1303:24:1303:42:1303:42:1303:Infinity":239,"s:1304:8:1304:Infinity":627,"b:1305:6:1309:Infinity:undefined:undefined:undefined:undefined":240,"s:1305:6:1309:Infinity":628,"s:1306:8:1306:Infinity":629,"s:1307:8:1307:Infinity":630,"s:1308:8:1308:Infinity":631,"s:1312:6:1312:Infinity":632,"s:1313:6:1313:Infinity":633,"b:1316:6:1322:Infinity:1320:13:1322:Infinity":241,"s:1316:6:1322:Infinity":634,"s:1317:8:1319:Infinity":635,"s:1321:8:1321:Infinity":636,"s:1323:6:1323:Infinity":637,"b:1329:2:1331:Infinity:undefined:undefined:undefined:undefined":242,"s:1329:2:1331:Infinity":638,"s:1330:4:1330:Infinity":639,"b:1334:2:1336:Infinity:undefined:undefined:undefined:undefined":243,"s:1334:2:1336:Infinity":640,"s:1335:4:1335:Infinity":641,"b:1339:2:1345:Infinity:1341:2:1345:Infinity":244,"s:1339:2:1345:Infinity":642,"s:1340:4:1340:Infinity":643,"b:1341:2:1345:Infinity:undefined:undefined:undefined:undefined":245,"s:1341:2:1345:Infinity":644,"s:1342:4:1344:Infinity":645,"b:1348:2:1353:Infinity:undefined:undefined:undefined:undefined":246,"s:1348:2:1353:Infinity":646,"s:1349:19:1349:Infinity":647,"b:1350:4:1352:Infinity:undefined:undefined:undefined:undefined":247,"s:1350:4:1352:Infinity":648,"s:1351:6:1351:Infinity":649,"b:1355:2:1357:Infinity:undefined:undefined:undefined:undefined":248,"s:1355:2:1357:Infinity":650,"s:1356:4:1356:Infinity":651,"b:1359:2:1361:Infinity:undefined:undefined:undefined:undefined":249,"s:1359:2:1361:Infinity":652,"b:1359:6:1359:27:1359:27:1359:52":250,"s:1360:4:1360:Infinity":653,"s:1363:2:1364:Infinity":654,"f:1368:16:1368:37":45,"s:1369:25:1369:Infinity":655,"s:1372:26:1374:Infinity":656,"b:1373:6:1373:Infinity:1374:6:1374:Infinity":251,"s:1375:2:1377:Infinity":657,"s:1380:24:1380:Infinity":658,"b:1381:2:1386:Infinity:undefined:undefined:undefined:undefined":252,"s:1381:2:1386:Infinity":659,"s:1382:22:1384:Infinity":660,"f:1383:11:1383:12":46,"s:1383:18:1383:46":661,"s:1385:4:1385:Infinity":662,"b:1389:2:1391:Infinity:undefined:undefined:undefined:undefined":253,"s:1389:2:1391:Infinity":663,"b:1389:6:1389:22:1389:22:1389:52:1389:52:1389:85":254,"s:1390:4:1390:Infinity":664,"b:1393:2:1395:Infinity:undefined:undefined:undefined:undefined":255,"s:1393:2:1395:Infinity":665,"s:1394:4:1394:Infinity":666,"s:1397:2:1397:Infinity":667,"f:1405:9:1405:26":47,"b:1406:2:1406:Infinity:undefined:undefined:undefined:undefined":256,"s:1406:2:1406:Infinity":668,"s:1406:34:1406:Infinity":669,"s:1408:2:1413:Infinity":670,"f:1409:12:1409:13":48,"s:1409:19:1409:30":671,"f:1410:9:1410:10":49,"s:1410:17:1413:6":672,"f:1416:9:1416:31":50,"b:1418:4:1419:Infinity:1420:4:1421:Infinity:1422:4:1423:Infinity:1424:4:1425:Infinity:1426:4:1427:Infinity:1428:4:1429:Infinity:1430:4:1431:Infinity:1432:4:1433:Infinity:1434:4:1435:Infinity:1436:4:1437:Infinity":257,"s:1417:2:1438:Infinity":673,"s:1419:6:1419:Infinity":674,"b:1419:30:1419:45:1419:45:1419:Infinity":258,"s:1421:6:1421:Infinity":675,"b:1421:30:1421:45:1421:45:1421:Infinity":259,"s:1423:6:1423:Infinity":676,"b:1423:30:1423:47:1423:47:1423:Infinity":260,"s:1425:6:1425:Infinity":677,"s:1427:6:1427:Infinity":678,"s:1429:6:1429:Infinity":679,"s:1431:6:1431:Infinity":680,"b:1431:13:1431:33:1431:33:1431:Infinity":261,"s:1433:6:1433:Infinity":681,"b:1433:13:1433:48:1433:48:1433:Infinity":262,"s:1435:6:1435:Infinity":682,"s:1437:6:1437:Infinity":683,"f:1443:16:1443:31":51,"s:1444:2:1468:Infinity":684,"f:1464:19:1464:20":52,"s:1464:26:1464:80":685,"f:1477:9:1477:31":53,"b:1479:4:1480:Infinity:1481:4:1482:Infinity:1483:4:1484:Infinity:1485:4:1486:Infinity:1487:4:1491:Infinity":263,"s:1478:2:1492:Infinity":686,"s:1480:6:1480:Infinity":687,"s:1482:6:1482:Infinity":688,"b:1482:44:1482:75:1482:75:1482:83":264,"s:1484:6:1484:Infinity":689,"s:1486:6:1486:Infinity":690,"s:1488:19:1488:Infinity":691,"b:1488:19:1488:58:1488:58:1488:Infinity":265,"s:1489:18:1489:Infinity":692,"b:1489:18:1489:61:1489:61:1489:Infinity":266,"s:1490:6:1490:Infinity":693,"f:1497:16:1497:28":54,"s:1498:2:1501:Infinity":694}}}
,"/home/hychou/project/autocrud/autocrud-lib/wizard/src/lib/generator/index.ts": {"path":"/home/hychou/project/autocrud/autocrud-lib/wizard/src/lib/generator/index.ts","statementMap":{},"fnMap":{},"branchMap":{},"s":{},"f":{},"b":{},"meta":{"lastBranch":0,"lastFunction":0,"lastStatement":0,"seen":{}}}
}
