{"/home/hychou/project/autocrud/autocrud-lib/wizard/src/lib/generator/generateProject.ts": {"path":"/home/hychou/project/autocrud/autocrud-lib/wizard/src/lib/generator/generateProject.ts","statementMap":{"0":{"start":{"line":30,"column":2},"end":{"line":51,"column":null}},"1":{"start":{"line":57,"column":15},"end":{"line":57,"column":null}},"2":{"start":{"line":58,"column":18},"end":{"line":58,"column":null}},"3":{"start":{"line":58,"column":34},"end":{"line":58,"column":47}},"4":{"start":{"line":60,"column":2},"end":{"line":66,"column":null}},"5":{"start":{"line":76,"column":25},"end":{"line":76,"column":null}},"6":{"start":{"line":78,"column":2},"end":{"line":117,"column":null}},"7":{"start":{"line":80,"column":6},"end":{"line":80,"column":null}},"8":{"start":{"line":81,"column":6},"end":{"line":81,"column":null}},"9":{"start":{"line":83,"column":6},"end":{"line":83,"column":null}},"10":{"start":{"line":84,"column":6},"end":{"line":84,"column":null}},"11":{"start":{"line":85,"column":6},"end":{"line":85,"column":null}},"12":{"start":{"line":87,"column":17},"end":{"line":87,"column":null}},"13":{"start":{"line":88,"column":19},"end":{"line":88,"column":null}},"14":{"start":{"line":89,"column":18},"end":{"line":89,"column":null}},"15":{"start":{"line":92,"column":33},"end":{"line":92,"column":null}},"16":{"start":{"line":93,"column":6},"end":{"line":96,"column":null}},"17":{"start":{"line":94,"column":8},"end":{"line":94,"column":null}},"18":{"start":{"line":95,"column":8},"end":{"line":95,"column":null}},"19":{"start":{"line":99,"column":8},"end":{"line":100,"column":null}},"20":{"start":{"line":101,"column":25},"end":{"line":101,"column":null}},"21":{"start":{"line":102,"column":28},"end":{"line":102,"column":null}},"22":{"start":{"line":103,"column":30},"end":{"line":103,"column":null}},"23":{"start":{"line":105,"column":6},"end":{"line":109,"column":null}},"24":{"start":{"line":106,"column":8},"end":{"line":106,"column":null}},"25":{"start":{"line":108,"column":8},"end":{"line":108,"column":null}},"26":{"start":{"line":110,"column":6},"end":{"line":110,"column":null}},"27":{"start":{"line":110,"column":22},"end":{"line":110,"column":null}},"28":{"start":{"line":111,"column":6},"end":{"line":111,"column":null}},"29":{"start":{"line":111,"column":25},"end":{"line":111,"column":null}},"30":{"start":{"line":112,"column":6},"end":{"line":112,"column":null}},"31":{"start":{"line":112,"column":27},"end":{"line":112,"column":null}},"32":{"start":{"line":113,"column":6},"end":{"line":113,"column":null}},"33":{"start":{"line":116,"column":6},"end":{"line":116,"column":null}},"34":{"start":{"line":119,"column":2},"end":{"line":119,"column":null}},"35":{"start":{"line":121,"column":2},"end":{"line":121,"column":null}},"36":{"start":{"line":127,"column":29},"end":{"line":127,"column":null}},"37":{"start":{"line":130,"column":2},"end":{"line":130,"column":null}},"38":{"start":{"line":133,"column":19},"end":{"line":133,"column":null}},"39":{"start":{"line":134,"column":2},"end":{"line":134,"column":null}},"40":{"start":{"line":134,"column":16},"end":{"line":134,"column":null}},"41":{"start":{"line":137,"column":24},"end":{"line":137,"column":null}},"42":{"start":{"line":138,"column":2},"end":{"line":138,"column":null}},"43":{"start":{"line":138,"column":21},"end":{"line":138,"column":null}},"44":{"start":{"line":141,"column":2},"end":{"line":141,"column":null}},"45":{"start":{"line":144,"column":21},"end":{"line":144,"column":null}},"46":{"start":{"line":145,"column":2},"end":{"line":145,"column":null}},"47":{"start":{"line":145,"column":18},"end":{"line":145,"column":null}},"48":{"start":{"line":148,"column":2},"end":{"line":148,"column":null}},"49":{"start":{"line":150,"column":2},"end":{"line":150,"column":null}},"50":{"start":{"line":156,"column":26},"end":{"line":156,"column":null}},"51":{"start":{"line":157,"column":26},"end":{"line":157,"column":null}},"52":{"start":{"line":158,"column":31},"end":{"line":158,"column":null}},"53":{"start":{"line":159,"column":24},"end":{"line":159,"column":null}},"54":{"start":{"line":160,"column":21},"end":{"line":160,"column":null}},"55":{"start":{"line":161,"column":23},"end":{"line":161,"column":null}},"56":{"start":{"line":162,"column":17},"end":{"line":162,"column":null}},"57":{"start":{"line":165,"column":2},"end":{"line":227,"column":null}},"58":{"start":{"line":166,"column":4},"end":{"line":226,"column":null}},"59":{"start":{"line":167,"column":6},"end":{"line":206,"column":null}},"60":{"start":{"line":169,"column":8},"end":{"line":175,"column":null}},"61":{"start":{"line":174,"column":10},"end":{"line":174,"column":null}},"62":{"start":{"line":176,"column":8},"end":{"line":178,"column":null}},"63":{"start":{"line":177,"column":10},"end":{"line":177,"column":null}},"64":{"start":{"line":179,"column":8},"end":{"line":181,"column":null}},"65":{"start":{"line":180,"column":10},"end":{"line":180,"column":null}},"66":{"start":{"line":182,"column":8},"end":{"line":184,"column":null}},"67":{"start":{"line":183,"column":10},"end":{"line":183,"column":null}},"68":{"start":{"line":185,"column":8},"end":{"line":187,"column":null}},"69":{"start":{"line":186,"column":10},"end":{"line":186,"column":null}},"70":{"start":{"line":188,"column":8},"end":{"line":191,"column":null}},"71":{"start":{"line":189,"column":10},"end":{"line":189,"column":null}},"72":{"start":{"line":190,"column":10},"end":{"line":190,"column":null}},"73":{"start":{"line":192,"column":8},"end":{"line":194,"column":null}},"74":{"start":{"line":193,"column":10},"end":{"line":193,"column":null}},"75":{"start":{"line":195,"column":8},"end":{"line":197,"column":null}},"76":{"start":{"line":196,"column":10},"end":{"line":196,"column":null}},"77":{"start":{"line":198,"column":8},"end":{"line":205,"column":null}},"78":{"start":{"line":204,"column":10},"end":{"line":204,"column":null}},"79":{"start":{"line":207,"column":6},"end":{"line":209,"column":null}},"80":{"start":{"line":208,"column":8},"end":{"line":208,"column":null}},"81":{"start":{"line":212,"column":19},"end":{"line":212,"column":null}},"82":{"start":{"line":213,"column":6},"end":{"line":213,"column":null}},"83":{"start":{"line":213,"column":40},"end":{"line":213,"column":null}},"84":{"start":{"line":214,"column":6},"end":{"line":217,"column":null}},"85":{"start":{"line":215,"column":8},"end":{"line":215,"column":null}},"86":{"start":{"line":216,"column":8},"end":{"line":216,"column":null}},"87":{"start":{"line":218,"column":6},"end":{"line":219,"column":null}},"88":{"start":{"line":219,"column":8},"end":{"line":219,"column":null}},"89":{"start":{"line":220,"column":6},"end":{"line":220,"column":null}},"90":{"start":{"line":220,"column":35},"end":{"line":220,"column":null}},"91":{"start":{"line":221,"column":6},"end":{"line":221,"column":null}},"92":{"start":{"line":221,"column":33},"end":{"line":221,"column":null}},"93":{"start":{"line":222,"column":6},"end":{"line":222,"column":null}},"94":{"start":{"line":222,"column":38},"end":{"line":222,"column":null}},"95":{"start":{"line":223,"column":6},"end":{"line":223,"column":null}},"96":{"start":{"line":223,"column":37},"end":{"line":223,"column":null}},"97":{"start":{"line":224,"column":6},"end":{"line":224,"column":null}},"98":{"start":{"line":224,"column":37},"end":{"line":224,"column":null}},"99":{"start":{"line":225,"column":6},"end":{"line":225,"column":null}},"100":{"start":{"line":225,"column":60},"end":{"line":225,"column":null}},"101":{"start":{"line":230,"column":2},"end":{"line":230,"column":null}},"102":{"start":{"line":230,"column":20},"end":{"line":230,"column":null}},"103":{"start":{"line":231,"column":2},"end":{"line":231,"column":null}},"104":{"start":{"line":231,"column":20},"end":{"line":231,"column":null}},"105":{"start":{"line":232,"column":2},"end":{"line":232,"column":null}},"106":{"start":{"line":232,"column":16},"end":{"line":232,"column":null}},"107":{"start":{"line":233,"column":2},"end":{"line":236,"column":null}},"108":{"start":{"line":234,"column":19},"end":{"line":234,"column":null}},"109":{"start":{"line":235,"column":4},"end":{"line":235,"column":null}},"110":{"start":{"line":237,"column":2},"end":{"line":237,"column":null}},"111":{"start":{"line":237,"column":24},"end":{"line":237,"column":null}},"112":{"start":{"line":240,"column":2},"end":{"line":240,"column":null}},"113":{"start":{"line":241,"column":2},"end":{"line":241,"column":null}},"114":{"start":{"line":242,"column":2},"end":{"line":246,"column":null}},"115":{"start":{"line":243,"column":4},"end":{"line":245,"column":null}},"116":{"start":{"line":247,"column":2},"end":{"line":252,"column":null}},"117":{"start":{"line":249,"column":29},"end":{"line":249,"column":83}},"118":{"start":{"line":251,"column":4},"end":{"line":251,"column":null}},"119":{"start":{"line":253,"column":2},"end":{"line":258,"column":null}},"120":{"start":{"line":255,"column":29},"end":{"line":255,"column":86}},"121":{"start":{"line":257,"column":4},"end":{"line":257,"column":null}},"122":{"start":{"line":259,"column":2},"end":{"line":259,"column":null}},"123":{"start":{"line":262,"column":25},"end":{"line":262,"column":null}},"124":{"start":{"line":263,"column":2},"end":{"line":263,"column":null}},"125":{"start":{"line":266,"column":24},"end":{"line":266,"column":null}},"126":{"start":{"line":267,"column":2},"end":{"line":267,"column":null}},"127":{"start":{"line":267,"column":21},"end":{"line":267,"column":null}},"128":{"start":{"line":270,"column":2},"end":{"line":274,"column":null}},"129":{"start":{"line":271,"column":4},"end":{"line":273,"column":null}},"130":{"start":{"line":272,"column":6},"end":{"line":272,"column":null}},"131":{"start":{"line":278,"column":2},"end":{"line":280,"column":null}},"132":{"start":{"line":278,"column":31},"end":{"line":278,"column":48}},"133":{"start":{"line":279,"column":4},"end":{"line":279,"column":null}},"134":{"start":{"line":281,"column":2},"end":{"line":284,"column":null}},"135":{"start":{"line":282,"column":19},"end":{"line":282,"column":null}},"136":{"start":{"line":283,"column":4},"end":{"line":283,"column":null}},"137":{"start":{"line":286,"column":2},"end":{"line":286,"column":null}},"138":{"start":{"line":290,"column":2},"end":{"line":299,"column":null}},"139":{"start":{"line":292,"column":6},"end":{"line":292,"column":null}},"140":{"start":{"line":294,"column":6},"end":{"line":294,"column":null}},"141":{"start":{"line":296,"column":6},"end":{"line":296,"column":null}},"142":{"start":{"line":298,"column":6},"end":{"line":298,"column":null}},"143":{"start":{"line":303,"column":28},"end":{"line":303,"column":null}},"144":{"start":{"line":304,"column":13},"end":{"line":304,"column":null}},"145":{"start":{"line":305,"column":15},"end":{"line":305,"column":null}},"146":{"start":{"line":306,"column":14},"end":{"line":306,"column":null}},"147":{"start":{"line":308,"column":2},"end":{"line":310,"column":null}},"148":{"start":{"line":313,"column":2},"end":{"line":324,"column":null}},"149":{"start":{"line":314,"column":4},"end":{"line":314,"column":null}},"150":{"start":{"line":315,"column":17},"end":{"line":315,"column":null}},"151":{"start":{"line":316,"column":17},"end":{"line":316,"column":null}},"152":{"start":{"line":317,"column":23},"end":{"line":317,"column":null}},"153":{"start":{"line":318,"column":4},"end":{"line":318,"column":null}},"154":{"start":{"line":318,"column":20},"end":{"line":318,"column":null}},"155":{"start":{"line":319,"column":23},"end":{"line":319,"column":null}},"156":{"start":{"line":320,"column":4},"end":{"line":320,"column":null}},"157":{"start":{"line":320,"column":20},"end":{"line":320,"column":null}},"158":{"start":{"line":322,"column":23},"end":{"line":322,"column":null}},"159":{"start":{"line":323,"column":4},"end":{"line":323,"column":null}},"160":{"start":{"line":323,"column":20},"end":{"line":323,"column":null}},"161":{"start":{"line":327,"column":20},"end":{"line":327,"column":null}},"162":{"start":{"line":328,"column":2},"end":{"line":328,"column":null}},"163":{"start":{"line":328,"column":17},"end":{"line":328,"column":null}},"164":{"start":{"line":330,"column":2},"end":{"line":330,"column":null}},"165":{"start":{"line":333,"column":60},"end":{"line":343,"column":null}},"166":{"start":{"line":345,"column":61},"end":{"line":363,"column":null}},"167":{"start":{"line":365,"column":68},"end":{"line":372,"column":null}},"168":{"start":{"line":374,"column":69},"end":{"line":385,"column":null}},"169":{"start":{"line":390,"column":25},"end":{"line":390,"column":null}},"170":{"start":{"line":391,"column":2},"end":{"line":419,"column":null}},"171":{"start":{"line":393,"column":6},"end":{"line":393,"column":null}},"172":{"start":{"line":394,"column":6},"end":{"line":394,"column":null}},"173":{"start":{"line":396,"column":6},"end":{"line":396,"column":null}},"174":{"start":{"line":397,"column":6},"end":{"line":397,"column":null}},"175":{"start":{"line":398,"column":6},"end":{"line":398,"column":null}},"176":{"start":{"line":400,"column":6},"end":{"line":400,"column":null}},"177":{"start":{"line":401,"column":6},"end":{"line":401,"column":null}},"178":{"start":{"line":402,"column":6},"end":{"line":402,"column":null}},"179":{"start":{"line":404,"column":6},"end":{"line":404,"column":null}},"180":{"start":{"line":405,"column":6},"end":{"line":405,"column":null}},"181":{"start":{"line":406,"column":6},"end":{"line":406,"column":null}},"182":{"start":{"line":408,"column":6},"end":{"line":408,"column":null}},"183":{"start":{"line":409,"column":6},"end":{"line":409,"column":null}},"184":{"start":{"line":411,"column":6},"end":{"line":411,"column":null}},"185":{"start":{"line":412,"column":6},"end":{"line":412,"column":null}},"186":{"start":{"line":413,"column":6},"end":{"line":413,"column":null}},"187":{"start":{"line":414,"column":6},"end":{"line":414,"column":null}},"188":{"start":{"line":415,"column":6},"end":{"line":415,"column":null}},"189":{"start":{"line":416,"column":6},"end":{"line":416,"column":null}},"190":{"start":{"line":417,"column":6},"end":{"line":417,"column":null}},"191":{"start":{"line":420,"column":2},"end":{"line":420,"column":null}},"192":{"start":{"line":424,"column":15},"end":{"line":424,"column":null}},"193":{"start":{"line":425,"column":15},"end":{"line":425,"column":null}},"194":{"start":{"line":426,"column":23},"end":{"line":426,"column":null}},"195":{"start":{"line":428,"column":20},"end":{"line":428,"column":null}},"196":{"start":{"line":429,"column":19},"end":{"line":429,"column":null}},"197":{"start":{"line":430,"column":19},"end":{"line":432,"column":null}},"198":{"start":{"line":434,"column":20},"end":{"line":434,"column":null}},"199":{"start":{"line":435,"column":19},"end":{"line":435,"column":null}},"200":{"start":{"line":436,"column":19},"end":{"line":438,"column":null}},"201":{"start":{"line":440,"column":2},"end":{"line":440,"column":null}},"202":{"start":{"line":444,"column":25},"end":{"line":444,"column":null}},"203":{"start":{"line":445,"column":2},"end":{"line":465,"column":null}},"204":{"start":{"line":447,"column":6},"end":{"line":447,"column":null}},"205":{"start":{"line":448,"column":6},"end":{"line":448,"column":null}},"206":{"start":{"line":453,"column":6},"end":{"line":453,"column":null}},"207":{"start":{"line":454,"column":6},"end":{"line":454,"column":null}},"208":{"start":{"line":455,"column":6},"end":{"line":455,"column":null}},"209":{"start":{"line":456,"column":6},"end":{"line":456,"column":null}},"210":{"start":{"line":457,"column":6},"end":{"line":457,"column":null}},"211":{"start":{"line":458,"column":6},"end":{"line":458,"column":null}},"212":{"start":{"line":459,"column":6},"end":{"line":462,"column":null}},"213":{"start":{"line":460,"column":8},"end":{"line":460,"column":null}},"214":{"start":{"line":461,"column":8},"end":{"line":461,"column":null}},"215":{"start":{"line":463,"column":6},"end":{"line":463,"column":null}},"216":{"start":{"line":466,"column":2},"end":{"line":466,"column":null}},"217":{"start":{"line":472,"column":34},"end":{"line":472,"column":null}},"218":{"start":{"line":474,"column":2},"end":{"line":478,"column":null}},"219":{"start":{"line":475,"column":4},"end":{"line":477,"column":null}},"220":{"start":{"line":476,"column":6},"end":{"line":476,"column":null}},"221":{"start":{"line":480,"column":2},"end":{"line":480,"column":null}},"222":{"start":{"line":480,"column":26},"end":{"line":480,"column":null}},"223":{"start":{"line":482,"column":2},"end":{"line":482,"column":null}},"224":{"start":{"line":486,"column":16},"end":{"line":486,"column":null}},"225":{"start":{"line":487,"column":2},"end":{"line":493,"column":null}},"226":{"start":{"line":488,"column":4},"end":{"line":488,"column":null}},"227":{"start":{"line":490,"column":4},"end":{"line":492,"column":null}},"228":{"start":{"line":491,"column":6},"end":{"line":491,"column":null}},"229":{"start":{"line":494,"column":2},"end":{"line":494,"column":null}},"230":{"start":{"line":500,"column":44},"end":{"line":500,"column":null}},"231":{"start":{"line":502,"column":2},"end":{"line":506,"column":null}},"232":{"start":{"line":503,"column":4},"end":{"line":505,"column":null}},"233":{"start":{"line":504,"column":6},"end":{"line":504,"column":null}},"234":{"start":{"line":508,"column":2},"end":{"line":508,"column":null}},"235":{"start":{"line":508,"column":31},"end":{"line":508,"column":null}},"236":{"start":{"line":510,"column":2},"end":{"line":510,"column":null}},"237":{"start":{"line":514,"column":18},"end":{"line":514,"column":null}},"238":{"start":{"line":515,"column":2},"end":{"line":519,"column":null}},"239":{"start":{"line":516,"column":4},"end":{"line":516,"column":null}},"240":{"start":{"line":517,"column":2},"end":{"line":519,"column":null}},"241":{"start":{"line":518,"column":4},"end":{"line":518,"column":null}},"242":{"start":{"line":520,"column":26},"end":{"line":520,"column":null}},"243":{"start":{"line":522,"column":2},"end":{"line":537,"column":null}},"244":{"start":{"line":523,"column":4},"end":{"line":523,"column":null}},"245":{"start":{"line":526,"column":27},"end":{"line":528,"column":null}},"246":{"start":{"line":527,"column":13},"end":{"line":527,"column":null}},"247":{"start":{"line":529,"column":28},"end":{"line":531,"column":null}},"248":{"start":{"line":530,"column":13},"end":{"line":530,"column":null}},"249":{"start":{"line":532,"column":26},"end":{"line":532,"column":null}},"250":{"start":{"line":534,"column":4},"end":{"line":536,"column":null}},"251":{"start":{"line":535,"column":6},"end":{"line":535,"column":null}},"252":{"start":{"line":539,"column":2},"end":{"line":539,"column":null}},"253":{"start":{"line":545,"column":26},"end":{"line":545,"column":null}},"254":{"start":{"line":547,"column":2},"end":{"line":553,"column":null}},"255":{"start":{"line":548,"column":4},"end":{"line":552,"column":null}},"256":{"start":{"line":549,"column":6},"end":{"line":549,"column":null}},"257":{"start":{"line":551,"column":6},"end":{"line":551,"column":null}},"258":{"start":{"line":555,"column":2},"end":{"line":555,"column":null}},"259":{"start":{"line":562,"column":20},"end":{"line":562,"column":null}},"260":{"start":{"line":563,"column":26},"end":{"line":563,"column":null}},"261":{"start":{"line":565,"column":2},"end":{"line":568,"column":null}},"262":{"start":{"line":566,"column":4},"end":{"line":566,"column":null}},"263":{"start":{"line":567,"column":4},"end":{"line":567,"column":null}},"264":{"start":{"line":572,"column":25},"end":{"line":574,"column":null}},"265":{"start":{"line":573,"column":11},"end":{"line":573,"column":null}},"266":{"start":{"line":575,"column":26},"end":{"line":577,"column":null}},"267":{"start":{"line":576,"column":11},"end":{"line":576,"column":null}},"268":{"start":{"line":578,"column":24},"end":{"line":578,"column":null}},"269":{"start":{"line":580,"column":2},"end":{"line":582,"column":null}},"270":{"start":{"line":581,"column":4},"end":{"line":581,"column":null}},"271":{"start":{"line":584,"column":2},"end":{"line":584,"column":null}},"272":{"start":{"line":588,"column":18},"end":{"line":588,"column":null}},"273":{"start":{"line":589,"column":13},"end":{"line":589,"column":null}},"274":{"start":{"line":592,"column":2},"end":{"line":596,"column":null}},"275":{"start":{"line":593,"column":4},"end":{"line":593,"column":null}},"276":{"start":{"line":594,"column":2},"end":{"line":596,"column":null}},"277":{"start":{"line":595,"column":4},"end":{"line":595,"column":null}},"278":{"start":{"line":598,"column":2},"end":{"line":598,"column":null}},"279":{"start":{"line":604,"column":2},"end":{"line":665,"column":null}},"280":{"start":{"line":606,"column":6},"end":{"line":606,"column":null}},"281":{"start":{"line":607,"column":6},"end":{"line":607,"column":null}},"282":{"start":{"line":609,"column":6},"end":{"line":609,"column":null}},"283":{"start":{"line":610,"column":6},"end":{"line":610,"column":null}},"284":{"start":{"line":612,"column":6},"end":{"line":612,"column":null}},"285":{"start":{"line":613,"column":6},"end":{"line":613,"column":null}},"286":{"start":{"line":615,"column":6},"end":{"line":615,"column":null}},"287":{"start":{"line":616,"column":6},"end":{"line":616,"column":null}},"288":{"start":{"line":618,"column":6},"end":{"line":618,"column":null}},"289":{"start":{"line":619,"column":6},"end":{"line":619,"column":null}},"290":{"start":{"line":622,"column":6},"end":{"line":622,"column":null}},"291":{"start":{"line":624,"column":18},"end":{"line":624,"column":null}},"292":{"start":{"line":625,"column":6},"end":{"line":625,"column":null}},"293":{"start":{"line":625,"column":16},"end":{"line":625,"column":null}},"294":{"start":{"line":627,"column":8},"end":{"line":629,"column":null}},"295":{"start":{"line":630,"column":24},"end":{"line":630,"column":null}},"296":{"start":{"line":631,"column":24},"end":{"line":631,"column":null}},"297":{"start":{"line":632,"column":6},"end":{"line":632,"column":null}},"298":{"start":{"line":632,"column":24},"end":{"line":632,"column":null}},"299":{"start":{"line":633,"column":6},"end":{"line":633,"column":null}},"300":{"start":{"line":636,"column":21},"end":{"line":636,"column":null}},"301":{"start":{"line":637,"column":6},"end":{"line":637,"column":null}},"302":{"start":{"line":637,"column":19},"end":{"line":637,"column":null}},"303":{"start":{"line":638,"column":24},"end":{"line":638,"column":null}},"304":{"start":{"line":639,"column":6},"end":{"line":639,"column":null}},"305":{"start":{"line":642,"column":6},"end":{"line":646,"column":null}},"306":{"start":{"line":643,"column":8},"end":{"line":643,"column":null}},"307":{"start":{"line":645,"column":8},"end":{"line":645,"column":null}},"308":{"start":{"line":647,"column":6},"end":{"line":647,"column":null}},"309":{"start":{"line":650,"column":6},"end":{"line":650,"column":null}},"310":{"start":{"line":650,"column":29},"end":{"line":650,"column":null}},"311":{"start":{"line":651,"column":6},"end":{"line":651,"column":null}},"312":{"start":{"line":652,"column":6},"end":{"line":652,"column":null}},"313":{"start":{"line":655,"column":6},"end":{"line":655,"column":null}},"314":{"start":{"line":655,"column":66},"end":{"line":655,"column":null}},"315":{"start":{"line":656,"column":6},"end":{"line":656,"column":null}},"316":{"start":{"line":657,"column":6},"end":{"line":657,"column":null}},"317":{"start":{"line":662,"column":6},"end":{"line":662,"column":null}},"318":{"start":{"line":664,"column":6},"end":{"line":664,"column":null}},"319":{"start":{"line":668,"column":2},"end":{"line":670,"column":null}},"320":{"start":{"line":669,"column":4},"end":{"line":669,"column":null}},"321":{"start":{"line":673,"column":2},"end":{"line":675,"column":null}},"322":{"start":{"line":674,"column":4},"end":{"line":674,"column":null}},"323":{"start":{"line":678,"column":2},"end":{"line":680,"column":null}},"324":{"start":{"line":679,"column":4},"end":{"line":679,"column":null}},"325":{"start":{"line":682,"column":2},"end":{"line":682,"column":null}},"326":{"start":{"line":686,"column":2},"end":{"line":686,"column":null}},"327":{"start":{"line":692,"column":26},"end":{"line":692,"column":null}},"328":{"start":{"line":694,"column":2},"end":{"line":707,"column":null}},"329":{"start":{"line":695,"column":4},"end":{"line":706,"column":null}},"330":{"start":{"line":696,"column":6},"end":{"line":705,"column":null}},"331":{"start":{"line":698,"column":8},"end":{"line":698,"column":null}},"332":{"start":{"line":699,"column":6},"end":{"line":705,"column":null}},"333":{"start":{"line":701,"column":8},"end":{"line":701,"column":null}},"334":{"start":{"line":704,"column":8},"end":{"line":704,"column":null}},"335":{"start":{"line":709,"column":2},"end":{"line":709,"column":null}},"336":{"start":{"line":709,"column":26},"end":{"line":709,"column":null}},"337":{"start":{"line":711,"column":2},"end":{"line":711,"column":null}},"338":{"start":{"line":715,"column":17},"end":{"line":715,"column":null}},"339":{"start":{"line":716,"column":2},"end":{"line":720,"column":null}},"340":{"start":{"line":724,"column":17},"end":{"line":724,"column":null}},"341":{"start":{"line":725,"column":16},"end":{"line":729,"column":null}},"342":{"start":{"line":732,"column":20},"end":{"line":734,"column":null}},"343":{"start":{"line":733,"column":11},"end":{"line":733,"column":null}},"344":{"start":{"line":735,"column":2},"end":{"line":740,"column":null}},"345":{"start":{"line":736,"column":4},"end":{"line":739,"column":null}},"346":{"start":{"line":742,"column":2},"end":{"line":745,"column":null}},"347":{"start":{"line":747,"column":2},"end":{"line":747,"column":null}},"348":{"start":{"line":753,"column":26},"end":{"line":753,"column":null}},"349":{"start":{"line":756,"column":2},"end":{"line":756,"column":null}},"350":{"start":{"line":757,"column":2},"end":{"line":757,"column":null}},"351":{"start":{"line":758,"column":2},"end":{"line":758,"column":null}},"352":{"start":{"line":759,"column":2},"end":{"line":759,"column":null}},"353":{"start":{"line":762,"column":2},"end":{"line":762,"column":null}},"354":{"start":{"line":763,"column":2},"end":{"line":763,"column":null}},"355":{"start":{"line":764,"column":20},"end":{"line":764,"column":null}},"356":{"start":{"line":765,"column":17},"end":{"line":765,"column":null}},"357":{"start":{"line":766,"column":2},"end":{"line":785,"column":null}},"358":{"start":{"line":766,"column":15},"end":{"line":766,"column":18}},"359":{"start":{"line":767,"column":4},"end":{"line":767,"column":null}},"360":{"start":{"line":768,"column":4},"end":{"line":768,"column":null}},"361":{"start":{"line":770,"column":4},"end":{"line":784,"column":null}},"362":{"start":{"line":771,"column":6},"end":{"line":771,"column":null}},"363":{"start":{"line":772,"column":6},"end":{"line":772,"column":null}},"364":{"start":{"line":773,"column":6},"end":{"line":773,"column":null}},"365":{"start":{"line":774,"column":6},"end":{"line":774,"column":null}},"366":{"start":{"line":775,"column":6},"end":{"line":775,"column":null}},"367":{"start":{"line":776,"column":6},"end":{"line":776,"column":null}},"368":{"start":{"line":777,"column":6},"end":{"line":777,"column":null}},"369":{"start":{"line":778,"column":6},"end":{"line":778,"column":null}},"370":{"start":{"line":779,"column":6},"end":{"line":779,"column":null}},"371":{"start":{"line":780,"column":6},"end":{"line":780,"column":null}},"372":{"start":{"line":781,"column":6},"end":{"line":781,"column":null}},"373":{"start":{"line":782,"column":6},"end":{"line":782,"column":null}},"374":{"start":{"line":783,"column":6},"end":{"line":783,"column":null}},"375":{"start":{"line":788,"column":2},"end":{"line":788,"column":null}},"376":{"start":{"line":789,"column":2},"end":{"line":789,"column":null}},"377":{"start":{"line":790,"column":2},"end":{"line":790,"column":null}},"378":{"start":{"line":791,"column":2},"end":{"line":791,"column":null}},"379":{"start":{"line":793,"column":2},"end":{"line":802,"column":null}},"380":{"start":{"line":794,"column":4},"end":{"line":794,"column":null}},"381":{"start":{"line":795,"column":4},"end":{"line":795,"column":null}},"382":{"start":{"line":796,"column":4},"end":{"line":796,"column":null}},"383":{"start":{"line":797,"column":4},"end":{"line":797,"column":null}},"384":{"start":{"line":798,"column":4},"end":{"line":798,"column":null}},"385":{"start":{"line":799,"column":4},"end":{"line":799,"column":null}},"386":{"start":{"line":800,"column":4},"end":{"line":800,"column":null}},"387":{"start":{"line":801,"column":4},"end":{"line":801,"column":null}},"388":{"start":{"line":804,"column":2},"end":{"line":804,"column":null}},"389":{"start":{"line":805,"column":2},"end":{"line":805,"column":null}},"390":{"start":{"line":806,"column":2},"end":{"line":806,"column":null}},"391":{"start":{"line":808,"column":2},"end":{"line":808,"column":null}},"392":{"start":{"line":809,"column":2},"end":{"line":809,"column":null}},"393":{"start":{"line":810,"column":2},"end":{"line":812,"column":null}},"394":{"start":{"line":814,"column":2},"end":{"line":814,"column":null}},"395":{"start":{"line":818,"column":25},"end":{"line":818,"column":null}},"396":{"start":{"line":821,"column":2},"end":{"line":885,"column":null}},"397":{"start":{"line":823,"column":22},"end":{"line":823,"column":null}},"398":{"start":{"line":824,"column":6},"end":{"line":824,"column":null}},"399":{"start":{"line":825,"column":6},"end":{"line":825,"column":null}},"400":{"start":{"line":828,"column":17},"end":{"line":828,"column":null}},"401":{"start":{"line":829,"column":31},"end":{"line":829,"column":null}},"402":{"start":{"line":830,"column":6},"end":{"line":830,"column":null}},"403":{"start":{"line":831,"column":6},"end":{"line":831,"column":null}},"404":{"start":{"line":832,"column":6},"end":{"line":832,"column":null}},"405":{"start":{"line":833,"column":6},"end":{"line":833,"column":null}},"406":{"start":{"line":834,"column":6},"end":{"line":834,"column":null}},"407":{"start":{"line":835,"column":6},"end":{"line":837,"column":null}},"408":{"start":{"line":838,"column":6},"end":{"line":838,"column":null}},"409":{"start":{"line":841,"column":17},"end":{"line":841,"column":null}},"410":{"start":{"line":842,"column":31},"end":{"line":842,"column":null}},"411":{"start":{"line":843,"column":6},"end":{"line":843,"column":null}},"412":{"start":{"line":844,"column":6},"end":{"line":844,"column":null}},"413":{"start":{"line":845,"column":6},"end":{"line":845,"column":null}},"414":{"start":{"line":846,"column":6},"end":{"line":846,"column":null}},"415":{"start":{"line":847,"column":6},"end":{"line":847,"column":null}},"416":{"start":{"line":848,"column":6},"end":{"line":848,"column":null}},"417":{"start":{"line":849,"column":6},"end":{"line":849,"column":null}},"418":{"start":{"line":850,"column":6},"end":{"line":850,"column":null}},"419":{"start":{"line":851,"column":6},"end":{"line":851,"column":null}},"420":{"start":{"line":852,"column":6},"end":{"line":854,"column":null}},"421":{"start":{"line":855,"column":6},"end":{"line":855,"column":null}},"422":{"start":{"line":858,"column":17},"end":{"line":858,"column":null}},"423":{"start":{"line":859,"column":19},"end":{"line":859,"column":null}},"424":{"start":{"line":860,"column":18},"end":{"line":860,"column":null}},"425":{"start":{"line":863,"column":6},"end":{"line":871,"column":null}},"426":{"start":{"line":864,"column":8},"end":{"line":864,"column":null}},"427":{"start":{"line":866,"column":26},"end":{"line":866,"column":null}},"428":{"start":{"line":867,"column":25},"end":{"line":867,"column":null}},"429":{"start":{"line":868,"column":8},"end":{"line":870,"column":null}},"430":{"start":{"line":873,"column":23},"end":{"line":873,"column":null}},"431":{"start":{"line":874,"column":22},"end":{"line":874,"column":null}},"432":{"start":{"line":875,"column":22},"end":{"line":877,"column":null}},"433":{"start":{"line":879,"column":6},"end":{"line":881,"column":null}},"434":{"start":{"line":882,"column":6},"end":{"line":882,"column":null}},"435":{"start":{"line":888,"column":2},"end":{"line":890,"column":null}},"436":{"start":{"line":889,"column":4},"end":{"line":889,"column":null}},"437":{"start":{"line":893,"column":2},"end":{"line":895,"column":null}},"438":{"start":{"line":894,"column":4},"end":{"line":894,"column":null}},"439":{"start":{"line":898,"column":2},"end":{"line":902,"column":null}},"440":{"start":{"line":899,"column":4},"end":{"line":899,"column":null}},"441":{"start":{"line":900,"column":2},"end":{"line":902,"column":null}},"442":{"start":{"line":901,"column":4},"end":{"line":901,"column":null}},"443":{"start":{"line":904,"column":2},"end":{"line":906,"column":null}},"444":{"start":{"line":905,"column":4},"end":{"line":905,"column":null}},"445":{"start":{"line":908,"column":2},"end":{"line":910,"column":null}},"446":{"start":{"line":909,"column":4},"end":{"line":909,"column":null}},"447":{"start":{"line":912,"column":2},"end":{"line":912,"column":null}},"448":{"start":{"line":918,"column":25},"end":{"line":918,"column":null}},"449":{"start":{"line":922,"column":4},"end":{"line":924,"column":null}},"450":{"start":{"line":925,"column":2},"end":{"line":927,"column":null}},"451":{"start":{"line":930,"column":24},"end":{"line":930,"column":null}},"452":{"start":{"line":931,"column":2},"end":{"line":936,"column":null}},"453":{"start":{"line":932,"column":22},"end":{"line":934,"column":null}},"454":{"start":{"line":933,"column":18},"end":{"line":933,"column":46}},"455":{"start":{"line":935,"column":4},"end":{"line":935,"column":null}},"456":{"start":{"line":938,"column":2},"end":{"line":940,"column":null}},"457":{"start":{"line":939,"column":4},"end":{"line":939,"column":null}},"458":{"start":{"line":942,"column":2},"end":{"line":942,"column":null}},"459":{"start":{"line":953,"column":2},"end":{"line":953,"column":null}},"460":{"start":{"line":953,"column":34},"end":{"line":953,"column":null}},"461":{"start":{"line":955,"column":2},"end":{"line":960,"column":null}},"462":{"start":{"line":956,"column":19},"end":{"line":956,"column":30}},"463":{"start":{"line":957,"column":17},"end":{"line":960,"column":6}},"464":{"start":{"line":964,"column":2},"end":{"line":985,"column":null}},"465":{"start":{"line":966,"column":6},"end":{"line":966,"column":null}},"466":{"start":{"line":968,"column":6},"end":{"line":968,"column":null}},"467":{"start":{"line":970,"column":6},"end":{"line":970,"column":null}},"468":{"start":{"line":972,"column":6},"end":{"line":972,"column":null}},"469":{"start":{"line":974,"column":6},"end":{"line":974,"column":null}},"470":{"start":{"line":976,"column":6},"end":{"line":976,"column":null}},"471":{"start":{"line":978,"column":6},"end":{"line":978,"column":null}},"472":{"start":{"line":980,"column":6},"end":{"line":980,"column":null}},"473":{"start":{"line":982,"column":6},"end":{"line":982,"column":null}},"474":{"start":{"line":984,"column":6},"end":{"line":984,"column":null}},"475":{"start":{"line":991,"column":2},"end":{"line":1015,"column":null}},"476":{"start":{"line":1011,"column":26},"end":{"line":1011,"column":80}},"477":{"start":{"line":1025,"column":2},"end":{"line":1039,"column":null}},"478":{"start":{"line":1027,"column":6},"end":{"line":1027,"column":null}},"479":{"start":{"line":1029,"column":6},"end":{"line":1029,"column":null}},"480":{"start":{"line":1031,"column":6},"end":{"line":1031,"column":null}},"481":{"start":{"line":1033,"column":6},"end":{"line":1033,"column":null}},"482":{"start":{"line":1035,"column":19},"end":{"line":1035,"column":null}},"483":{"start":{"line":1036,"column":18},"end":{"line":1036,"column":null}},"484":{"start":{"line":1037,"column":6},"end":{"line":1037,"column":null}},"485":{"start":{"line":1045,"column":2},"end":{"line":1048,"column":null}}},"fnMap":{"0":{"name":"generateProject","decl":{"start":{"line":29,"column":16},"end":{"line":29,"column":32}},"loc":{"start":{"line":29,"column":69},"end":{"line":52,"column":null}},"line":29},"1":{"name":"generatePyprojectToml","decl":{"start":{"line":56,"column":16},"end":{"line":56,"column":38}},"loc":{"start":{"line":56,"column":66},"end":{"line":73,"column":null}},"line":56},"2":{"name":"(anonymous_2)","decl":{"start":{"line":58,"column":27},"end":{"line":58,"column":28}},"loc":{"start":{"line":58,"column":34},"end":{"line":58,"column":47}},"line":58},"3":{"name":"computeDependencies","decl":{"start":{"line":75,"column":16},"end":{"line":75,"column":36}},"loc":{"start":{"line":75,"column":66},"end":{"line":122,"column":null}},"line":75},"4":{"name":"generateMainPy","decl":{"start":{"line":126,"column":16},"end":{"line":126,"column":31}},"loc":{"start":{"line":126,"column":59},"end":{"line":151,"column":null}},"line":126},"5":{"name":"generateImports","decl":{"start":{"line":155,"column":16},"end":{"line":155,"column":32}},"loc":{"start":{"line":155,"column":60},"end":{"line":287,"column":null}},"line":155},"6":{"name":"(anonymous_6)","decl":{"start":{"line":249,"column":22},"end":{"line":249,"column":23}},"loc":{"start":{"line":249,"column":29},"end":{"line":249,"column":83}},"line":249},"7":{"name":"(anonymous_7)","decl":{"start":{"line":255,"column":22},"end":{"line":255,"column":23}},"loc":{"start":{"line":255,"column":29},"end":{"line":255,"column":86}},"line":255},"8":{"name":"(anonymous_8)","decl":{"start":{"line":278,"column":24},"end":{"line":278,"column":25}},"loc":{"start":{"line":278,"column":31},"end":{"line":278,"column":48}},"line":278},"9":{"name":"getStorageImport","decl":{"start":{"line":289,"column":9},"end":{"line":289,"column":26}},"loc":{"start":{"line":289,"column":74},"end":{"line":300,"column":null}},"line":289},"10":{"name":"getCustomStorageImports","decl":{"start":{"line":302,"column":9},"end":{"line":302,"column":33}},"loc":{"start":{"line":302,"column":63},"end":{"line":331,"column":null}},"line":302},"11":{"name":"buildMetaStoreArgs","decl":{"start":{"line":389,"column":9},"end":{"line":389,"column":28}},"loc":{"start":{"line":389,"column":78},"end":{"line":421,"column":null}},"line":389},"12":{"name":"buildFastSlowMetaStoreExpr","decl":{"start":{"line":423,"column":9},"end":{"line":423,"column":36}},"loc":{"start":{"line":423,"column":63},"end":{"line":441,"column":null}},"line":423},"13":{"name":"buildResourceStoreArgs","decl":{"start":{"line":443,"column":9},"end":{"line":443,"column":32}},"loc":{"start":{"line":443,"column":85},"end":{"line":467,"column":null}},"line":443},"14":{"name":"generateEnumDefinitions","decl":{"start":{"line":471,"column":16},"end":{"line":471,"column":40}},"loc":{"start":{"line":471,"column":68},"end":{"line":483,"column":null}},"line":471},"15":{"name":"generateSingleEnum","decl":{"start":{"line":485,"column":9},"end":{"line":485,"column":28}},"loc":{"start":{"line":485,"column":56},"end":{"line":495,"column":null}},"line":485},"16":{"name":"generateSubStructDefinitions","decl":{"start":{"line":499,"column":16},"end":{"line":499,"column":45}},"loc":{"start":{"line":499,"column":73},"end":{"line":511,"column":null}},"line":499},"17":{"name":"generateSingleSubStruct","decl":{"start":{"line":513,"column":9},"end":{"line":513,"column":33}},"loc":{"start":{"line":513,"column":66},"end":{"line":540,"column":null}},"line":513},"18":{"name":"(anonymous_18)","decl":{"start":{"line":527,"column":6},"end":{"line":527,"column":7}},"loc":{"start":{"line":527,"column":13},"end":{"line":527,"column":null}},"line":527},"19":{"name":"(anonymous_19)","decl":{"start":{"line":530,"column":6},"end":{"line":530,"column":7}},"loc":{"start":{"line":530,"column":13},"end":{"line":530,"column":null}},"line":530},"20":{"name":"generateModelDefinitions","decl":{"start":{"line":544,"column":16},"end":{"line":544,"column":41}},"loc":{"start":{"line":544,"column":69},"end":{"line":556,"column":null}},"line":544},"21":{"name":"generateFormModel","decl":{"start":{"line":558,"column":16},"end":{"line":558,"column":null}},"loc":{"start":{"line":561,"column":10},"end":{"line":585,"column":null}},"line":561},"22":{"name":"(anonymous_22)","decl":{"start":{"line":573,"column":4},"end":{"line":573,"column":5}},"loc":{"start":{"line":573,"column":11},"end":{"line":573,"column":null}},"line":573},"23":{"name":"(anonymous_23)","decl":{"start":{"line":576,"column":4},"end":{"line":576,"column":5}},"loc":{"start":{"line":576,"column":11},"end":{"line":576,"column":null}},"line":576},"24":{"name":"generateFieldLine","decl":{"start":{"line":587,"column":16},"end":{"line":587,"column":34}},"loc":{"start":{"line":587,"column":66},"end":{"line":599,"column":null}},"line":587},"25":{"name":"resolveFieldType","decl":{"start":{"line":601,"column":16},"end":{"line":601,"column":33}},"loc":{"start":{"line":601,"column":65},"end":{"line":683,"column":null}},"line":601},"26":{"name":"capitalizeFirst","decl":{"start":{"line":685,"column":9},"end":{"line":685,"column":25}},"loc":{"start":{"line":685,"column":44},"end":{"line":687,"column":null}},"line":685},"27":{"name":"generateValidators","decl":{"start":{"line":691,"column":16},"end":{"line":691,"column":35}},"loc":{"start":{"line":691,"column":63},"end":{"line":712,"column":null}},"line":691},"28":{"name":"generateCodeModeValidatorScaffold","decl":{"start":{"line":714,"column":16},"end":{"line":714,"column":50}},"loc":{"start":{"line":714,"column":82},"end":{"line":721,"column":null}},"line":714},"29":{"name":"generateValidatorFunction","decl":{"start":{"line":723,"column":16},"end":{"line":723,"column":42}},"loc":{"start":{"line":723,"column":74},"end":{"line":748,"column":null}},"line":723},"30":{"name":"(anonymous_30)","decl":{"start":{"line":733,"column":4},"end":{"line":733,"column":5}},"loc":{"start":{"line":733,"column":11},"end":{"line":733,"column":null}},"line":733},"31":{"name":"generateAppSetup","decl":{"start":{"line":752,"column":16},"end":{"line":752,"column":33}},"loc":{"start":{"line":752,"column":61},"end":{"line":815,"column":null}},"line":752},"32":{"name":"generateConfigureCall","decl":{"start":{"line":817,"column":16},"end":{"line":817,"column":38}},"loc":{"start":{"line":817,"column":66},"end":{"line":913,"column":null}},"line":817},"33":{"name":"generateAddModelCall","decl":{"start":{"line":915,"column":16},"end":{"line":915,"column":null}},"loc":{"start":{"line":917,"column":10},"end":{"line":943,"column":null}},"line":917},"34":{"name":"(anonymous_34)","decl":{"start":{"line":933,"column":11},"end":{"line":933,"column":12}},"loc":{"start":{"line":933,"column":18},"end":{"line":933,"column":46}},"line":933},"35":{"name":"getIndexedFields","decl":{"start":{"line":950,"column":9},"end":{"line":950,"column":null}},"loc":{"start":{"line":952,"column":22},"end":{"line":961,"column":null}},"line":952},"36":{"name":"(anonymous_36)","decl":{"start":{"line":956,"column":12},"end":{"line":956,"column":13}},"loc":{"start":{"line":956,"column":19},"end":{"line":956,"column":30}},"line":956},"37":{"name":"(anonymous_37)","decl":{"start":{"line":957,"column":9},"end":{"line":957,"column":10}},"loc":{"start":{"line":957,"column":17},"end":{"line":960,"column":6}},"line":957},"38":{"name":"fieldTypeToPythonType","decl":{"start":{"line":963,"column":9},"end":{"line":963,"column":31}},"loc":{"start":{"line":963,"column":63},"end":{"line":986,"column":null}},"line":963},"39":{"name":"generateReadme","decl":{"start":{"line":990,"column":16},"end":{"line":990,"column":31}},"loc":{"start":{"line":990,"column":59},"end":{"line":1022,"column":null}},"line":990},"40":{"name":"(anonymous_40)","decl":{"start":{"line":1011,"column":19},"end":{"line":1011,"column":20}},"loc":{"start":{"line":1011,"column":26},"end":{"line":1011,"column":80}},"line":1011},"41":{"name":"getStorageDescription","decl":{"start":{"line":1024,"column":9},"end":{"line":1024,"column":31}},"loc":{"start":{"line":1024,"column":59},"end":{"line":1040,"column":null}},"line":1024},"42":{"name":"toSnakeCase","decl":{"start":{"line":1044,"column":16},"end":{"line":1044,"column":28}},"loc":{"start":{"line":1044,"column":49},"end":{"line":1049,"column":null}},"line":1044}},"branchMap":{"0":{"loc":{"start":{"line":78,"column":2},"end":{"line":117,"column":null}},"type":"switch","locations":[{"start":{"line":79,"column":4},"end":{"line":81,"column":null}},{"start":{"line":82,"column":4},"end":{"line":85,"column":null}},{"start":{"line":86,"column":4},"end":{"line":114,"column":null}},{"start":{"line":115,"column":4},"end":{"line":116,"column":null}}],"line":78},"1":{"loc":{"start":{"line":88,"column":19},"end":{"line":88,"column":null}},"type":"binary-expr","locations":[{"start":{"line":88,"column":19},"end":{"line":88,"column":41}},{"start":{"line":88,"column":41},"end":{"line":88,"column":null}}],"line":88},"2":{"loc":{"start":{"line":89,"column":18},"end":{"line":89,"column":null}},"type":"binary-expr","locations":[{"start":{"line":89,"column":18},"end":{"line":89,"column":44}},{"start":{"line":89,"column":44},"end":{"line":89,"column":null}}],"line":89},"3":{"loc":{"start":{"line":93,"column":6},"end":{"line":96,"column":null}},"type":"if","locations":[{"start":{"line":93,"column":6},"end":{"line":96,"column":null}},{"start":{},"end":{}}],"line":93},"4":{"loc":{"start":{"line":94,"column":22},"end":{"line":94,"column":50}},"type":"binary-expr","locations":[{"start":{"line":94,"column":22},"end":{"line":94,"column":42}},{"start":{"line":94,"column":42},"end":{"line":94,"column":50}}],"line":94},"5":{"loc":{"start":{"line":95,"column":22},"end":{"line":95,"column":55}},"type":"binary-expr","locations":[{"start":{"line":95,"column":22},"end":{"line":95,"column":42}},{"start":{"line":95,"column":42},"end":{"line":95,"column":55}}],"line":95},"6":{"loc":{"start":{"line":99,"column":8},"end":{"line":100,"column":null}},"type":"binary-expr","locations":[{"start":{"line":99,"column":8},"end":{"line":99,"column":null}},{"start":{"line":100,"column":8},"end":{"line":100,"column":null}}],"line":99},"7":{"loc":{"start":{"line":105,"column":6},"end":{"line":109,"column":null}},"type":"if","locations":[{"start":{"line":105,"column":6},"end":{"line":109,"column":null}},{"start":{"line":107,"column":13},"end":{"line":109,"column":null}}],"line":105},"8":{"loc":{"start":{"line":110,"column":6},"end":{"line":110,"column":null}},"type":"if","locations":[{"start":{"line":110,"column":6},"end":{"line":110,"column":null}},{"start":{},"end":{}}],"line":110},"9":{"loc":{"start":{"line":111,"column":6},"end":{"line":111,"column":null}},"type":"if","locations":[{"start":{"line":111,"column":6},"end":{"line":111,"column":null}},{"start":{},"end":{}}],"line":111},"10":{"loc":{"start":{"line":112,"column":6},"end":{"line":112,"column":null}},"type":"if","locations":[{"start":{"line":112,"column":6},"end":{"line":112,"column":null}},{"start":{},"end":{}}],"line":112},"11":{"loc":{"start":{"line":134,"column":2},"end":{"line":134,"column":null}},"type":"if","locations":[{"start":{"line":134,"column":2},"end":{"line":134,"column":null}},{"start":{},"end":{}}],"line":134},"12":{"loc":{"start":{"line":138,"column":2},"end":{"line":138,"column":null}},"type":"if","locations":[{"start":{"line":138,"column":2},"end":{"line":138,"column":null}},{"start":{},"end":{}}],"line":138},"13":{"loc":{"start":{"line":145,"column":2},"end":{"line":145,"column":null}},"type":"if","locations":[{"start":{"line":145,"column":2},"end":{"line":145,"column":null}},{"start":{},"end":{}}],"line":145},"14":{"loc":{"start":{"line":161,"column":23},"end":{"line":161,"column":null}},"type":"binary-expr","locations":[{"start":{"line":161,"column":23},"end":{"line":161,"column":50}},{"start":{"line":161,"column":50},"end":{"line":161,"column":null}}],"line":161},"15":{"loc":{"start":{"line":166,"column":4},"end":{"line":226,"column":null}},"type":"if","locations":[{"start":{"line":166,"column":4},"end":{"line":226,"column":null}},{"start":{"line":210,"column":11},"end":{"line":226,"column":null}}],"line":166},"16":{"loc":{"start":{"line":169,"column":8},"end":{"line":175,"column":null}},"type":"if","locations":[{"start":{"line":169,"column":8},"end":{"line":175,"column":null}},{"start":{},"end":{}}],"line":169},"17":{"loc":{"start":{"line":170,"column":10},"end":{"line":172,"column":null}},"type":"binary-expr","locations":[{"start":{"line":170,"column":10},"end":{"line":170,"column":null}},{"start":{"line":171,"column":10},"end":{"line":171,"column":null}},{"start":{"line":172,"column":10},"end":{"line":172,"column":null}}],"line":170},"18":{"loc":{"start":{"line":176,"column":8},"end":{"line":178,"column":null}},"type":"if","locations":[{"start":{"line":176,"column":8},"end":{"line":178,"column":null}},{"start":{},"end":{}}],"line":176},"19":{"loc":{"start":{"line":176,"column":12},"end":{"line":176,"column":55}},"type":"binary-expr","locations":[{"start":{"line":176,"column":12},"end":{"line":176,"column":30}},{"start":{"line":176,"column":30},"end":{"line":176,"column":55}}],"line":176},"20":{"loc":{"start":{"line":179,"column":8},"end":{"line":181,"column":null}},"type":"if","locations":[{"start":{"line":179,"column":8},"end":{"line":181,"column":null}},{"start":{},"end":{}}],"line":179},"21":{"loc":{"start":{"line":182,"column":8},"end":{"line":184,"column":null}},"type":"if","locations":[{"start":{"line":182,"column":8},"end":{"line":184,"column":null}},{"start":{},"end":{}}],"line":182},"22":{"loc":{"start":{"line":185,"column":8},"end":{"line":187,"column":null}},"type":"if","locations":[{"start":{"line":185,"column":8},"end":{"line":187,"column":null}},{"start":{},"end":{}}],"line":185},"23":{"loc":{"start":{"line":188,"column":8},"end":{"line":191,"column":null}},"type":"if","locations":[{"start":{"line":188,"column":8},"end":{"line":191,"column":null}},{"start":{},"end":{}}],"line":188},"24":{"loc":{"start":{"line":188,"column":12},"end":{"line":188,"column":47}},"type":"binary-expr","locations":[{"start":{"line":188,"column":12},"end":{"line":188,"column":36}},{"start":{"line":188,"column":36},"end":{"line":188,"column":47}}],"line":188},"25":{"loc":{"start":{"line":192,"column":8},"end":{"line":194,"column":null}},"type":"if","locations":[{"start":{"line":192,"column":8},"end":{"line":194,"column":null}},{"start":{},"end":{}}],"line":192},"26":{"loc":{"start":{"line":192,"column":12},"end":{"line":192,"column":63}},"type":"binary-expr","locations":[{"start":{"line":192,"column":12},"end":{"line":192,"column":44}},{"start":{"line":192,"column":44},"end":{"line":192,"column":63}}],"line":192},"27":{"loc":{"start":{"line":195,"column":8},"end":{"line":197,"column":null}},"type":"if","locations":[{"start":{"line":195,"column":8},"end":{"line":197,"column":null}},{"start":{},"end":{}}],"line":195},"28":{"loc":{"start":{"line":198,"column":8},"end":{"line":205,"column":null}},"type":"if","locations":[{"start":{"line":198,"column":8},"end":{"line":205,"column":null}},{"start":{},"end":{}}],"line":198},"29":{"loc":{"start":{"line":199,"column":10},"end":{"line":202,"column":null}},"type":"binary-expr","locations":[{"start":{"line":199,"column":10},"end":{"line":199,"column":null}},{"start":{"line":200,"column":10},"end":{"line":200,"column":null}},{"start":{"line":201,"column":10},"end":{"line":201,"column":null}},{"start":{"line":202,"column":10},"end":{"line":202,"column":null}}],"line":199},"30":{"loc":{"start":{"line":207,"column":6},"end":{"line":209,"column":null}},"type":"if","locations":[{"start":{"line":207,"column":6},"end":{"line":209,"column":null}},{"start":{},"end":{}}],"line":207},"31":{"loc":{"start":{"line":213,"column":6},"end":{"line":213,"column":null}},"type":"if","locations":[{"start":{"line":213,"column":6},"end":{"line":213,"column":null}},{"start":{},"end":{}}],"line":213},"32":{"loc":{"start":{"line":214,"column":6},"end":{"line":217,"column":null}},"type":"if","locations":[{"start":{"line":214,"column":6},"end":{"line":217,"column":null}},{"start":{},"end":{}}],"line":214},"33":{"loc":{"start":{"line":214,"column":10},"end":{"line":214,"column":59}},"type":"binary-expr","locations":[{"start":{"line":214,"column":10},"end":{"line":214,"column":35}},{"start":{"line":214,"column":35},"end":{"line":214,"column":59}}],"line":214},"34":{"loc":{"start":{"line":218,"column":6},"end":{"line":219,"column":null}},"type":"if","locations":[{"start":{"line":218,"column":6},"end":{"line":219,"column":null}},{"start":{},"end":{}}],"line":218},"35":{"loc":{"start":{"line":220,"column":6},"end":{"line":220,"column":null}},"type":"if","locations":[{"start":{"line":220,"column":6},"end":{"line":220,"column":null}},{"start":{},"end":{}}],"line":220},"36":{"loc":{"start":{"line":221,"column":6},"end":{"line":221,"column":null}},"type":"if","locations":[{"start":{"line":221,"column":6},"end":{"line":221,"column":null}},{"start":{},"end":{}}],"line":221},"37":{"loc":{"start":{"line":222,"column":6},"end":{"line":222,"column":null}},"type":"if","locations":[{"start":{"line":222,"column":6},"end":{"line":222,"column":null}},{"start":{},"end":{}}],"line":222},"38":{"loc":{"start":{"line":223,"column":6},"end":{"line":223,"column":null}},"type":"if","locations":[{"start":{"line":223,"column":6},"end":{"line":223,"column":null}},{"start":{},"end":{}}],"line":223},"39":{"loc":{"start":{"line":224,"column":6},"end":{"line":224,"column":null}},"type":"if","locations":[{"start":{"line":224,"column":6},"end":{"line":224,"column":null}},{"start":{},"end":{}}],"line":224},"40":{"loc":{"start":{"line":225,"column":6},"end":{"line":225,"column":null}},"type":"if","locations":[{"start":{"line":225,"column":6},"end":{"line":225,"column":null}},{"start":{},"end":{}}],"line":225},"41":{"loc":{"start":{"line":225,"column":10},"end":{"line":225,"column":60}},"type":"binary-expr","locations":[{"start":{"line":225,"column":10},"end":{"line":225,"column":36}},{"start":{"line":225,"column":36},"end":{"line":225,"column":60}}],"line":225},"42":{"loc":{"start":{"line":230,"column":2},"end":{"line":230,"column":null}},"type":"if","locations":[{"start":{"line":230,"column":2},"end":{"line":230,"column":null}},{"start":{},"end":{}}],"line":230},"43":{"loc":{"start":{"line":231,"column":2},"end":{"line":231,"column":null}},"type":"if","locations":[{"start":{"line":231,"column":2},"end":{"line":231,"column":null}},{"start":{},"end":{}}],"line":231},"44":{"loc":{"start":{"line":232,"column":2},"end":{"line":232,"column":null}},"type":"if","locations":[{"start":{"line":232,"column":2},"end":{"line":232,"column":null}},{"start":{},"end":{}}],"line":232},"45":{"loc":{"start":{"line":233,"column":2},"end":{"line":236,"column":null}},"type":"if","locations":[{"start":{"line":233,"column":2},"end":{"line":236,"column":null}},{"start":{},"end":{}}],"line":233},"46":{"loc":{"start":{"line":237,"column":2},"end":{"line":237,"column":null}},"type":"if","locations":[{"start":{"line":237,"column":2},"end":{"line":237,"column":null}},{"start":{},"end":{}}],"line":237},"47":{"loc":{"start":{"line":242,"column":2},"end":{"line":246,"column":null}},"type":"if","locations":[{"start":{"line":242,"column":2},"end":{"line":246,"column":null}},{"start":{},"end":{}}],"line":242},"48":{"loc":{"start":{"line":247,"column":2},"end":{"line":252,"column":null}},"type":"if","locations":[{"start":{"line":247,"column":2},"end":{"line":252,"column":null}},{"start":{},"end":{}}],"line":247},"49":{"loc":{"start":{"line":248,"column":4},"end":{"line":249,"column":null}},"type":"binary-expr","locations":[{"start":{"line":248,"column":4},"end":{"line":248,"column":null}},{"start":{"line":249,"column":4},"end":{"line":249,"column":null}}],"line":248},"50":{"loc":{"start":{"line":249,"column":29},"end":{"line":249,"column":83}},"type":"binary-expr","locations":[{"start":{"line":249,"column":29},"end":{"line":249,"column":55}},{"start":{"line":249,"column":55},"end":{"line":249,"column":83}}],"line":249},"51":{"loc":{"start":{"line":253,"column":2},"end":{"line":258,"column":null}},"type":"if","locations":[{"start":{"line":253,"column":2},"end":{"line":258,"column":null}},{"start":{},"end":{}}],"line":253},"52":{"loc":{"start":{"line":254,"column":4},"end":{"line":255,"column":null}},"type":"binary-expr","locations":[{"start":{"line":254,"column":4},"end":{"line":254,"column":null}},{"start":{"line":255,"column":4},"end":{"line":255,"column":null}}],"line":254},"53":{"loc":{"start":{"line":255,"column":29},"end":{"line":255,"column":86}},"type":"binary-expr","locations":[{"start":{"line":255,"column":29},"end":{"line":255,"column":55}},{"start":{"line":255,"column":55},"end":{"line":255,"column":86}}],"line":255},"54":{"loc":{"start":{"line":267,"column":2},"end":{"line":267,"column":null}},"type":"if","locations":[{"start":{"line":267,"column":2},"end":{"line":267,"column":null}},{"start":{},"end":{}}],"line":267},"55":{"loc":{"start":{"line":270,"column":2},"end":{"line":274,"column":null}},"type":"if","locations":[{"start":{"line":270,"column":2},"end":{"line":274,"column":null}},{"start":{},"end":{}}],"line":270},"56":{"loc":{"start":{"line":278,"column":2},"end":{"line":280,"column":null}},"type":"if","locations":[{"start":{"line":278,"column":2},"end":{"line":280,"column":null}},{"start":{},"end":{}}],"line":278},"57":{"loc":{"start":{"line":281,"column":2},"end":{"line":284,"column":null}},"type":"if","locations":[{"start":{"line":281,"column":2},"end":{"line":284,"column":null}},{"start":{},"end":{}}],"line":281},"58":{"loc":{"start":{"line":290,"column":2},"end":{"line":299,"column":null}},"type":"switch","locations":[{"start":{"line":291,"column":4},"end":{"line":292,"column":null}},{"start":{"line":293,"column":4},"end":{"line":294,"column":null}},{"start":{"line":295,"column":4},"end":{"line":296,"column":null}},{"start":{"line":297,"column":4},"end":{"line":298,"column":null}}],"line":290},"59":{"loc":{"start":{"line":305,"column":15},"end":{"line":305,"column":null}},"type":"binary-expr","locations":[{"start":{"line":305,"column":15},"end":{"line":305,"column":37}},{"start":{"line":305,"column":37},"end":{"line":305,"column":null}}],"line":305},"60":{"loc":{"start":{"line":306,"column":14},"end":{"line":306,"column":null}},"type":"binary-expr","locations":[{"start":{"line":306,"column":14},"end":{"line":306,"column":40}},{"start":{"line":306,"column":40},"end":{"line":306,"column":null}}],"line":306},"61":{"loc":{"start":{"line":313,"column":2},"end":{"line":324,"column":null}},"type":"if","locations":[{"start":{"line":313,"column":2},"end":{"line":324,"column":null}},{"start":{"line":321,"column":9},"end":{"line":324,"column":null}}],"line":313},"62":{"loc":{"start":{"line":315,"column":17},"end":{"line":315,"column":null}},"type":"binary-expr","locations":[{"start":{"line":315,"column":17},"end":{"line":315,"column":37}},{"start":{"line":315,"column":37},"end":{"line":315,"column":null}}],"line":315},"63":{"loc":{"start":{"line":316,"column":17},"end":{"line":316,"column":null}},"type":"binary-expr","locations":[{"start":{"line":316,"column":17},"end":{"line":316,"column":37}},{"start":{"line":316,"column":37},"end":{"line":316,"column":null}}],"line":316},"64":{"loc":{"start":{"line":318,"column":4},"end":{"line":318,"column":null}},"type":"if","locations":[{"start":{"line":318,"column":4},"end":{"line":318,"column":null}},{"start":{},"end":{}}],"line":318},"65":{"loc":{"start":{"line":320,"column":4},"end":{"line":320,"column":null}},"type":"if","locations":[{"start":{"line":320,"column":4},"end":{"line":320,"column":null}},{"start":{},"end":{}}],"line":320},"66":{"loc":{"start":{"line":323,"column":4},"end":{"line":323,"column":null}},"type":"if","locations":[{"start":{"line":323,"column":4},"end":{"line":323,"column":null}},{"start":{},"end":{}}],"line":323},"67":{"loc":{"start":{"line":328,"column":2},"end":{"line":328,"column":null}},"type":"if","locations":[{"start":{"line":328,"column":2},"end":{"line":328,"column":null}},{"start":{},"end":{}}],"line":328},"68":{"loc":{"start":{"line":391,"column":2},"end":{"line":419,"column":null}},"type":"switch","locations":[{"start":{"line":392,"column":4},"end":{"line":394,"column":null}},{"start":{"line":395,"column":4},"end":{"line":398,"column":null}},{"start":{"line":399,"column":4},"end":{"line":402,"column":null}},{"start":{"line":403,"column":4},"end":{"line":406,"column":null}},{"start":{"line":407,"column":4},"end":{"line":409,"column":null}},{"start":{"line":410,"column":4},"end":{"line":417,"column":null}}],"line":391},"69":{"loc":{"start":{"line":393,"column":28},"end":{"line":393,"column":54}},"type":"binary-expr","locations":[{"start":{"line":393,"column":28},"end":{"line":393,"column":46}},{"start":{"line":393,"column":46},"end":{"line":393,"column":54}}],"line":393},"70":{"loc":{"start":{"line":396,"column":24},"end":{"line":396,"column":67}},"type":"binary-expr","locations":[{"start":{"line":396,"column":24},"end":{"line":396,"column":43}},{"start":{"line":396,"column":43},"end":{"line":396,"column":67}}],"line":396},"71":{"loc":{"start":{"line":397,"column":27},"end":{"line":397,"column":51}},"type":"binary-expr","locations":[{"start":{"line":397,"column":27},"end":{"line":397,"column":49}},{"start":{"line":397,"column":49},"end":{"line":397,"column":51}}],"line":397},"72":{"loc":{"start":{"line":400,"column":24},"end":{"line":400,"column":83}},"type":"binary-expr","locations":[{"start":{"line":400,"column":24},"end":{"line":400,"column":46}},{"start":{"line":400,"column":46},"end":{"line":400,"column":83}}],"line":400},"73":{"loc":{"start":{"line":401,"column":26},"end":{"line":401,"column":65}},"type":"binary-expr","locations":[{"start":{"line":401,"column":26},"end":{"line":401,"column":50}},{"start":{"line":401,"column":50},"end":{"line":401,"column":65}}],"line":401},"74":{"loc":{"start":{"line":404,"column":24},"end":{"line":404,"column":67}},"type":"binary-expr","locations":[{"start":{"line":404,"column":24},"end":{"line":404,"column":48}},{"start":{"line":404,"column":48},"end":{"line":404,"column":67}}],"line":404},"75":{"loc":{"start":{"line":405,"column":26},"end":{"line":405,"column":67}},"type":"binary-expr","locations":[{"start":{"line":405,"column":26},"end":{"line":405,"column":52}},{"start":{"line":405,"column":52},"end":{"line":405,"column":67}}],"line":405},"76":{"loc":{"start":{"line":408,"column":29},"end":{"line":408,"column":65}},"type":"binary-expr","locations":[{"start":{"line":408,"column":29},"end":{"line":408,"column":54}},{"start":{"line":408,"column":54},"end":{"line":408,"column":65}}],"line":408},"77":{"loc":{"start":{"line":411,"column":27},"end":{"line":411,"column":59}},"type":"binary-expr","locations":[{"start":{"line":411,"column":27},"end":{"line":411,"column":46}},{"start":{"line":411,"column":46},"end":{"line":411,"column":59}}],"line":411},"78":{"loc":{"start":{"line":412,"column":24},"end":{"line":412,"column":49}},"type":"binary-expr","locations":[{"start":{"line":412,"column":24},"end":{"line":412,"column":40}},{"start":{"line":412,"column":40},"end":{"line":412,"column":49}}],"line":412},"79":{"loc":{"start":{"line":413,"column":33},"end":{"line":413,"column":80}},"type":"binary-expr","locations":[{"start":{"line":413,"column":33},"end":{"line":413,"column":57}},{"start":{"line":413,"column":57},"end":{"line":413,"column":80}}],"line":413},"80":{"loc":{"start":{"line":414,"column":34},"end":{"line":414,"column":70}},"type":"binary-expr","locations":[{"start":{"line":414,"column":34},"end":{"line":414,"column":58}},{"start":{"line":414,"column":58},"end":{"line":414,"column":70}}],"line":414},"81":{"loc":{"start":{"line":415,"column":38},"end":{"line":415,"column":78}},"type":"binary-expr","locations":[{"start":{"line":415,"column":38},"end":{"line":415,"column":66}},{"start":{"line":415,"column":66},"end":{"line":415,"column":78}}],"line":415},"82":{"loc":{"start":{"line":416,"column":32},"end":{"line":416,"column":66}},"type":"binary-expr","locations":[{"start":{"line":416,"column":32},"end":{"line":416,"column":55}},{"start":{"line":416,"column":55},"end":{"line":416,"column":66}}],"line":416},"83":{"loc":{"start":{"line":424,"column":15},"end":{"line":424,"column":null}},"type":"binary-expr","locations":[{"start":{"line":424,"column":15},"end":{"line":424,"column":35}},{"start":{"line":424,"column":35},"end":{"line":424,"column":null}}],"line":424},"84":{"loc":{"start":{"line":425,"column":15},"end":{"line":425,"column":null}},"type":"binary-expr","locations":[{"start":{"line":425,"column":15},"end":{"line":425,"column":35}},{"start":{"line":425,"column":35},"end":{"line":425,"column":null}}],"line":425},"85":{"loc":{"start":{"line":426,"column":23},"end":{"line":426,"column":null}},"type":"binary-expr","locations":[{"start":{"line":426,"column":23},"end":{"line":426,"column":46}},{"start":{"line":426,"column":46},"end":{"line":426,"column":null}}],"line":426},"86":{"loc":{"start":{"line":430,"column":19},"end":{"line":432,"column":null}},"type":"cond-expr","locations":[{"start":{"line":431,"column":6},"end":{"line":431,"column":null}},{"start":{"line":432,"column":6},"end":{"line":432,"column":null}}],"line":430},"87":{"loc":{"start":{"line":436,"column":19},"end":{"line":438,"column":null}},"type":"cond-expr","locations":[{"start":{"line":437,"column":6},"end":{"line":437,"column":null}},{"start":{"line":438,"column":6},"end":{"line":438,"column":null}}],"line":436},"88":{"loc":{"start":{"line":445,"column":2},"end":{"line":465,"column":null}},"type":"switch","locations":[{"start":{"line":446,"column":4},"end":{"line":448,"column":null}},{"start":{"line":449,"column":4},"end":{"line":449,"column":null}},{"start":{"line":450,"column":4},"end":{"line":450,"column":null}},{"start":{"line":451,"column":4},"end":{"line":451,"column":null}},{"start":{"line":452,"column":4},"end":{"line":463,"column":null}}],"line":445},"89":{"loc":{"start":{"line":447,"column":28},"end":{"line":447,"column":58}},"type":"binary-expr","locations":[{"start":{"line":447,"column":28},"end":{"line":447,"column":45}},{"start":{"line":447,"column":45},"end":{"line":447,"column":58}}],"line":447},"90":{"loc":{"start":{"line":453,"column":27},"end":{"line":453,"column":53}},"type":"binary-expr","locations":[{"start":{"line":453,"column":27},"end":{"line":453,"column":43}},{"start":{"line":453,"column":43},"end":{"line":453,"column":53}}],"line":453},"91":{"loc":{"start":{"line":454,"column":27},"end":{"line":454,"column":45}},"type":"binary-expr","locations":[{"start":{"line":454,"column":27},"end":{"line":454,"column":43}},{"start":{"line":454,"column":43},"end":{"line":454,"column":45}}],"line":454},"92":{"loc":{"start":{"line":455,"column":33},"end":{"line":455,"column":77}},"type":"binary-expr","locations":[{"start":{"line":455,"column":33},"end":{"line":455,"column":54}},{"start":{"line":455,"column":54},"end":{"line":455,"column":77}}],"line":455},"93":{"loc":{"start":{"line":456,"column":34},"end":{"line":456,"column":67}},"type":"binary-expr","locations":[{"start":{"line":456,"column":34},"end":{"line":456,"column":55}},{"start":{"line":456,"column":55},"end":{"line":456,"column":67}}],"line":456},"94":{"loc":{"start":{"line":457,"column":38},"end":{"line":457,"column":75}},"type":"binary-expr","locations":[{"start":{"line":457,"column":38},"end":{"line":457,"column":63}},{"start":{"line":457,"column":63},"end":{"line":457,"column":75}}],"line":457},"95":{"loc":{"start":{"line":458,"column":32},"end":{"line":458,"column":63}},"type":"binary-expr","locations":[{"start":{"line":458,"column":32},"end":{"line":458,"column":52}},{"start":{"line":458,"column":52},"end":{"line":458,"column":63}}],"line":458},"96":{"loc":{"start":{"line":459,"column":6},"end":{"line":462,"column":null}},"type":"if","locations":[{"start":{"line":459,"column":6},"end":{"line":462,"column":null}},{"start":{},"end":{}}],"line":459},"97":{"loc":{"start":{"line":460,"column":31},"end":{"line":460,"column":84}},"type":"binary-expr","locations":[{"start":{"line":460,"column":31},"end":{"line":460,"column":48}},{"start":{"line":460,"column":48},"end":{"line":460,"column":84}}],"line":460},"98":{"loc":{"start":{"line":461,"column":35},"end":{"line":461,"column":67}},"type":"binary-expr","locations":[{"start":{"line":461,"column":35},"end":{"line":461,"column":56}},{"start":{"line":461,"column":56},"end":{"line":461,"column":67}}],"line":461},"99":{"loc":{"start":{"line":475,"column":4},"end":{"line":477,"column":null}},"type":"if","locations":[{"start":{"line":475,"column":4},"end":{"line":477,"column":null}},{"start":{},"end":{}}],"line":475},"100":{"loc":{"start":{"line":480,"column":2},"end":{"line":480,"column":null}},"type":"if","locations":[{"start":{"line":480,"column":2},"end":{"line":480,"column":null}},{"start":{},"end":{}}],"line":480},"101":{"loc":{"start":{"line":487,"column":2},"end":{"line":493,"column":null}},"type":"if","locations":[{"start":{"line":487,"column":2},"end":{"line":493,"column":null}},{"start":{"line":489,"column":9},"end":{"line":493,"column":null}}],"line":487},"102":{"loc":{"start":{"line":503,"column":4},"end":{"line":505,"column":null}},"type":"if","locations":[{"start":{"line":503,"column":4},"end":{"line":505,"column":null}},{"start":{},"end":{}}],"line":503},"103":{"loc":{"start":{"line":503,"column":8},"end":{"line":503,"column":56}},"type":"binary-expr","locations":[{"start":{"line":503,"column":8},"end":{"line":503,"column":38}},{"start":{"line":503,"column":38},"end":{"line":503,"column":56}}],"line":503},"104":{"loc":{"start":{"line":508,"column":2},"end":{"line":508,"column":null}},"type":"if","locations":[{"start":{"line":508,"column":2},"end":{"line":508,"column":null}},{"start":{},"end":{}}],"line":508},"105":{"loc":{"start":{"line":515,"column":2},"end":{"line":519,"column":null}},"type":"if","locations":[{"start":{"line":515,"column":2},"end":{"line":519,"column":null}},{"start":{"line":517,"column":2},"end":{"line":519,"column":null}}],"line":515},"106":{"loc":{"start":{"line":517,"column":2},"end":{"line":519,"column":null}},"type":"if","locations":[{"start":{"line":517,"column":2},"end":{"line":519,"column":null}},{"start":{},"end":{}}],"line":517},"107":{"loc":{"start":{"line":522,"column":2},"end":{"line":537,"column":null}},"type":"if","locations":[{"start":{"line":522,"column":2},"end":{"line":537,"column":null}},{"start":{"line":524,"column":9},"end":{"line":537,"column":null}}],"line":522},"108":{"loc":{"start":{"line":527,"column":13},"end":{"line":527,"column":null}},"type":"binary-expr","locations":[{"start":{"line":527,"column":13},"end":{"line":527,"column":28}},{"start":{"line":527,"column":28},"end":{"line":527,"column":null}}],"line":527},"109":{"loc":{"start":{"line":530,"column":13},"end":{"line":530,"column":null}},"type":"binary-expr","locations":[{"start":{"line":530,"column":13},"end":{"line":530,"column":27}},{"start":{"line":530,"column":27},"end":{"line":530,"column":null}}],"line":530},"110":{"loc":{"start":{"line":548,"column":4},"end":{"line":552,"column":null}},"type":"if","locations":[{"start":{"line":548,"column":4},"end":{"line":552,"column":null}},{"start":{"line":550,"column":11},"end":{"line":552,"column":null}}],"line":548},"111":{"loc":{"start":{"line":562,"column":20},"end":{"line":562,"column":null}},"type":"cond-expr","locations":[{"start":{"line":562,"column":43},"end":{"line":562,"column":57}},{"start":{"line":562,"column":57},"end":{"line":562,"column":null}}],"line":562},"112":{"loc":{"start":{"line":565,"column":2},"end":{"line":568,"column":null}},"type":"if","locations":[{"start":{"line":565,"column":2},"end":{"line":568,"column":null}},{"start":{},"end":{}}],"line":565},"113":{"loc":{"start":{"line":573,"column":11},"end":{"line":573,"column":null}},"type":"binary-expr","locations":[{"start":{"line":573,"column":11},"end":{"line":573,"column":26}},{"start":{"line":573,"column":26},"end":{"line":573,"column":null}}],"line":573},"114":{"loc":{"start":{"line":576,"column":11},"end":{"line":576,"column":null}},"type":"binary-expr","locations":[{"start":{"line":576,"column":11},"end":{"line":576,"column":25}},{"start":{"line":576,"column":25},"end":{"line":576,"column":null}}],"line":576},"115":{"loc":{"start":{"line":592,"column":2},"end":{"line":596,"column":null}},"type":"if","locations":[{"start":{"line":592,"column":2},"end":{"line":596,"column":null}},{"start":{"line":594,"column":2},"end":{"line":596,"column":null}}],"line":592},"116":{"loc":{"start":{"line":592,"column":6},"end":{"line":592,"column":40}},"type":"binary-expr","locations":[{"start":{"line":592,"column":6},"end":{"line":592,"column":24}},{"start":{"line":592,"column":24},"end":{"line":592,"column":40}}],"line":592},"117":{"loc":{"start":{"line":594,"column":2},"end":{"line":596,"column":null}},"type":"if","locations":[{"start":{"line":594,"column":2},"end":{"line":596,"column":null}},{"start":{},"end":{}}],"line":594},"118":{"loc":{"start":{"line":604,"column":2},"end":{"line":665,"column":null}},"type":"switch","locations":[{"start":{"line":605,"column":4},"end":{"line":607,"column":null}},{"start":{"line":608,"column":4},"end":{"line":610,"column":null}},{"start":{"line":611,"column":4},"end":{"line":613,"column":null}},{"start":{"line":614,"column":4},"end":{"line":616,"column":null}},{"start":{"line":617,"column":4},"end":{"line":619,"column":null}},{"start":{"line":620,"column":4},"end":{"line":622,"column":null}},{"start":{"line":623,"column":4},"end":{"line":634,"column":null}},{"start":{"line":635,"column":4},"end":{"line":640,"column":null}},{"start":{"line":641,"column":4},"end":{"line":648,"column":null}},{"start":{"line":649,"column":4},"end":{"line":653,"column":null}},{"start":{"line":654,"column":4},"end":{"line":658,"column":null}},{"start":{"line":659,"column":4},"end":{"line":662,"column":null}},{"start":{"line":663,"column":4},"end":{"line":664,"column":null}}],"line":604},"119":{"loc":{"start":{"line":625,"column":6},"end":{"line":625,"column":null}},"type":"if","locations":[{"start":{"line":625,"column":6},"end":{"line":625,"column":null}},{"start":{},"end":{}}],"line":625},"120":{"loc":{"start":{"line":627,"column":8},"end":{"line":629,"column":null}},"type":"cond-expr","locations":[{"start":{"line":628,"column":12},"end":{"line":628,"column":null}},{"start":{"line":629,"column":12},"end":{"line":629,"column":null}}],"line":627},"121":{"loc":{"start":{"line":630,"column":24},"end":{"line":630,"column":null}},"type":"cond-expr","locations":[{"start":{"line":630,"column":41},"end":{"line":630,"column":56}},{"start":{"line":630,"column":56},"end":{"line":630,"column":null}}],"line":630},"122":{"loc":{"start":{"line":632,"column":6},"end":{"line":632,"column":null}},"type":"if","locations":[{"start":{"line":632,"column":6},"end":{"line":632,"column":null}},{"start":{},"end":{}}],"line":632},"123":{"loc":{"start":{"line":637,"column":6},"end":{"line":637,"column":null}},"type":"if","locations":[{"start":{"line":637,"column":6},"end":{"line":637,"column":null}},{"start":{},"end":{}}],"line":637},"124":{"loc":{"start":{"line":638,"column":24},"end":{"line":638,"column":null}},"type":"cond-expr","locations":[{"start":{"line":638,"column":41},"end":{"line":638,"column":59}},{"start":{"line":638,"column":59},"end":{"line":638,"column":null}}],"line":638},"125":{"loc":{"start":{"line":642,"column":6},"end":{"line":646,"column":null}},"type":"if","locations":[{"start":{"line":642,"column":6},"end":{"line":646,"column":null}},{"start":{"line":644,"column":13},"end":{"line":646,"column":null}}],"line":642},"126":{"loc":{"start":{"line":642,"column":10},"end":{"line":642,"column":52}},"type":"binary-expr","locations":[{"start":{"line":642,"column":10},"end":{"line":642,"column":31}},{"start":{"line":642,"column":31},"end":{"line":642,"column":52}}],"line":642},"127":{"loc":{"start":{"line":650,"column":6},"end":{"line":650,"column":null}},"type":"if","locations":[{"start":{"line":650,"column":6},"end":{"line":650,"column":null}},{"start":{},"end":{}}],"line":650},"128":{"loc":{"start":{"line":655,"column":6},"end":{"line":655,"column":null}},"type":"if","locations":[{"start":{"line":655,"column":6},"end":{"line":655,"column":null}},{"start":{},"end":{}}],"line":655},"129":{"loc":{"start":{"line":655,"column":10},"end":{"line":655,"column":66}},"type":"binary-expr","locations":[{"start":{"line":655,"column":10},"end":{"line":655,"column":33}},{"start":{"line":655,"column":33},"end":{"line":655,"column":66}}],"line":655},"130":{"loc":{"start":{"line":668,"column":2},"end":{"line":670,"column":null}},"type":"if","locations":[{"start":{"line":668,"column":2},"end":{"line":670,"column":null}},{"start":{},"end":{}}],"line":668},"131":{"loc":{"start":{"line":668,"column":6},"end":{"line":668,"column":49}},"type":"binary-expr","locations":[{"start":{"line":668,"column":6},"end":{"line":668,"column":29}},{"start":{"line":668,"column":29},"end":{"line":668,"column":49}}],"line":668},"132":{"loc":{"start":{"line":673,"column":2},"end":{"line":675,"column":null}},"type":"if","locations":[{"start":{"line":673,"column":2},"end":{"line":675,"column":null}},{"start":{},"end":{}}],"line":673},"133":{"loc":{"start":{"line":678,"column":2},"end":{"line":680,"column":null}},"type":"if","locations":[{"start":{"line":678,"column":2},"end":{"line":680,"column":null}},{"start":{},"end":{}}],"line":678},"134":{"loc":{"start":{"line":695,"column":4},"end":{"line":706,"column":null}},"type":"if","locations":[{"start":{"line":695,"column":4},"end":{"line":706,"column":null}},{"start":{},"end":{}}],"line":695},"135":{"loc":{"start":{"line":696,"column":6},"end":{"line":705,"column":null}},"type":"if","locations":[{"start":{"line":696,"column":6},"end":{"line":705,"column":null}},{"start":{"line":699,"column":6},"end":{"line":705,"column":null}}],"line":696},"136":{"loc":{"start":{"line":699,"column":6},"end":{"line":705,"column":null}},"type":"if","locations":[{"start":{"line":699,"column":6},"end":{"line":705,"column":null}},{"start":{"line":702,"column":13},"end":{"line":705,"column":null}}],"line":699},"137":{"loc":{"start":{"line":709,"column":2},"end":{"line":709,"column":null}},"type":"if","locations":[{"start":{"line":709,"column":2},"end":{"line":709,"column":null}},{"start":{},"end":{}}],"line":709},"138":{"loc":{"start":{"line":733,"column":11},"end":{"line":733,"column":null}},"type":"binary-expr","locations":[{"start":{"line":733,"column":11},"end":{"line":733,"column":31}},{"start":{"line":733,"column":31},"end":{"line":733,"column":46}},{"start":{"line":733,"column":46},"end":{"line":733,"column":null}}],"line":733},"139":{"loc":{"start":{"line":764,"column":20},"end":{"line":764,"column":null}},"type":"binary-expr","locations":[{"start":{"line":764,"column":20},"end":{"line":764,"column":45}},{"start":{"line":764,"column":45},"end":{"line":764,"column":null}}],"line":764},"140":{"loc":{"start":{"line":770,"column":4},"end":{"line":784,"column":null}},"type":"if","locations":[{"start":{"line":770,"column":4},"end":{"line":784,"column":null}},{"start":{},"end":{}}],"line":770},"141":{"loc":{"start":{"line":793,"column":2},"end":{"line":802,"column":null}},"type":"if","locations":[{"start":{"line":793,"column":2},"end":{"line":802,"column":null}},{"start":{},"end":{}}],"line":793},"142":{"loc":{"start":{"line":821,"column":2},"end":{"line":885,"column":null}},"type":"switch","locations":[{"start":{"line":822,"column":4},"end":{"line":826,"column":null}},{"start":{"line":827,"column":4},"end":{"line":839,"column":null}},{"start":{"line":840,"column":4},"end":{"line":856,"column":null}},{"start":{"line":857,"column":4},"end":{"line":883,"column":null}}],"line":821},"143":{"loc":{"start":{"line":823,"column":22},"end":{"line":823,"column":null}},"type":"binary-expr","locations":[{"start":{"line":823,"column":22},"end":{"line":823,"column":53}},{"start":{"line":823,"column":53},"end":{"line":823,"column":null}}],"line":823},"144":{"loc":{"start":{"line":830,"column":29},"end":{"line":830,"column":52}},"type":"binary-expr","locations":[{"start":{"line":830,"column":29},"end":{"line":830,"column":42}},{"start":{"line":830,"column":42},"end":{"line":830,"column":52}}],"line":830},"145":{"loc":{"start":{"line":831,"column":35},"
[...]
:33,"s:215:8:215:Infinity":85,"s:216:8:216:Infinity":86,"b:218:6:219:Infinity:undefined:undefined:undefined:undefined":34,"s:218:6:219:Infinity":87,"s:219:8:219:Infinity":88,"b:220:6:220:Infinity:undefined:undefined:undefined:undefined":35,"s:220:6:220:Infinity":89,"s:220:35:220:Infinity":90,"b:221:6:221:Infinity:undefined:undefined:undefined:undefined":36,"s:221:6:221:Infinity":91,"s:221:33:221:Infinity":92,"b:222:6:222:Infinity:undefined:undefined:undefined:undefined":37,"s:222:6:222:Infinity":93,"s:222:38:222:Infinity":94,"b:223:6:223:Infinity:undefined:undefined:undefined:undefined":38,"s:223:6:223:Infinity":95,"s:223:37:223:Infinity":96,"b:224:6:224:Infinity:undefined:undefined:undefined:undefined":39,"s:224:6:224:Infinity":97,"s:224:37:224:Infinity":98,"b:225:6:225:Infinity:undefined:undefined:undefined:undefined":40,"s:225:6:225:Infinity":99,"b:225:10:225:36:225:36:225:60":41,"s:225:60:225:Infinity":100,"b:230:2:230:Infinity:undefined:undefined:undefined:undefined":42,"s:230:2:230:Infinity":101,"s:230:20:230:Infinity":102,"b:231:2:231:Infinity:undefined:undefined:undefined:undefined":43,"s:231:2:231:Infinity":103,"s:231:20:231:Infinity":104,"b:232:2:232:Infinity:undefined:undefined:undefined:undefined":44,"s:232:2:232:Infinity":105,"s:232:16:232:Infinity":106,"b:233:2:236:Infinity:undefined:undefined:undefined:undefined":45,"s:233:2:236:Infinity":107,"s:234:19:234:Infinity":108,"s:235:4:235:Infinity":109,"b:237:2:237:Infinity:undefined:undefined:undefined:undefined":46,"s:237:2:237:Infinity":110,"s:237:24:237:Infinity":111,"s:240:2:240:Infinity":112,"s:241:2:241:Infinity":113,"b:242:2:246:Infinity:undefined:undefined:undefined:undefined":47,"s:242:2:246:Infinity":114,"s:243:4:245:Infinity":115,"b:247:2:252:Infinity:undefined:undefined:undefined:undefined":48,"s:247:2:252:Infinity":116,"b:248:4:248:Infinity:249:4:249:Infinity":49,"f:249:22:249:23":6,"s:249:29:249:83":117,"b:249:29:249:55:249:55:249:83":50,"s:251:4:251:Infinity":118,"b:253:2:258:Infinity:undefined:undefined:undefined:undefined":51,"s:253:2:258:Infinity":119,"b:254:4:254:Infinity:255:4:255:Infinity":52,"f:255:22:255:23":7,"s:255:29:255:86":120,"b:255:29:255:55:255:55:255:86":53,"s:257:4:257:Infinity":121,"s:259:2:259:Infinity":122,"s:262:25:262:Infinity":123,"s:263:2:263:Infinity":124,"s:266:24:266:Infinity":125,"b:267:2:267:Infinity:undefined:undefined:undefined:undefined":54,"s:267:2:267:Infinity":126,"s:267:21:267:Infinity":127,"b:270:2:274:Infinity:undefined:undefined:undefined:undefined":55,"s:270:2:274:Infinity":128,"s:271:4:273:Infinity":129,"s:272:6:272:Infinity":130,"b:278:2:280:Infinity:undefined:undefined:undefined:undefined":56,"s:278:2:280:Infinity":131,"f:278:24:278:25":8,"s:278:31:278:48":132,"s:279:4:279:Infinity":133,"b:281:2:284:Infinity:undefined:undefined:undefined:undefined":57,"s:281:2:284:Infinity":134,"s:282:19:282:Infinity":135,"s:283:4:283:Infinity":136,"s:286:2:286:Infinity":137,"f:289:9:289:26":9,"b:291:4:292:Infinity:293:4:294:Infinity:295:4:296:Infinity:297:4:298:Infinity":58,"s:290:2:299:Infinity":138,"s:292:6:292:Infinity":139,"s:294:6:294:Infinity":140,"s:296:6:296:Infinity":141,"s:298:6:298:Infinity":142,"f:302:9:302:33":10,"s:303:28:303:Infinity":143,"s:304:13:304:Infinity":144,"s:305:15:305:Infinity":145,"b:305:15:305:37:305:37:305:Infinity":59,"s:306:14:306:Infinity":146,"b:306:14:306:40:306:40:306:Infinity":60,"s:308:2:310:Infinity":147,"b:313:2:324:Infinity:321:9:324:Infinity":61,"s:313:2:324:Infinity":148,"s:314:4:314:Infinity":149,"s:315:17:315:Infinity":150,"b:315:17:315:37:315:37:315:Infinity":62,"s:316:17:316:Infinity":151,"b:316:17:316:37:316:37:316:Infinity":63,"s:317:23:317:Infinity":152,"b:318:4:318:Infinity:undefined:undefined:undefined:undefined":64,"s:318:4:318:Infinity":153,"s:318:20:318:Infinity":154,"s:319:23:319:Infinity":155,"b:320:4:320:Infinity:undefined:undefined:undefined:undefined":65,"s:320:4:320:Infinity":156,"s:320:20:320:Infinity":157,"s:322:23:322:Infinity":158,"b:323:4:323:Infinity:undefined:undefined:undefined:undefined":66,"s:323:4:323:Infinity":159,"s:323:20:323:Infinity":160,"s:327:20:327:Infinity":161,"b:328:2:328:Infinity:undefined:undefined:undefined:undefined":67,"s:328:2:328:Infinity":162,"s:328:17:328:Infinity":163,"s:330:2:330:Infinity":164,"s:333:60:343:Infinity":165,"s:345:61:363:Infinity":166,"s:365:68:372:Infinity":167,"s:374:69:385:Infinity":168,"f:389:9:389:28":11,"s:390:25:390:Infinity":169,"b:392:4:394:Infinity:395:4:398:Infinity:399:4:402:Infinity:403:4:406:Infinity:407:4:409:Infinity:410:4:417:Infinity":68,"s:391:2:419:Infinity":170,"s:393:6:393:Infinity":171,"b:393:28:393:46:393:46:393:54":69,"s:394:6:394:Infinity":172,"s:396:6:396:Infinity":173,"b:396:24:396:43:396:43:396:67":70,"s:397:6:397:Infinity":174,"b:397:27:397:49:397:49:397:51":71,"s:398:6:398:Infinity":175,"s:400:6:400:Infinity":176,"b:400:24:400:46:400:46:400:83":72,"s:401:6:401:Infinity":177,"b:401:26:401:50:401:50:401:65":73,"s:402:6:402:Infinity":178,"s:404:6:404:Infinity":179,"b:404:24:404:48:404:48:404:67":74,"s:405:6:405:Infinity":180,"b:405:26:405:52:405:52:405:67":75,"s:406:6:406:Infinity":181,"s:408:6:408:Infinity":182,"b:408:29:408:54:408:54:408:65":76,"s:409:6:409:Infinity":183,"s:411:6:411:Infinity":184,"b:411:27:411:46:411:46:411:59":77,"s:412:6:412:Infinity":185,"b:412:24:412:40:412:40:412:49":78,"s:413:6:413:Infinity":186,"b:413:33:413:57:413:57:413:80":79,"s:414:6:414:Infinity":187,"b:414:34:414:58:414:58:414:70":80,"s:415:6:415:Infinity":188,"b:415:38:415:66:415:66:415:78":81,"s:416:6:416:Infinity":189,"b:416:32:416:55:416:55:416:66":82,"s:417:6:417:Infinity":190,"s:420:2:420:Infinity":191,"f:423:9:423:36":12,"s:424:15:424:Infinity":192,"b:424:15:424:35:424:35:424:Infinity":83,"s:425:15:425:Infinity":193,"b:425:15:425:35:425:35:425:Infinity":84,"s:426:23:426:Infinity":194,"b:426:23:426:46:426:46:426:Infinity":85,"s:428:20:428:Infinity":195,"s:429:19:429:Infinity":196,"s:430:19:432:Infinity":197,"b:431:6:431:Infinity:432:6:432:Infinity":86,"s:434:20:434:Infinity":198,"s:435:19:435:Infinity":199,"s:436:19:438:Infinity":200,"b:437:6:437:Infinity:438:6:438:Infinity":87,"s:440:2:440:Infinity":201,"f:443:9:443:32":13,"s:444:25:444:Infinity":202,"b:446:4:448:Infinity:449:4:449:Infinity:450:4:450:Infinity:451:4:451:Infinity:452:4:463:Infinity":88,"s:445:2:465:Infinity":203,"s:447:6:447:Infinity":204,"b:447:28:447:45:447:45:447:58":89,"s:448:6:448:Infinity":205,"s:453:6:453:Infinity":206,"b:453:27:453:43:453:43:453:53":90,"s:454:6:454:Infinity":207,"b:454:27:454:43:454:43:454:45":91,"s:455:6:455:Infinity":208,"b:455:33:455:54:455:54:455:77":92,"s:456:6:456:Infinity":209,"b:456:34:456:55:456:55:456:67":93,"s:457:6:457:Infinity":210,"b:457:38:457:63:457:63:457:75":94,"s:458:6:458:Infinity":211,"b:458:32:458:52:458:52:458:63":95,"b:459:6:462:Infinity:undefined:undefined:undefined:undefined":96,"s:459:6:462:Infinity":212,"s:460:8:460:Infinity":213,"b:460:31:460:48:460:48:460:84":97,"s:461:8:461:Infinity":214,"b:461:35:461:56:461:56:461:67":98,"s:463:6:463:Infinity":215,"s:466:2:466:Infinity":216,"f:471:16:471:40":14,"s:472:34:472:Infinity":217,"s:474:2:478:Infinity":218,"b:475:4:477:Infinity:undefined:undefined:undefined:undefined":99,"s:475:4:477:Infinity":219,"s:476:6:476:Infinity":220,"b:480:2:480:Infinity:undefined:undefined:undefined:undefined":100,"s:480:2:480:Infinity":221,"s:480:26:480:Infinity":222,"s:482:2:482:Infinity":223,"f:485:9:485:28":15,"s:486:16:486:Infinity":224,"b:487:2:493:Infinity:489:9:493:Infinity":101,"s:487:2:493:Infinity":225,"s:488:4:488:Infinity":226,"s:490:4:492:Infinity":227,"s:491:6:491:Infinity":228,"s:494:2:494:Infinity":229,"f:499:16:499:45":16,"s:500:44:500:Infinity":230,"s:502:2:506:Infinity":231,"b:503:4:505:Infinity:undefined:undefined:undefined:undefined":102,"s:503:4:505:Infinity":232,"b:503:8:503:38:503:38:503:56":103,"s:504:6:504:Infinity":233,"b:508:2:508:Infinity:undefined:undefined:undefined:undefined":104,"s:508:2:508:Infinity":234,"s:508:31:508:Infinity":235,"s:510:2:510:Infinity":236,"f:513:9:513:33":17,"s:514:18:514:Infinity":237,"b:515:2:519:Infinity:517:2:519:Infinity":105,"s:515:2:519:Infinity":238,"s:516:4:516:Infinity":239,"b:517:2:519:Infinity:undefined:undefined:undefined:undefined":106,"s:517:2:519:Infinity":240,"s:518:4:518:Infinity":241,"s:520:26:520:Infinity":242,"b:522:2:537:Infinity:524:9:537:Infinity":107,"s:522:2:537:Infinity":243,"s:523:4:523:Infinity":244,"s:526:27:528:Infinity":245,"f:527:6:527:7":18,"s:527:13:527:Infinity":246,"b:527:13:527:28:527:28:527:Infinity":108,"s:529:28:531:Infinity":247,"f:530:6:530:7":19,"s:530:13:530:Infinity":248,"b:530:13:530:27:530:27:530:Infinity":109,"s:532:26:532:Infinity":249,"s:534:4:536:Infinity":250,"s:535:6:535:Infinity":251,"s:539:2:539:Infinity":252,"f:544:16:544:41":20,"s:545:26:545:Infinity":253,"s:547:2:553:Infinity":254,"b:548:4:552:Infinity:550:11:552:Infinity":110,"s:548:4:552:Infinity":255,"s:549:6:549:Infinity":256,"s:551:6:551:Infinity":257,"s:555:2:555:Infinity":258,"f:558:16:558:Infinity":21,"s:562:20:562:Infinity":259,"b:562:43:562:57:562:57:562:Infinity":111,"s:563:26:563:Infinity":260,"b:565:2:568:Infinity:undefined:undefined:undefined:undefined":112,"s:565:2:568:Infinity":261,"s:566:4:566:Infinity":262,"s:567:4:567:Infinity":263,"s:572:25:574:Infinity":264,"f:573:4:573:5":22,"s:573:11:573:Infinity":265,"b:573:11:573:26:573:26:573:Infinity":113,"s:575:26:577:Infinity":266,"f:576:4:576:5":23,"s:576:11:576:Infinity":267,"b:576:11:576:25:576:25:576:Infinity":114,"s:578:24:578:Infinity":268,"s:580:2:582:Infinity":269,"s:581:4:581:Infinity":270,"s:584:2:584:Infinity":271,"f:587:16:587:34":24,"s:588:18:588:Infinity":272,"s:589:13:589:Infinity":273,"b:592:2:596:Infinity:594:2:596:Infinity":115,"s:592:2:596:Infinity":274,"b:592:6:592:24:592:24:592:40":116,"s:593:4:593:Infinity":275,"b:594:2:596:Infinity:undefined:undefined:undefined:undefined":117,"s:594:2:596:Infinity":276,"s:595:4:595:Infinity":277,"s:598:2:598:Infinity":278,"f:601:16:601:33":25,"b:605:4:607:Infinity:608:4:610:Infinity:611:4:613:Infinity:614:4:616:Infinity:617:4:619:Infinity:620:4:622:Infinity:623:4:634:Infinity:635:4:640:Infinity:641:4:648:Infinity:649:4:653:Infinity:654:4:658:Infinity:659:4:662:Infinity:663:4:664:Infinity":118,"s:604:2:665:Infinity":279,"s:606:6:606:Infinity":280,"s:607:6:607:Infinity":281,"s:609:6:609:Infinity":282,"s:610:6:610:Infinity":283,"s:612:6:612:Infinity":284,"s:613:6:613:Infinity":285,"s:615:6:615:Infinity":286,"s:616:6:616:Infinity":287,"s:618:6:618:Infinity":288,"s:619:6:619:Infinity":289,"s:622:6:622:Infinity":290,"s:624:18:624:Infinity":291,"b:625:6:625:Infinity:undefined:undefined:undefined:undefined":119,"s:625:6:625:Infinity":292,"s:625:16:625:Infinity":293,"s:627:8:629:Infinity":294,"b:628:12:628:Infinity:629:12:629:Infinity":120,"s:630:24:630:Infinity":295,"b:630:41:630:56:630:56:630:Infinity":121,"s:631:24:631:Infinity":296,"b:632:6:632:Infinity:undefined:undefined:undefined:undefined":122,"s:632:6:632:Infinity":297,"s:632:24:632:Infinity":298,"s:633:6:633:Infinity":299,"s:636:21:636:Infinity":300,"b:637:6:637:Infinity:undefined:undefined:undefined:undefined":123,"s:637:6:637:Infinity":301,"s:637:19:637:Infinity":302,"s:638:24:638:Infinity":303,"b:638:41:638:59:638:59:638:Infinity":124,"s:639:6:639:Infinity":304,"b:642:6:646:Infinity:644:13:646:Infinity":125,"s:642:6:646:Infinity":305,"b:642:10:642:31:642:31:642:52":126,"s:643:8:643:Infinity":306,"s:645:8:645:Infinity":307,"s:647:6:647:Infinity":308,"b:650:6:650:Infinity:undefined:undefined:undefined:undefined":127,"s:650:6:650:Infinity":309,"s:650:29:650:Infinity":310,"s:651:6:651:Infinity":311,"s:652:6:652:Infinity":312,"b:655:6:655:Infinity:undefined:undefined:undefined:undefined":128,"s:655:6:655:Infinity":313,"b:655:10:655:33:655:33:655:66":129,"s:655:66:655:Infinity":314,"s:656:6:656:Infinity":315,"s:657:6:657:Infinity":316,"s:662:6:662:Infinity":317,"s:664:6:664:Infinity":318,"b:668:2:670:Infinity:undefined:undefined:undefined:undefined":130,"s:668:2:670:Infinity":319,"b:668:6:668:29:668:29:668:49":131,"s:669:4:669:Infinity":320,"b:673:2:675:Infinity:undefined:undefined:undefined:undefined":132,"s:673:2:675:Infinity":321,"s:674:4:674:Infinity":322,"b:678:2:680:Infinity:undefined:undefined:undefined:undefined":133,"s:678:2:680:Infinity":323,"s:679:4:679:Infinity":324,"s:682:2:682:Infinity":325,"f:685:9:685:25":26,"s:686:2:686:Infinity":326,"f:691:16:691:35":27,"s:692:26:692:Infinity":327,"s:694:2:707:Infinity":328,"b:695:4:706:Infinity:undefined:undefined:undefined:undefined":134,"s:695:4:706:Infinity":329,"b:696:6:705:Infinity:699:6:705:Infinity":135,"s:696:6:705:Infinity":330,"s:698:8:698:Infinity":331,"b:699:6:705:Infinity:702:13:705:Infinity":136,"s:699:6:705:Infinity":332,"s:701:8:701:Infinity":333,"s:704:8:704:Infinity":334,"b:709:2:709:Infinity:undefined:undefined:undefined:undefined":137,"s:709:2:709:Infinity":335,"s:709:26:709:Infinity":336,"s:711:2:711:Infinity":337,"f:714:16:714:50":28,"s:715:17:715:Infinity":338,"s:716:2:720:Infinity":339,"f:723:16:723:42":29,"s:724:17:724:Infinity":340,"s:725:16:729:Infinity":341,"s:732:20:734:Infinity":342,"f:733:4:733:5":30,"s:733:11:733:Infinity":343,"b:733:11:733:31:733:31:733:46:733:46:733:Infinity":138,"s:735:2:740:Infinity":344,"s:736:4:739:Infinity":345,"s:742:2:745:Infinity":346,"s:747:2:747:Infinity":347,"f:752:16:752:33":31,"s:753:26:753:Infinity":348,"s:756:2:756:Infinity":349,"s:757:2:757:Infinity":350,"s:758:2:758:Infinity":351,"s:759:2:759:Infinity":352,"s:762:2:762:Infinity":353,"s:763:2:763:Infinity":354,"s:764:20:764:Infinity":355,"b:764:20:764:45:764:45:764:Infinity":139,"s:765:17:765:Infinity":356,"s:766:2:785:Infinity":357,"s:766:15:766:18":358,"s:767:4:767:Infinity":359,"s:768:4:768:Infinity":360,"b:770:4:784:Infinity:undefined:undefined:undefined:undefined":140,"s:770:4:784:Infinity":361,"s:771:6:771:Infinity":362,"s:772:6:772:Infinity":363,"s:773:6:773:Infinity":364,"s:774:6:774:Infinity":365,"s:775:6:775:Infinity":366,"s:776:6:776:Infinity":367,"s:777:6:777:Infinity":368,"s:778:6:778:Infinity":369,"s:779:6:779:Infinity":370,"s:780:6:780:Infinity":371,"s:781:6:781:Infinity":372,"s:782:6:782:Infinity":373,"s:783:6:783:Infinity":374,"s:788:2:788:Infinity":375,"s:789:2:789:Infinity":376,"s:790:2:790:Infinity":377,"s:791:2:791:Infinity":378,"b:793:2:802:Infinity:undefined:undefined:undefined:undefined":141,"s:793:2:802:Infinity":379,"s:794:4:794:Infinity":380,"s:795:4:795:Infinity":381,"s:796:4:796:Infinity":382,"s:797:4:797:Infinity":383,"s:798:4:798:Infinity":384,"s:799:4:799:Infinity":385,"s:800:4:800:Infinity":386,"s:801:4:801:Infinity":387,"s:804:2:804:Infinity":388,"s:805:2:805:Infinity":389,"s:806:2:806:Infinity":390,"s:808:2:808:Infinity":391,"s:809:2:809:Infinity":392,"s:810:2:812:Infinity":393,"s:814:2:814:Infinity":394,"f:817:16:817:38":32,"s:818:25:818:Infinity":395,"b:822:4:826:Infinity:827:4:839:Infinity:840:4:856:Infinity:857:4:883:Infinity":142,"s:821:2:885:Infinity":396,"s:823:22:823:Infinity":397,"b:823:22:823:53:823:53:823:Infinity":143,"s:824:6:824:Infinity":398,"s:825:6:825:Infinity":399,"s:828:17:828:Infinity":400,"s:829:31:829:Infinity":401,"s:830:6:830:Infinity":402,"b:830:29:830:42:830:42:830:52":144,"s:831:6:831:Infinity":403,"b:831:35:831:53:831:53:831:76":145,"s:832:6:832:Infinity":404,"b:832:36:832:54:832:54:832:66":146,"s:833:6:833:Infinity":405,"b:833:40:833:62:833:62:833:74":147,"s:834:6:834:Infinity":406,"b:834:34:834:51:834:51:834:62":148,"s:835:6:837:Infinity":407,"s:838:6:838:Infinity":408,"s:841:17:841:Infinity":409,"s:842:31:842:Infinity":410,"s:843:6:843:Infinity":411,"b:843:40:843:63:843:63:843:107":149,"s:844:6:844:Infinity":412,"b:844:32:844:47:844:47:844:57":150,"s:845:6:845:Infinity":413,"b:845:38:845:58:845:58:845:81":151,"s:846:6:846:Infinity":414,"b:846:32:846:47:846:47:846:58":152,"s:847:6:847:Infinity":415,"b:847:39:847:59:847:59:847:71":153,"s:848:6:848:Infinity":416,"b:848:43:848:67:848:67:848:79":154,"s:849:6:849:Infinity":417,"b:849:35:849:53:849:53:849:55":155,"s:850:6:850:Infinity":418,"b:850:34:850:51:850:51:850:59":156,"s:851:6:851:Infinity":419,"b:851:34:851:51:851:51:851:66:851:66:851:76":157,"s:852:6:854:Infinity":420,"s:855:6:855:Infinity":421,"s:858:17:858:Infinity":422,"s:859:19:859:Infinity":423,"b:859:19:859:41:859:41:859:Infinity":158,"s:860:18:860:Infinity":424,"b:860:18:860:44:860:44:860:Infinity":159,"b:863:6:871:Infinity:865:13:871:Infinity":160,"s:863:6:871:Infinity":425,"s:864:8:864:Infinity":426,"s:866:26:866:Infinity":427,"s:867:25:867:Infinity":428,"s:868:8:870:Infinity":429,"b:869:12:869:Infinity:870:12:870:Infinity":161,"s:873:23:873:Infinity":430,"s:874:22:874:Infinity":431,"s:875:22:877:Infinity":432,"b:876:10:876:Infinity:877:10:877:Infinity":162,"s:879:6:881:Infinity":433,"s:882:6:882:Infinity":434,"b:888:2:890:Infinity:undefined:undefined:undefined:undefined":163,"s:888:2:890:Infinity":435,"s:889:4:889:Infinity":436,"b:893:2:895:Infinity:undefined:undefined:undefined:undefined":164,"s:893:2:895:Infinity":437,"s:894:4:894:Infinity":438,"b:898:2:902:Infinity:900:2:902:Infinity":165,"s:898:2:902:Infinity":439,"s:899:4:899:Infinity":440,"b:900:2:902:Infinity:undefined:undefined:undefined:undefined":166,"s:900:2:902:Infinity":441,"s:901:4:901:Infinity":442,"b:904:2:906:Infinity:undefined:undefined:undefined:undefined":167,"s:904:2:906:Infinity":443,"s:905:4:905:Infinity":444,"b:908:2:910:Infinity:undefined:undefined:undefined:undefined":168,"s:908:2:910:Infinity":445,"b:908:6:908:27:908:27:908:52":169,"s:909:4:909:Infinity":446,"s:912:2:912:Infinity":447,"f:915:16:915:Infinity":33,"s:918:25:918:Infinity":448,"s:922:4:924:Infinity":449,"b:923:8:923:Infinity:924:8:924:Infinity":170,"s:925:2:927:Infinity":450,"s:930:24:930:Infinity":451,"b:931:2:936:Infinity:undefined:undefined:undefined:undefined":171,"s:931:2:936:Infinity":452,"s:932:22:934:Infinity":453,"f:933:11:933:12":34,"s:933:18:933:46":454,"s:935:4:935:Infinity":455,"b:938:2:940:Infinity:undefined:undefined:undefined:undefined":172,"s:938:2:940:Infinity":456,"s:939:4:939:Infinity":457,"s:942:2:942:Infinity":458,"f:950:9:950:Infinity":35,"b:953:2:953:Infinity:undefined:undefined:undefined:undefined":173,"s:953:2:953:Infinity":459,"s:953:34:953:Infinity":460,"s:955:2:960:Infinity":461,"f:956:12:956:13":36,"s:956:19:956:30":462,"f:957:9:957:10":37,"s:957:17:960:6":463,"f:963:9:963:31":38,"b:965:4:966:Infinity:967:4:968:Infinity:969:4:970:Infinity:971:4:972:Infinity:973:4:974:Infinity:975:4:976:Infinity:977:4:978:Infinity:979:4:980:Infinity:981:4:982:Infinity:983:4:984:Infinity":174,"s:964:2:985:Infinity":464,"s:966:6:966:Infinity":465,"b:966:30:966:45:966:45:966:Infinity":175,"s:968:6:968:Infinity":466,"b:968:30:968:45:968:45:968:Infinity":176,"s:970:6:970:Infinity":467,"b:970:30:970:47:970:47:970:Infinity":177,"s:972:6:972:Infinity":468,"s:974:6:974:Infinity":469,"s:976:6:976:Infinity":470,"s:978:6:978:Infinity":471,"b:978:13:978:33:978:33:978:Infinity":178,"s:980:6:980:Infinity":472,"b:980:13:980:48:980:48:980:Infinity":179,"s:982:6:982:Infinity":473,"s:984:6:984:Infinity":474,"f:990:16:990:31":39,"s:991:2:1015:Infinity":475,"f:1011:19:1011:20":40,"s:1011:26:1011:80":476,"f:1024:9:1024:31":41,"b:1026:4:1027:Infinity:1028:4:1029:Infinity:1030:4:1031:Infinity:1032:4:1033:Infinity:1034:4:1038:Infinity":180,"s:1025:2:1039:Infinity":477,"s:1027:6:1027:Infinity":478,"s:1029:6:1029:Infinity":479,"b:1029:44:1029:75:1029:75:1029:83":181,"s:1031:6:1031:Infinity":480,"s:1033:6:1033:Infinity":481,"s:1035:19:1035:Infinity":482,"b:1035:19:1035:58:1035:58:1035:Infinity":182,"s:1036:18:1036:Infinity":483,"b:1036:18:1036:61:1036:61:1036:Infinity":183,"s:1037:6:1037:Infinity":484,"f:1044:16:1044:28":42,"s:1045:2:1048:Infinity":485}}}
,"/home/hychou/project/autocrud/autocrud-lib/wizard/src/lib/generator/index.ts": {"path":"/home/hychou/project/autocrud/autocrud-lib/wizard/src/lib/generator/index.ts","statementMap":{},"fnMap":{},"branchMap":{},"s":{},"f":{},"b":{},"meta":{"lastBranch":0,"lastFunction":0,"lastStatement":0,"seen":{}}}
}
